ARM GAS  C:\Users\Robert\AppData\Local\Temp\ccJJnYLo.s 			page 1


   1              		.syntax unified
   2              		.cpu cortex-m3
   3              		.fpu softvfp
   4              		.eabi_attribute 20, 1
   5              		.eabi_attribute 21, 1
   6              		.eabi_attribute 23, 3
   7              		.eabi_attribute 24, 1
   8              		.eabi_attribute 25, 1
   9              		.eabi_attribute 26, 1
  10              		.eabi_attribute 30, 6
  11              		.eabi_attribute 34, 1
  12              		.eabi_attribute 18, 4
  13              		.thumb
  14              		.file	"ADC_SAR_Seq_1_PM.c"
  15              		.text
  16              	.Ltext0:
  17              		.cfi_sections	.debug_frame
  18              		.section	.text.ADC_SAR_Seq_1_Sleep,"ax",%progbits
  19              		.align	2
  20              		.global	ADC_SAR_Seq_1_Sleep
  21              		.thumb
  22              		.thumb_func
  23              		.type	ADC_SAR_Seq_1_Sleep, %function
  24              	ADC_SAR_Seq_1_Sleep:
  25              	.LFB0:
  26              		.file 1 ".\\Generated_Source\\PSoC5\\ADC_SAR_Seq_1_PM.c"
   1:.\Generated_Source\PSoC5/ADC_SAR_Seq_1_PM.c **** /*******************************************************************************
   2:.\Generated_Source\PSoC5/ADC_SAR_Seq_1_PM.c **** * File Name: ADC_SAR_Seq_1_PM.c
   3:.\Generated_Source\PSoC5/ADC_SAR_Seq_1_PM.c **** * Version 1.10
   4:.\Generated_Source\PSoC5/ADC_SAR_Seq_1_PM.c **** *
   5:.\Generated_Source\PSoC5/ADC_SAR_Seq_1_PM.c **** * Description:
   6:.\Generated_Source\PSoC5/ADC_SAR_Seq_1_PM.c **** *  This file contains the setup, control and status commands to support
   7:.\Generated_Source\PSoC5/ADC_SAR_Seq_1_PM.c **** *  component operations in low power mode.
   8:.\Generated_Source\PSoC5/ADC_SAR_Seq_1_PM.c **** *
   9:.\Generated_Source\PSoC5/ADC_SAR_Seq_1_PM.c **** * Note:
  10:.\Generated_Source\PSoC5/ADC_SAR_Seq_1_PM.c **** *
  11:.\Generated_Source\PSoC5/ADC_SAR_Seq_1_PM.c **** ********************************************************************************
  12:.\Generated_Source\PSoC5/ADC_SAR_Seq_1_PM.c **** * Copyright 2012-2013, Cypress Semiconductor Corporation.  All rights reserved.
  13:.\Generated_Source\PSoC5/ADC_SAR_Seq_1_PM.c **** * You may use this file only in accordance with the license, terms, conditions,
  14:.\Generated_Source\PSoC5/ADC_SAR_Seq_1_PM.c **** * disclaimers, and limitations in the end user license agreement accompanying
  15:.\Generated_Source\PSoC5/ADC_SAR_Seq_1_PM.c **** * the software package with which this file was provided.
  16:.\Generated_Source\PSoC5/ADC_SAR_Seq_1_PM.c **** *******************************************************************************/
  17:.\Generated_Source\PSoC5/ADC_SAR_Seq_1_PM.c **** 
  18:.\Generated_Source\PSoC5/ADC_SAR_Seq_1_PM.c **** #include "ADC_SAR_Seq_1.h"
  19:.\Generated_Source\PSoC5/ADC_SAR_Seq_1_PM.c **** #include "ADC_SAR_Seq_1_SAR.h"
  20:.\Generated_Source\PSoC5/ADC_SAR_Seq_1_PM.c **** 
  21:.\Generated_Source\PSoC5/ADC_SAR_Seq_1_PM.c **** 
  22:.\Generated_Source\PSoC5/ADC_SAR_Seq_1_PM.c **** /*******************************************************************************
  23:.\Generated_Source\PSoC5/ADC_SAR_Seq_1_PM.c **** * Function Name: ADC_SAR_Seq_1_Sleep
  24:.\Generated_Source\PSoC5/ADC_SAR_Seq_1_PM.c **** ********************************************************************************
  25:.\Generated_Source\PSoC5/ADC_SAR_Seq_1_PM.c **** *
  26:.\Generated_Source\PSoC5/ADC_SAR_Seq_1_PM.c **** * Summary:
  27:.\Generated_Source\PSoC5/ADC_SAR_Seq_1_PM.c **** *  Stops the ADC operation and saves the configuration registers and component
  28:.\Generated_Source\PSoC5/ADC_SAR_Seq_1_PM.c **** *  enable state. Should be called just prior to entering sleep
  29:.\Generated_Source\PSoC5/ADC_SAR_Seq_1_PM.c **** *
  30:.\Generated_Source\PSoC5/ADC_SAR_Seq_1_PM.c **** * Parameters:
  31:.\Generated_Source\PSoC5/ADC_SAR_Seq_1_PM.c **** *  None.
ARM GAS  C:\Users\Robert\AppData\Local\Temp\ccJJnYLo.s 			page 2


  32:.\Generated_Source\PSoC5/ADC_SAR_Seq_1_PM.c **** *
  33:.\Generated_Source\PSoC5/ADC_SAR_Seq_1_PM.c **** * Return:
  34:.\Generated_Source\PSoC5/ADC_SAR_Seq_1_PM.c **** *  None.
  35:.\Generated_Source\PSoC5/ADC_SAR_Seq_1_PM.c **** *
  36:.\Generated_Source\PSoC5/ADC_SAR_Seq_1_PM.c **** * Side Effects:
  37:.\Generated_Source\PSoC5/ADC_SAR_Seq_1_PM.c **** *  None.
  38:.\Generated_Source\PSoC5/ADC_SAR_Seq_1_PM.c **** *
  39:.\Generated_Source\PSoC5/ADC_SAR_Seq_1_PM.c **** * Reentrant:
  40:.\Generated_Source\PSoC5/ADC_SAR_Seq_1_PM.c **** *  No.
  41:.\Generated_Source\PSoC5/ADC_SAR_Seq_1_PM.c **** *
  42:.\Generated_Source\PSoC5/ADC_SAR_Seq_1_PM.c **** *******************************************************************************/
  43:.\Generated_Source\PSoC5/ADC_SAR_Seq_1_PM.c **** void ADC_SAR_Seq_1_Sleep(void)
  44:.\Generated_Source\PSoC5/ADC_SAR_Seq_1_PM.c **** {
  27              		.loc 1 44 0
  28              		.cfi_startproc
  29              		@ args = 0, pretend = 0, frame = 0
  30              		@ frame_needed = 1, uses_anonymous_args = 0
  31 0000 80B5     		push	{r7, lr}
  32              		.cfi_def_cfa_offset 8
  33              		.cfi_offset 7, -8
  34              		.cfi_offset 14, -4
  35 0002 00AF     		add	r7, sp, #0
  36              		.cfi_def_cfa_register 7
  45:.\Generated_Source\PSoC5/ADC_SAR_Seq_1_PM.c ****     ADC_SAR_Seq_1_SAR_Sleep();
  37              		.loc 1 45 0
  38 0004 FFF7FEFF 		bl	ADC_SAR_Seq_1_SAR_Sleep
  46:.\Generated_Source\PSoC5/ADC_SAR_Seq_1_PM.c ****     ADC_SAR_Seq_1_Disable();
  39              		.loc 1 46 0
  40 0008 FFF7FEFF 		bl	ADC_SAR_Seq_1_Disable
  47:.\Generated_Source\PSoC5/ADC_SAR_Seq_1_PM.c **** }
  41              		.loc 1 47 0
  42 000c 80BD     		pop	{r7, pc}
  43              		.cfi_endproc
  44              	.LFE0:
  45              		.size	ADC_SAR_Seq_1_Sleep, .-ADC_SAR_Seq_1_Sleep
  46 000e 00BF     		.section	.text.ADC_SAR_Seq_1_Wakeup,"ax",%progbits
  47              		.align	2
  48              		.global	ADC_SAR_Seq_1_Wakeup
  49              		.thumb
  50              		.thumb_func
  51              		.type	ADC_SAR_Seq_1_Wakeup, %function
  52              	ADC_SAR_Seq_1_Wakeup:
  53              	.LFB1:
  48:.\Generated_Source\PSoC5/ADC_SAR_Seq_1_PM.c **** 
  49:.\Generated_Source\PSoC5/ADC_SAR_Seq_1_PM.c **** 
  50:.\Generated_Source\PSoC5/ADC_SAR_Seq_1_PM.c **** /*******************************************************************************
  51:.\Generated_Source\PSoC5/ADC_SAR_Seq_1_PM.c **** * Function Name: ADC_SAR_Seq_1_Wakeup
  52:.\Generated_Source\PSoC5/ADC_SAR_Seq_1_PM.c **** ********************************************************************************
  53:.\Generated_Source\PSoC5/ADC_SAR_Seq_1_PM.c **** *
  54:.\Generated_Source\PSoC5/ADC_SAR_Seq_1_PM.c **** * Summary:
  55:.\Generated_Source\PSoC5/ADC_SAR_Seq_1_PM.c **** *  Restores the component enable state and configuration registers. This should
  56:.\Generated_Source\PSoC5/ADC_SAR_Seq_1_PM.c **** *  be called just after awaking from sleep mode
  57:.\Generated_Source\PSoC5/ADC_SAR_Seq_1_PM.c **** *
  58:.\Generated_Source\PSoC5/ADC_SAR_Seq_1_PM.c **** * Parameters:
  59:.\Generated_Source\PSoC5/ADC_SAR_Seq_1_PM.c **** *  None.
  60:.\Generated_Source\PSoC5/ADC_SAR_Seq_1_PM.c **** *
  61:.\Generated_Source\PSoC5/ADC_SAR_Seq_1_PM.c **** * Return:
ARM GAS  C:\Users\Robert\AppData\Local\Temp\ccJJnYLo.s 			page 3


  62:.\Generated_Source\PSoC5/ADC_SAR_Seq_1_PM.c **** *  None.
  63:.\Generated_Source\PSoC5/ADC_SAR_Seq_1_PM.c **** *
  64:.\Generated_Source\PSoC5/ADC_SAR_Seq_1_PM.c **** * Side Effects:
  65:.\Generated_Source\PSoC5/ADC_SAR_Seq_1_PM.c **** *  None.
  66:.\Generated_Source\PSoC5/ADC_SAR_Seq_1_PM.c **** *
  67:.\Generated_Source\PSoC5/ADC_SAR_Seq_1_PM.c **** * Reentrant:
  68:.\Generated_Source\PSoC5/ADC_SAR_Seq_1_PM.c **** *  No.
  69:.\Generated_Source\PSoC5/ADC_SAR_Seq_1_PM.c **** *
  70:.\Generated_Source\PSoC5/ADC_SAR_Seq_1_PM.c **** *******************************************************************************/
  71:.\Generated_Source\PSoC5/ADC_SAR_Seq_1_PM.c **** void ADC_SAR_Seq_1_Wakeup(void)
  72:.\Generated_Source\PSoC5/ADC_SAR_Seq_1_PM.c **** {
  54              		.loc 1 72 0
  55              		.cfi_startproc
  56              		@ args = 0, pretend = 0, frame = 0
  57              		@ frame_needed = 1, uses_anonymous_args = 0
  58 0000 80B5     		push	{r7, lr}
  59              		.cfi_def_cfa_offset 8
  60              		.cfi_offset 7, -8
  61              		.cfi_offset 14, -4
  62 0002 00AF     		add	r7, sp, #0
  63              		.cfi_def_cfa_register 7
  73:.\Generated_Source\PSoC5/ADC_SAR_Seq_1_PM.c ****     ADC_SAR_Seq_1_Enable();
  64              		.loc 1 73 0
  65 0004 FFF7FEFF 		bl	ADC_SAR_Seq_1_Enable
  74:.\Generated_Source\PSoC5/ADC_SAR_Seq_1_PM.c ****     ADC_SAR_Seq_1_SAR_Wakeup();
  66              		.loc 1 74 0
  67 0008 FFF7FEFF 		bl	ADC_SAR_Seq_1_SAR_Wakeup
  75:.\Generated_Source\PSoC5/ADC_SAR_Seq_1_PM.c **** 
  76:.\Generated_Source\PSoC5/ADC_SAR_Seq_1_PM.c ****     #if(ADC_SAR_Seq_1_SAMPLE_MODE == ADC_SAR_Seq_1_SAMPLE_MODE_FREE_RUNNING)
  77:.\Generated_Source\PSoC5/ADC_SAR_Seq_1_PM.c ****         ADC_SAR_Seq_1_SAR_StartConvert();
  68              		.loc 1 77 0
  69 000c FFF7FEFF 		bl	ADC_SAR_Seq_1_SAR_StartConvert
  78:.\Generated_Source\PSoC5/ADC_SAR_Seq_1_PM.c ****     #endif /* (ADC_SAR_Seq_1_SAMPLE_MODE == ADC_SAR_Seq_1_SAMPLE_MODE_FREE_RUNNING) */
  79:.\Generated_Source\PSoC5/ADC_SAR_Seq_1_PM.c **** 
  80:.\Generated_Source\PSoC5/ADC_SAR_Seq_1_PM.c ****     (void) CY_GET_REG8(ADC_SAR_Seq_1_STATUS_PTR);
  70              		.loc 1 80 0
  71 0010 014B     		ldr	r3, .L3
  72 0012 1B78     		ldrb	r3, [r3]
  81:.\Generated_Source\PSoC5/ADC_SAR_Seq_1_PM.c **** 
  82:.\Generated_Source\PSoC5/ADC_SAR_Seq_1_PM.c **** }
  73              		.loc 1 82 0
  74 0014 80BD     		pop	{r7, pc}
  75              	.L4:
  76 0016 00BF     		.align	2
  77              	.L3:
  78 0018 61640040 		.word	1073767521
  79              		.cfi_endproc
  80              	.LFE1:
  81              		.size	ADC_SAR_Seq_1_Wakeup, .-ADC_SAR_Seq_1_Wakeup
  82              		.section	.text.ADC_SAR_Seq_1_SaveConfig,"ax",%progbits
  83              		.align	2
  84              		.global	ADC_SAR_Seq_1_SaveConfig
  85              		.thumb
  86              		.thumb_func
  87              		.type	ADC_SAR_Seq_1_SaveConfig, %function
  88              	ADC_SAR_Seq_1_SaveConfig:
  89              	.LFB2:
ARM GAS  C:\Users\Robert\AppData\Local\Temp\ccJJnYLo.s 			page 4


  83:.\Generated_Source\PSoC5/ADC_SAR_Seq_1_PM.c **** 
  84:.\Generated_Source\PSoC5/ADC_SAR_Seq_1_PM.c **** 
  85:.\Generated_Source\PSoC5/ADC_SAR_Seq_1_PM.c **** /*******************************************************************************
  86:.\Generated_Source\PSoC5/ADC_SAR_Seq_1_PM.c **** * Function Name: ADC_SAR_Seq_1_SaveConfig
  87:.\Generated_Source\PSoC5/ADC_SAR_Seq_1_PM.c **** ********************************************************************************
  88:.\Generated_Source\PSoC5/ADC_SAR_Seq_1_PM.c **** *
  89:.\Generated_Source\PSoC5/ADC_SAR_Seq_1_PM.c **** * Summary:
  90:.\Generated_Source\PSoC5/ADC_SAR_Seq_1_PM.c **** *  Save the current configuration of ADC non-retention registers
  91:.\Generated_Source\PSoC5/ADC_SAR_Seq_1_PM.c **** *
  92:.\Generated_Source\PSoC5/ADC_SAR_Seq_1_PM.c **** * Parameters:
  93:.\Generated_Source\PSoC5/ADC_SAR_Seq_1_PM.c **** *  None.
  94:.\Generated_Source\PSoC5/ADC_SAR_Seq_1_PM.c **** *
  95:.\Generated_Source\PSoC5/ADC_SAR_Seq_1_PM.c **** * Return:
  96:.\Generated_Source\PSoC5/ADC_SAR_Seq_1_PM.c **** *  None.
  97:.\Generated_Source\PSoC5/ADC_SAR_Seq_1_PM.c **** *
  98:.\Generated_Source\PSoC5/ADC_SAR_Seq_1_PM.c **** * Side Effects:
  99:.\Generated_Source\PSoC5/ADC_SAR_Seq_1_PM.c **** *  None.
 100:.\Generated_Source\PSoC5/ADC_SAR_Seq_1_PM.c **** *
 101:.\Generated_Source\PSoC5/ADC_SAR_Seq_1_PM.c **** * Reentrant:
 102:.\Generated_Source\PSoC5/ADC_SAR_Seq_1_PM.c **** *  No.
 103:.\Generated_Source\PSoC5/ADC_SAR_Seq_1_PM.c **** *
 104:.\Generated_Source\PSoC5/ADC_SAR_Seq_1_PM.c **** *******************************************************************************/
 105:.\Generated_Source\PSoC5/ADC_SAR_Seq_1_PM.c **** void ADC_SAR_Seq_1_SaveConfig(void)
 106:.\Generated_Source\PSoC5/ADC_SAR_Seq_1_PM.c **** {
  90              		.loc 1 106 0
  91              		.cfi_startproc
  92              		@ args = 0, pretend = 0, frame = 0
  93              		@ frame_needed = 1, uses_anonymous_args = 0
  94              		@ link register save eliminated.
  95 0000 80B4     		push	{r7}
  96              		.cfi_def_cfa_offset 4
  97              		.cfi_offset 7, -4
  98 0002 00AF     		add	r7, sp, #0
  99              		.cfi_def_cfa_register 7
 107:.\Generated_Source\PSoC5/ADC_SAR_Seq_1_PM.c **** 
 108:.\Generated_Source\PSoC5/ADC_SAR_Seq_1_PM.c **** }
 100              		.loc 1 108 0
 101 0004 BD46     		mov	sp, r7
 102              		.cfi_def_cfa_register 13
 103              		@ sp needed
 104 0006 5DF8047B 		ldr	r7, [sp], #4
 105              		.cfi_restore 7
 106              		.cfi_def_cfa_offset 0
 107 000a 7047     		bx	lr
 108              		.cfi_endproc
 109              	.LFE2:
 110              		.size	ADC_SAR_Seq_1_SaveConfig, .-ADC_SAR_Seq_1_SaveConfig
 111              		.section	.text.ADC_SAR_Seq_1_RestoreConfig,"ax",%progbits
 112              		.align	2
 113              		.global	ADC_SAR_Seq_1_RestoreConfig
 114              		.thumb
 115              		.thumb_func
 116              		.type	ADC_SAR_Seq_1_RestoreConfig, %function
 117              	ADC_SAR_Seq_1_RestoreConfig:
 118              	.LFB3:
 109:.\Generated_Source\PSoC5/ADC_SAR_Seq_1_PM.c **** 
 110:.\Generated_Source\PSoC5/ADC_SAR_Seq_1_PM.c **** 
ARM GAS  C:\Users\Robert\AppData\Local\Temp\ccJJnYLo.s 			page 5


 111:.\Generated_Source\PSoC5/ADC_SAR_Seq_1_PM.c **** /*******************************************************************************
 112:.\Generated_Source\PSoC5/ADC_SAR_Seq_1_PM.c **** * Function Name: ADC_SAR_Seq_1_RestoreConfig
 113:.\Generated_Source\PSoC5/ADC_SAR_Seq_1_PM.c **** ********************************************************************************
 114:.\Generated_Source\PSoC5/ADC_SAR_Seq_1_PM.c **** *
 115:.\Generated_Source\PSoC5/ADC_SAR_Seq_1_PM.c **** * Summary:
 116:.\Generated_Source\PSoC5/ADC_SAR_Seq_1_PM.c **** *  Restores the configuration of ADC non-retention registers
 117:.\Generated_Source\PSoC5/ADC_SAR_Seq_1_PM.c **** *
 118:.\Generated_Source\PSoC5/ADC_SAR_Seq_1_PM.c **** * Parameters:
 119:.\Generated_Source\PSoC5/ADC_SAR_Seq_1_PM.c **** *  None.
 120:.\Generated_Source\PSoC5/ADC_SAR_Seq_1_PM.c **** *
 121:.\Generated_Source\PSoC5/ADC_SAR_Seq_1_PM.c **** * Return:
 122:.\Generated_Source\PSoC5/ADC_SAR_Seq_1_PM.c **** *  None.
 123:.\Generated_Source\PSoC5/ADC_SAR_Seq_1_PM.c **** *
 124:.\Generated_Source\PSoC5/ADC_SAR_Seq_1_PM.c **** * Side Effects:
 125:.\Generated_Source\PSoC5/ADC_SAR_Seq_1_PM.c **** *  None.
 126:.\Generated_Source\PSoC5/ADC_SAR_Seq_1_PM.c **** *
 127:.\Generated_Source\PSoC5/ADC_SAR_Seq_1_PM.c **** * Reentrant:
 128:.\Generated_Source\PSoC5/ADC_SAR_Seq_1_PM.c **** *  No.
 129:.\Generated_Source\PSoC5/ADC_SAR_Seq_1_PM.c **** *
 130:.\Generated_Source\PSoC5/ADC_SAR_Seq_1_PM.c **** *******************************************************************************/
 131:.\Generated_Source\PSoC5/ADC_SAR_Seq_1_PM.c **** void ADC_SAR_Seq_1_RestoreConfig(void)
 132:.\Generated_Source\PSoC5/ADC_SAR_Seq_1_PM.c **** {
 119              		.loc 1 132 0
 120              		.cfi_startproc
 121              		@ args = 0, pretend = 0, frame = 0
 122              		@ frame_needed = 1, uses_anonymous_args = 0
 123              		@ link register save eliminated.
 124 0000 80B4     		push	{r7}
 125              		.cfi_def_cfa_offset 4
 126              		.cfi_offset 7, -4
 127 0002 00AF     		add	r7, sp, #0
 128              		.cfi_def_cfa_register 7
 133:.\Generated_Source\PSoC5/ADC_SAR_Seq_1_PM.c **** 
 134:.\Generated_Source\PSoC5/ADC_SAR_Seq_1_PM.c **** }
 129              		.loc 1 134 0
 130 0004 BD46     		mov	sp, r7
 131              		.cfi_def_cfa_register 13
 132              		@ sp needed
 133 0006 5DF8047B 		ldr	r7, [sp], #4
 134              		.cfi_restore 7
 135              		.cfi_def_cfa_offset 0
 136 000a 7047     		bx	lr
 137              		.cfi_endproc
 138              	.LFE3:
 139              		.size	ADC_SAR_Seq_1_RestoreConfig, .-ADC_SAR_Seq_1_RestoreConfig
 140              		.text
 141              	.Letext0:
 142              		.file 2 ".\\Generated_Source\\PSoC5\\cytypes.h"
 143              		.section	.debug_info,"",%progbits
 144              	.Ldebug_info0:
 145 0000 E4000000 		.4byte	0xe4
 146 0004 0400     		.2byte	0x4
 147 0006 00000000 		.4byte	.Ldebug_abbrev0
 148 000a 04       		.byte	0x4
 149 000b 01       		.uleb128 0x1
 150 000c B1000000 		.4byte	.LASF19
 151 0010 01       		.byte	0x1
ARM GAS  C:\Users\Robert\AppData\Local\Temp\ccJJnYLo.s 			page 6


 152 0011 3F010000 		.4byte	.LASF20
 153 0015 1B000000 		.4byte	.LASF21
 154 0019 00000000 		.4byte	.Ldebug_ranges0+0
 155 001d 00000000 		.4byte	0
 156 0021 00000000 		.4byte	.Ldebug_line0
 157 0025 02       		.uleb128 0x2
 158 0026 01       		.byte	0x1
 159 0027 06       		.byte	0x6
 160 0028 85010000 		.4byte	.LASF0
 161 002c 02       		.uleb128 0x2
 162 002d 01       		.byte	0x1
 163 002e 08       		.byte	0x8
 164 002f 95000000 		.4byte	.LASF1
 165 0033 02       		.uleb128 0x2
 166 0034 02       		.byte	0x2
 167 0035 05       		.byte	0x5
 168 0036 C5010000 		.4byte	.LASF2
 169 003a 02       		.uleb128 0x2
 170 003b 02       		.byte	0x2
 171 003c 07       		.byte	0x7
 172 003d 72010000 		.4byte	.LASF3
 173 0041 02       		.uleb128 0x2
 174 0042 04       		.byte	0x4
 175 0043 05       		.byte	0x5
 176 0044 A8000000 		.4byte	.LASF4
 177 0048 02       		.uleb128 0x2
 178 0049 04       		.byte	0x4
 179 004a 07       		.byte	0x7
 180 004b 58000000 		.4byte	.LASF5
 181 004f 02       		.uleb128 0x2
 182 0050 08       		.byte	0x8
 183 0051 05       		.byte	0x5
 184 0052 00000000 		.4byte	.LASF6
 185 0056 02       		.uleb128 0x2
 186 0057 08       		.byte	0x8
 187 0058 07       		.byte	0x7
 188 0059 6A000000 		.4byte	.LASF7
 189 005d 03       		.uleb128 0x3
 190 005e 04       		.byte	0x4
 191 005f 05       		.byte	0x5
 192 0060 696E7400 		.ascii	"int\000"
 193 0064 02       		.uleb128 0x2
 194 0065 04       		.byte	0x4
 195 0066 07       		.byte	0x7
 196 0067 0E000000 		.4byte	.LASF8
 197 006b 04       		.uleb128 0x4
 198 006c 52000000 		.4byte	.LASF12
 199 0070 02       		.byte	0x2
 200 0071 A1       		.byte	0xa1
 201 0072 2C000000 		.4byte	0x2c
 202 0076 02       		.uleb128 0x2
 203 0077 04       		.byte	0x4
 204 0078 04       		.byte	0x4
 205 0079 AA010000 		.4byte	.LASF9
 206 007d 02       		.uleb128 0x2
 207 007e 08       		.byte	0x8
 208 007f 04       		.byte	0x4
ARM GAS  C:\Users\Robert\AppData\Local\Temp\ccJJnYLo.s 			page 7


 209 0080 6B010000 		.4byte	.LASF10
 210 0084 02       		.uleb128 0x2
 211 0085 01       		.byte	0x1
 212 0086 08       		.byte	0x8
 213 0087 A3000000 		.4byte	.LASF11
 214 008b 05       		.uleb128 0x5
 215 008c CF010000 		.4byte	.LASF13
 216 0090 02       		.byte	0x2
 217 0091 4B01     		.2byte	0x14b
 218 0093 97000000 		.4byte	0x97
 219 0097 06       		.uleb128 0x6
 220 0098 6B000000 		.4byte	0x6b
 221 009c 02       		.uleb128 0x2
 222 009d 04       		.byte	0x4
 223 009e 07       		.byte	0x7
 224 009f D4010000 		.4byte	.LASF14
 225 00a3 07       		.uleb128 0x7
 226 00a4 81000000 		.4byte	.LASF15
 227 00a8 01       		.byte	0x1
 228 00a9 2B       		.byte	0x2b
 229 00aa 00000000 		.4byte	.LFB0
 230 00ae 0E000000 		.4byte	.LFE0-.LFB0
 231 00b2 01       		.uleb128 0x1
 232 00b3 9C       		.byte	0x9c
 233 00b4 07       		.uleb128 0x7
 234 00b5 B0010000 		.4byte	.LASF16
 235 00b9 01       		.byte	0x1
 236 00ba 47       		.byte	0x47
 237 00bb 00000000 		.4byte	.LFB1
 238 00bf 1C000000 		.4byte	.LFE1-.LFB1
 239 00c3 01       		.uleb128 0x1
 240 00c4 9C       		.byte	0x9c
 241 00c5 08       		.uleb128 0x8
 242 00c6 91010000 		.4byte	.LASF17
 243 00ca 01       		.byte	0x1
 244 00cb 69       		.byte	0x69
 245 00cc 00000000 		.4byte	.LFB2
 246 00d0 0C000000 		.4byte	.LFE2-.LFB2
 247 00d4 01       		.uleb128 0x1
 248 00d5 9C       		.byte	0x9c
 249 00d6 08       		.uleb128 0x8
 250 00d7 DD010000 		.4byte	.LASF18
 251 00db 01       		.byte	0x1
 252 00dc 83       		.byte	0x83
 253 00dd 00000000 		.4byte	.LFB3
 254 00e1 0C000000 		.4byte	.LFE3-.LFB3
 255 00e5 01       		.uleb128 0x1
 256 00e6 9C       		.byte	0x9c
 257 00e7 00       		.byte	0
 258              		.section	.debug_abbrev,"",%progbits
 259              	.Ldebug_abbrev0:
 260 0000 01       		.uleb128 0x1
 261 0001 11       		.uleb128 0x11
 262 0002 01       		.byte	0x1
 263 0003 25       		.uleb128 0x25
 264 0004 0E       		.uleb128 0xe
 265 0005 13       		.uleb128 0x13
ARM GAS  C:\Users\Robert\AppData\Local\Temp\ccJJnYLo.s 			page 8


 266 0006 0B       		.uleb128 0xb
 267 0007 03       		.uleb128 0x3
 268 0008 0E       		.uleb128 0xe
 269 0009 1B       		.uleb128 0x1b
 270 000a 0E       		.uleb128 0xe
 271 000b 55       		.uleb128 0x55
 272 000c 17       		.uleb128 0x17
 273 000d 11       		.uleb128 0x11
 274 000e 01       		.uleb128 0x1
 275 000f 10       		.uleb128 0x10
 276 0010 17       		.uleb128 0x17
 277 0011 00       		.byte	0
 278 0012 00       		.byte	0
 279 0013 02       		.uleb128 0x2
 280 0014 24       		.uleb128 0x24
 281 0015 00       		.byte	0
 282 0016 0B       		.uleb128 0xb
 283 0017 0B       		.uleb128 0xb
 284 0018 3E       		.uleb128 0x3e
 285 0019 0B       		.uleb128 0xb
 286 001a 03       		.uleb128 0x3
 287 001b 0E       		.uleb128 0xe
 288 001c 00       		.byte	0
 289 001d 00       		.byte	0
 290 001e 03       		.uleb128 0x3
 291 001f 24       		.uleb128 0x24
 292 0020 00       		.byte	0
 293 0021 0B       		.uleb128 0xb
 294 0022 0B       		.uleb128 0xb
 295 0023 3E       		.uleb128 0x3e
 296 0024 0B       		.uleb128 0xb
 297 0025 03       		.uleb128 0x3
 298 0026 08       		.uleb128 0x8
 299 0027 00       		.byte	0
 300 0028 00       		.byte	0
 301 0029 04       		.uleb128 0x4
 302 002a 16       		.uleb128 0x16
 303 002b 00       		.byte	0
 304 002c 03       		.uleb128 0x3
 305 002d 0E       		.uleb128 0xe
 306 002e 3A       		.uleb128 0x3a
 307 002f 0B       		.uleb128 0xb
 308 0030 3B       		.uleb128 0x3b
 309 0031 0B       		.uleb128 0xb
 310 0032 49       		.uleb128 0x49
 311 0033 13       		.uleb128 0x13
 312 0034 00       		.byte	0
 313 0035 00       		.byte	0
 314 0036 05       		.uleb128 0x5
 315 0037 16       		.uleb128 0x16
 316 0038 00       		.byte	0
 317 0039 03       		.uleb128 0x3
 318 003a 0E       		.uleb128 0xe
 319 003b 3A       		.uleb128 0x3a
 320 003c 0B       		.uleb128 0xb
 321 003d 3B       		.uleb128 0x3b
 322 003e 05       		.uleb128 0x5
ARM GAS  C:\Users\Robert\AppData\Local\Temp\ccJJnYLo.s 			page 9


 323 003f 49       		.uleb128 0x49
 324 0040 13       		.uleb128 0x13
 325 0041 00       		.byte	0
 326 0042 00       		.byte	0
 327 0043 06       		.uleb128 0x6
 328 0044 35       		.uleb128 0x35
 329 0045 00       		.byte	0
 330 0046 49       		.uleb128 0x49
 331 0047 13       		.uleb128 0x13
 332 0048 00       		.byte	0
 333 0049 00       		.byte	0
 334 004a 07       		.uleb128 0x7
 335 004b 2E       		.uleb128 0x2e
 336 004c 00       		.byte	0
 337 004d 3F       		.uleb128 0x3f
 338 004e 19       		.uleb128 0x19
 339 004f 03       		.uleb128 0x3
 340 0050 0E       		.uleb128 0xe
 341 0051 3A       		.uleb128 0x3a
 342 0052 0B       		.uleb128 0xb
 343 0053 3B       		.uleb128 0x3b
 344 0054 0B       		.uleb128 0xb
 345 0055 27       		.uleb128 0x27
 346 0056 19       		.uleb128 0x19
 347 0057 11       		.uleb128 0x11
 348 0058 01       		.uleb128 0x1
 349 0059 12       		.uleb128 0x12
 350 005a 06       		.uleb128 0x6
 351 005b 40       		.uleb128 0x40
 352 005c 18       		.uleb128 0x18
 353 005d 9642     		.uleb128 0x2116
 354 005f 19       		.uleb128 0x19
 355 0060 00       		.byte	0
 356 0061 00       		.byte	0
 357 0062 08       		.uleb128 0x8
 358 0063 2E       		.uleb128 0x2e
 359 0064 00       		.byte	0
 360 0065 3F       		.uleb128 0x3f
 361 0066 19       		.uleb128 0x19
 362 0067 03       		.uleb128 0x3
 363 0068 0E       		.uleb128 0xe
 364 0069 3A       		.uleb128 0x3a
 365 006a 0B       		.uleb128 0xb
 366 006b 3B       		.uleb128 0x3b
 367 006c 0B       		.uleb128 0xb
 368 006d 27       		.uleb128 0x27
 369 006e 19       		.uleb128 0x19
 370 006f 11       		.uleb128 0x11
 371 0070 01       		.uleb128 0x1
 372 0071 12       		.uleb128 0x12
 373 0072 06       		.uleb128 0x6
 374 0073 40       		.uleb128 0x40
 375 0074 18       		.uleb128 0x18
 376 0075 9742     		.uleb128 0x2117
 377 0077 19       		.uleb128 0x19
 378 0078 00       		.byte	0
 379 0079 00       		.byte	0
ARM GAS  C:\Users\Robert\AppData\Local\Temp\ccJJnYLo.s 			page 10


 380 007a 00       		.byte	0
 381              		.section	.debug_aranges,"",%progbits
 382 0000 34000000 		.4byte	0x34
 383 0004 0200     		.2byte	0x2
 384 0006 00000000 		.4byte	.Ldebug_info0
 385 000a 04       		.byte	0x4
 386 000b 00       		.byte	0
 387 000c 0000     		.2byte	0
 388 000e 0000     		.2byte	0
 389 0010 00000000 		.4byte	.LFB0
 390 0014 0E000000 		.4byte	.LFE0-.LFB0
 391 0018 00000000 		.4byte	.LFB1
 392 001c 1C000000 		.4byte	.LFE1-.LFB1
 393 0020 00000000 		.4byte	.LFB2
 394 0024 0C000000 		.4byte	.LFE2-.LFB2
 395 0028 00000000 		.4byte	.LFB3
 396 002c 0C000000 		.4byte	.LFE3-.LFB3
 397 0030 00000000 		.4byte	0
 398 0034 00000000 		.4byte	0
 399              		.section	.debug_ranges,"",%progbits
 400              	.Ldebug_ranges0:
 401 0000 00000000 		.4byte	.LFB0
 402 0004 0E000000 		.4byte	.LFE0
 403 0008 00000000 		.4byte	.LFB1
 404 000c 1C000000 		.4byte	.LFE1
 405 0010 00000000 		.4byte	.LFB2
 406 0014 0C000000 		.4byte	.LFE2
 407 0018 00000000 		.4byte	.LFB3
 408 001c 0C000000 		.4byte	.LFE3
 409 0020 00000000 		.4byte	0
 410 0024 00000000 		.4byte	0
 411              		.section	.debug_line,"",%progbits
 412              	.Ldebug_line0:
 413 0000 9E000000 		.section	.debug_str,"MS",%progbits,1
 413      02004F00 
 413      00000201 
 413      FB0E0D00 
 413      01010101 
 414              	.LASF6:
 415 0000 6C6F6E67 		.ascii	"long long int\000"
 415      206C6F6E 
 415      6720696E 
 415      7400
 416              	.LASF8:
 417 000e 756E7369 		.ascii	"unsigned int\000"
 417      676E6564 
 417      20696E74 
 417      00
 418              	.LASF21:
 419 001b 433A5C55 		.ascii	"C:\\Users\\Robert\\workspace\\embedit\\linx\\PSoC_2"
 419      73657273 
 419      5C526F62 
 419      6572745C 
 419      776F726B 
 420 0048 5F50692E 		.ascii	"_Pi.cydsn\000"
 420      63796473 
 420      6E00
ARM GAS  C:\Users\Robert\AppData\Local\Temp\ccJJnYLo.s 			page 11


 421              	.LASF12:
 422 0052 75696E74 		.ascii	"uint8\000"
 422      3800
 423              	.LASF5:
 424 0058 6C6F6E67 		.ascii	"long unsigned int\000"
 424      20756E73 
 424      69676E65 
 424      6420696E 
 424      7400
 425              	.LASF7:
 426 006a 6C6F6E67 		.ascii	"long long unsigned int\000"
 426      206C6F6E 
 426      6720756E 
 426      7369676E 
 426      65642069 
 427              	.LASF15:
 428 0081 4144435F 		.ascii	"ADC_SAR_Seq_1_Sleep\000"
 428      5341525F 
 428      5365715F 
 428      315F536C 
 428      65657000 
 429              	.LASF1:
 430 0095 756E7369 		.ascii	"unsigned char\000"
 430      676E6564 
 430      20636861 
 430      7200
 431              	.LASF11:
 432 00a3 63686172 		.ascii	"char\000"
 432      00
 433              	.LASF4:
 434 00a8 6C6F6E67 		.ascii	"long int\000"
 434      20696E74 
 434      00
 435              	.LASF19:
 436 00b1 474E5520 		.ascii	"GNU C 4.9.3 20150303 (release) [ARM/embedded-4_9-br"
 436      4320342E 
 436      392E3320 
 436      32303135 
 436      30333033 
 437 00e4 616E6368 		.ascii	"anch revision 221220] -mcpu=cortex-m3 -mthumb -g -O"
 437      20726576 
 437      6973696F 
 437      6E203232 
 437      31323230 
 438 0117 30202D66 		.ascii	"0 -ffunction-sections -ffat-lto-objects\000"
 438      66756E63 
 438      74696F6E 
 438      2D736563 
 438      74696F6E 
 439              	.LASF20:
 440 013f 2E5C4765 		.ascii	".\\Generated_Source\\PSoC5\\ADC_SAR_Seq_1_PM.c\000"
 440      6E657261 
 440      7465645F 
 440      536F7572 
 440      63655C50 
 441              	.LASF10:
 442 016b 646F7562 		.ascii	"double\000"
ARM GAS  C:\Users\Robert\AppData\Local\Temp\ccJJnYLo.s 			page 12


 442      6C6500
 443              	.LASF3:
 444 0172 73686F72 		.ascii	"short unsigned int\000"
 444      7420756E 
 444      7369676E 
 444      65642069 
 444      6E7400
 445              	.LASF0:
 446 0185 7369676E 		.ascii	"signed char\000"
 446      65642063 
 446      68617200 
 447              	.LASF17:
 448 0191 4144435F 		.ascii	"ADC_SAR_Seq_1_SaveConfig\000"
 448      5341525F 
 448      5365715F 
 448      315F5361 
 448      7665436F 
 449              	.LASF9:
 450 01aa 666C6F61 		.ascii	"float\000"
 450      7400
 451              	.LASF16:
 452 01b0 4144435F 		.ascii	"ADC_SAR_Seq_1_Wakeup\000"
 452      5341525F 
 452      5365715F 
 452      315F5761 
 452      6B657570 
 453              	.LASF2:
 454 01c5 73686F72 		.ascii	"short int\000"
 454      7420696E 
 454      7400
 455              	.LASF13:
 456 01cf 72656738 		.ascii	"reg8\000"
 456      00
 457              	.LASF14:
 458 01d4 73697A65 		.ascii	"sizetype\000"
 458      74797065 
 458      00
 459              	.LASF18:
 460 01dd 4144435F 		.ascii	"ADC_SAR_Seq_1_RestoreConfig\000"
 460      5341525F 
 460      5365715F 
 460      315F5265 
 460      73746F72 
 461              		.ident	"GCC: (GNU Tools for ARM Embedded Processors) 4.9.3 20150303 (release) [ARM/embedded-4_9-br
