ARM GAS  C:\Users\Robert\AppData\Local\Temp\cce3ERzE.s 			page 1


   1              		.syntax unified
   2              		.cpu cortex-m3
   3              		.fpu softvfp
   4              		.eabi_attribute 20, 1
   5              		.eabi_attribute 21, 1
   6              		.eabi_attribute 23, 3
   7              		.eabi_attribute 24, 1
   8              		.eabi_attribute 25, 1
   9              		.eabi_attribute 26, 1
  10              		.eabi_attribute 30, 6
  11              		.eabi_attribute 34, 1
  12              		.eabi_attribute 18, 4
  13              		.thumb
  14              		.file	"IDAC8_1.c"
  15              		.text
  16              	.Ltext0:
  17              		.cfi_sections	.debug_frame
  18              		.global	IDAC8_1_initVar
  19              		.bss
  20              		.type	IDAC8_1_initVar, %object
  21              		.size	IDAC8_1_initVar, 1
  22              	IDAC8_1_initVar:
  23 0000 00       		.space	1
  24              		.section	.text.IDAC8_1_Init,"ax",%progbits
  25              		.align	2
  26              		.global	IDAC8_1_Init
  27              		.thumb
  28              		.thumb_func
  29              		.type	IDAC8_1_Init, %function
  30              	IDAC8_1_Init:
  31              	.LFB0:
  32              		.file 1 ".\\Generated_Source\\PSoC5\\IDAC8_1.c"
   1:.\Generated_Source\PSoC5/IDAC8_1.c **** /*******************************************************************************
   2:.\Generated_Source\PSoC5/IDAC8_1.c **** * File Name: IDAC8_1.c
   3:.\Generated_Source\PSoC5/IDAC8_1.c **** * Version 2.0
   4:.\Generated_Source\PSoC5/IDAC8_1.c **** *
   5:.\Generated_Source\PSoC5/IDAC8_1.c **** * Description:
   6:.\Generated_Source\PSoC5/IDAC8_1.c **** *  This file provides the source code to the API for the 8-bit Current 
   7:.\Generated_Source\PSoC5/IDAC8_1.c **** *  DAC (IDAC8) User Module.
   8:.\Generated_Source\PSoC5/IDAC8_1.c **** *
   9:.\Generated_Source\PSoC5/IDAC8_1.c **** * Note:
  10:.\Generated_Source\PSoC5/IDAC8_1.c **** *  None
  11:.\Generated_Source\PSoC5/IDAC8_1.c **** *
  12:.\Generated_Source\PSoC5/IDAC8_1.c **** ********************************************************************************
  13:.\Generated_Source\PSoC5/IDAC8_1.c **** * Copyright 2008-2012, Cypress Semiconductor Corporation.  All rights reserved.
  14:.\Generated_Source\PSoC5/IDAC8_1.c **** * You may use this file only in accordance with the license, terms, conditions, 
  15:.\Generated_Source\PSoC5/IDAC8_1.c **** * disclaimers, and limitations in the end user license agreement accompanying 
  16:.\Generated_Source\PSoC5/IDAC8_1.c **** * the software package with which this file was provided.
  17:.\Generated_Source\PSoC5/IDAC8_1.c **** *******************************************************************************/
  18:.\Generated_Source\PSoC5/IDAC8_1.c **** 
  19:.\Generated_Source\PSoC5/IDAC8_1.c **** #include "cytypes.h"
  20:.\Generated_Source\PSoC5/IDAC8_1.c **** #include "IDAC8_1.h"   
  21:.\Generated_Source\PSoC5/IDAC8_1.c **** 
  22:.\Generated_Source\PSoC5/IDAC8_1.c **** #if (CY_PSOC5A)
  23:.\Generated_Source\PSoC5/IDAC8_1.c ****     #include <CyLib.h>
  24:.\Generated_Source\PSoC5/IDAC8_1.c **** #endif /* CY_PSOC5A */
  25:.\Generated_Source\PSoC5/IDAC8_1.c **** 
ARM GAS  C:\Users\Robert\AppData\Local\Temp\cce3ERzE.s 			page 2


  26:.\Generated_Source\PSoC5/IDAC8_1.c **** 
  27:.\Generated_Source\PSoC5/IDAC8_1.c **** uint8 IDAC8_1_initVar = 0u;
  28:.\Generated_Source\PSoC5/IDAC8_1.c **** 
  29:.\Generated_Source\PSoC5/IDAC8_1.c **** 
  30:.\Generated_Source\PSoC5/IDAC8_1.c **** #if (CY_PSOC5A)
  31:.\Generated_Source\PSoC5/IDAC8_1.c ****     static IDAC8_1_LOWPOWER_BACKUP_STRUCT  IDAC8_1_lowPowerBackup;
  32:.\Generated_Source\PSoC5/IDAC8_1.c **** #endif /* CY_PSOC5A */
  33:.\Generated_Source\PSoC5/IDAC8_1.c **** 
  34:.\Generated_Source\PSoC5/IDAC8_1.c **** /* Variable to decide whether or not to restore control register in Enable()
  35:.\Generated_Source\PSoC5/IDAC8_1.c ****    API. This valid only for PSoC5A */
  36:.\Generated_Source\PSoC5/IDAC8_1.c **** #if (CY_PSOC5A)
  37:.\Generated_Source\PSoC5/IDAC8_1.c ****     static uint8 IDAC8_1_restoreReg = 0u;
  38:.\Generated_Source\PSoC5/IDAC8_1.c **** #endif /* CY_PSOC5A */
  39:.\Generated_Source\PSoC5/IDAC8_1.c **** 
  40:.\Generated_Source\PSoC5/IDAC8_1.c **** 
  41:.\Generated_Source\PSoC5/IDAC8_1.c **** /*******************************************************************************
  42:.\Generated_Source\PSoC5/IDAC8_1.c **** * Function Name: IDAC8_1_Init
  43:.\Generated_Source\PSoC5/IDAC8_1.c **** ********************************************************************************
  44:.\Generated_Source\PSoC5/IDAC8_1.c **** * Summary:
  45:.\Generated_Source\PSoC5/IDAC8_1.c **** *  Initialize to the schematic state.
  46:.\Generated_Source\PSoC5/IDAC8_1.c **** * 
  47:.\Generated_Source\PSoC5/IDAC8_1.c **** * Parameters:
  48:.\Generated_Source\PSoC5/IDAC8_1.c **** *  void:
  49:.\Generated_Source\PSoC5/IDAC8_1.c **** *
  50:.\Generated_Source\PSoC5/IDAC8_1.c **** * Return:
  51:.\Generated_Source\PSoC5/IDAC8_1.c **** *  (void)
  52:.\Generated_Source\PSoC5/IDAC8_1.c **** *
  53:.\Generated_Source\PSoC5/IDAC8_1.c **** * Theory:
  54:.\Generated_Source\PSoC5/IDAC8_1.c **** *
  55:.\Generated_Source\PSoC5/IDAC8_1.c **** * Side Effects:
  56:.\Generated_Source\PSoC5/IDAC8_1.c **** *
  57:.\Generated_Source\PSoC5/IDAC8_1.c **** *******************************************************************************/
  58:.\Generated_Source\PSoC5/IDAC8_1.c **** void IDAC8_1_Init(void) 
  59:.\Generated_Source\PSoC5/IDAC8_1.c **** {
  33              		.loc 1 59 0
  34              		.cfi_startproc
  35              		@ args = 0, pretend = 0, frame = 0
  36              		@ frame_needed = 1, uses_anonymous_args = 0
  37 0000 80B5     		push	{r7, lr}
  38              		.cfi_def_cfa_offset 8
  39              		.cfi_offset 7, -8
  40              		.cfi_offset 14, -4
  41 0002 00AF     		add	r7, sp, #0
  42              		.cfi_def_cfa_register 7
  60:.\Generated_Source\PSoC5/IDAC8_1.c ****     IDAC8_1_CR0 = (IDAC8_1_MODE_I | IDAC8_1_DEFAULT_RANGE );
  43              		.loc 1 60 0
  44 0004 094B     		ldr	r3, .L2
  45 0006 1822     		movs	r2, #24
  46 0008 1A70     		strb	r2, [r3]
  61:.\Generated_Source\PSoC5/IDAC8_1.c **** 
  62:.\Generated_Source\PSoC5/IDAC8_1.c ****     /* Set default data source */
  63:.\Generated_Source\PSoC5/IDAC8_1.c ****     #if(IDAC8_1_DEFAULT_DATA_SRC != 0u )    
  64:.\Generated_Source\PSoC5/IDAC8_1.c ****         IDAC8_1_CR1 = (IDAC8_1_DEFAULT_CNTL | IDAC8_1_DACBUS_ENABLE);
  65:.\Generated_Source\PSoC5/IDAC8_1.c ****     #else
  66:.\Generated_Source\PSoC5/IDAC8_1.c ****         IDAC8_1_CR1 = (IDAC8_1_DEFAULT_CNTL | IDAC8_1_DACBUS_DISABLE);
  47              		.loc 1 66 0
  48 000a 094B     		ldr	r3, .L2+4
ARM GAS  C:\Users\Robert\AppData\Local\Temp\cce3ERzE.s 			page 3


  49 000c 0022     		movs	r2, #0
  50 000e 1A70     		strb	r2, [r3]
  67:.\Generated_Source\PSoC5/IDAC8_1.c ****     #endif /* (IDAC8_1_DEFAULT_DATA_SRC != 0u ) */
  68:.\Generated_Source\PSoC5/IDAC8_1.c ****     
  69:.\Generated_Source\PSoC5/IDAC8_1.c ****     /*Controls polarity from UDB Control*/
  70:.\Generated_Source\PSoC5/IDAC8_1.c ****     #if(IDAC8_1_DEFAULT_POLARITY == IDAC8_1_HARDWARE_CONTROLLED)
  71:.\Generated_Source\PSoC5/IDAC8_1.c ****         IDAC8_1_CR1 |= IDAC8_1_IDIR_SRC_UDB;
  72:.\Generated_Source\PSoC5/IDAC8_1.c ****     #else
  73:.\Generated_Source\PSoC5/IDAC8_1.c ****         IDAC8_1_CR1 |= IDAC8_1_DEFAULT_POLARITY;
  51              		.loc 1 73 0
  52 0010 074A     		ldr	r2, .L2+4
  53 0012 074B     		ldr	r3, .L2+4
  54 0014 1B78     		ldrb	r3, [r3]
  55 0016 DBB2     		uxtb	r3, r3
  56 0018 43F00403 		orr	r3, r3, #4
  57 001c DBB2     		uxtb	r3, r3
  58 001e 1370     		strb	r3, [r2]
  74:.\Generated_Source\PSoC5/IDAC8_1.c ****     #endif/* (IDAC8_1_DEFAULT_POLARITY == IDAC8_1_HARDWARE_CONTROLLED) */
  75:.\Generated_Source\PSoC5/IDAC8_1.c ****     /*Controls Current Source from UDB Control*/
  76:.\Generated_Source\PSoC5/IDAC8_1.c ****     #if(IDAC8_1_HARDWARE_ENABLE != 0u ) 
  77:.\Generated_Source\PSoC5/IDAC8_1.c ****         IDAC8_1_CR1 |= IDAC8_1_IDIR_CTL_UDB;
  78:.\Generated_Source\PSoC5/IDAC8_1.c ****     #endif /* (IDAC8_1_HARDWARE_ENABLE != 0u ) */ 
  79:.\Generated_Source\PSoC5/IDAC8_1.c ****     
  80:.\Generated_Source\PSoC5/IDAC8_1.c ****     /* Set default strobe mode */
  81:.\Generated_Source\PSoC5/IDAC8_1.c ****     #if(IDAC8_1_DEFAULT_STRB != 0u)
  82:.\Generated_Source\PSoC5/IDAC8_1.c ****         IDAC8_1_Strobe |= IDAC8_1_STRB_EN;
  83:.\Generated_Source\PSoC5/IDAC8_1.c ****     #endif /* (IDAC8_1_DEFAULT_STRB != 0u) */
  84:.\Generated_Source\PSoC5/IDAC8_1.c ****     
  85:.\Generated_Source\PSoC5/IDAC8_1.c ****     /* Set default speed */
  86:.\Generated_Source\PSoC5/IDAC8_1.c ****     IDAC8_1_SetSpeed(IDAC8_1_DEFAULT_SPEED);
  59              		.loc 1 86 0
  60 0020 0020     		movs	r0, #0
  61 0022 FFF7FEFF 		bl	IDAC8_1_SetSpeed
  87:.\Generated_Source\PSoC5/IDAC8_1.c ****     
  88:.\Generated_Source\PSoC5/IDAC8_1.c ****     /* Set proper DAC trim */
  89:.\Generated_Source\PSoC5/IDAC8_1.c ****     IDAC8_1_DacTrim();
  62              		.loc 1 89 0
  63 0026 FFF7FEFF 		bl	IDAC8_1_DacTrim
  90:.\Generated_Source\PSoC5/IDAC8_1.c ****     
  91:.\Generated_Source\PSoC5/IDAC8_1.c **** }
  64              		.loc 1 91 0
  65 002a 80BD     		pop	{r7, pc}
  66              	.L3:
  67              		.align	2
  68              	.L2:
  69 002c 28580040 		.word	1073764392
  70 0030 29580040 		.word	1073764393
  71              		.cfi_endproc
  72              	.LFE0:
  73              		.size	IDAC8_1_Init, .-IDAC8_1_Init
  74              		.section	.text.IDAC8_1_Enable,"ax",%progbits
  75              		.align	2
  76              		.global	IDAC8_1_Enable
  77              		.thumb
  78              		.thumb_func
  79              		.type	IDAC8_1_Enable, %function
  80              	IDAC8_1_Enable:
ARM GAS  C:\Users\Robert\AppData\Local\Temp\cce3ERzE.s 			page 4


  81              	.LFB1:
  92:.\Generated_Source\PSoC5/IDAC8_1.c **** 
  93:.\Generated_Source\PSoC5/IDAC8_1.c **** 
  94:.\Generated_Source\PSoC5/IDAC8_1.c **** /*******************************************************************************
  95:.\Generated_Source\PSoC5/IDAC8_1.c **** * Function Name: IDAC8_1_Enable
  96:.\Generated_Source\PSoC5/IDAC8_1.c **** ********************************************************************************
  97:.\Generated_Source\PSoC5/IDAC8_1.c **** * Summary:
  98:.\Generated_Source\PSoC5/IDAC8_1.c **** *  Enable the IDAC8
  99:.\Generated_Source\PSoC5/IDAC8_1.c **** * 
 100:.\Generated_Source\PSoC5/IDAC8_1.c **** * Parameters:
 101:.\Generated_Source\PSoC5/IDAC8_1.c **** *  void:
 102:.\Generated_Source\PSoC5/IDAC8_1.c **** *
 103:.\Generated_Source\PSoC5/IDAC8_1.c **** * Return:
 104:.\Generated_Source\PSoC5/IDAC8_1.c **** *  (void)
 105:.\Generated_Source\PSoC5/IDAC8_1.c **** *
 106:.\Generated_Source\PSoC5/IDAC8_1.c **** * Theory:
 107:.\Generated_Source\PSoC5/IDAC8_1.c **** *
 108:.\Generated_Source\PSoC5/IDAC8_1.c **** * Side Effects:
 109:.\Generated_Source\PSoC5/IDAC8_1.c **** *
 110:.\Generated_Source\PSoC5/IDAC8_1.c **** *******************************************************************************/
 111:.\Generated_Source\PSoC5/IDAC8_1.c **** void IDAC8_1_Enable(void) 
 112:.\Generated_Source\PSoC5/IDAC8_1.c **** {
  82              		.loc 1 112 0
  83              		.cfi_startproc
  84              		@ args = 0, pretend = 0, frame = 0
  85              		@ frame_needed = 1, uses_anonymous_args = 0
  86              		@ link register save eliminated.
  87 0000 80B4     		push	{r7}
  88              		.cfi_def_cfa_offset 4
  89              		.cfi_offset 7, -4
  90 0002 00AF     		add	r7, sp, #0
  91              		.cfi_def_cfa_register 7
 113:.\Generated_Source\PSoC5/IDAC8_1.c ****     IDAC8_1_PWRMGR |= IDAC8_1_ACT_PWR_EN;
  92              		.loc 1 113 0
  93 0004 094A     		ldr	r2, .L5
  94 0006 094B     		ldr	r3, .L5
  95 0008 1B78     		ldrb	r3, [r3]
  96 000a DBB2     		uxtb	r3, r3
  97 000c 43F00403 		orr	r3, r3, #4
  98 0010 DBB2     		uxtb	r3, r3
  99 0012 1370     		strb	r3, [r2]
 114:.\Generated_Source\PSoC5/IDAC8_1.c ****     IDAC8_1_STBY_PWRMGR |= IDAC8_1_STBY_PWR_EN;
 100              		.loc 1 114 0
 101 0014 064A     		ldr	r2, .L5+4
 102 0016 064B     		ldr	r3, .L5+4
 103 0018 1B78     		ldrb	r3, [r3]
 104 001a DBB2     		uxtb	r3, r3
 105 001c 43F00403 		orr	r3, r3, #4
 106 0020 DBB2     		uxtb	r3, r3
 107 0022 1370     		strb	r3, [r2]
 115:.\Generated_Source\PSoC5/IDAC8_1.c **** 
 116:.\Generated_Source\PSoC5/IDAC8_1.c ****     /* This is to restore the value of register CR0 which is saved 
 117:.\Generated_Source\PSoC5/IDAC8_1.c ****       in prior to the modification in stop() API */
 118:.\Generated_Source\PSoC5/IDAC8_1.c ****     #if (CY_PSOC5A)
 119:.\Generated_Source\PSoC5/IDAC8_1.c ****         if(IDAC8_1_restoreReg == 1u)
 120:.\Generated_Source\PSoC5/IDAC8_1.c ****         {
 121:.\Generated_Source\PSoC5/IDAC8_1.c ****             IDAC8_1_CR0 = IDAC8_1_lowPowerBackup.DACCR0Reg;
ARM GAS  C:\Users\Robert\AppData\Local\Temp\cce3ERzE.s 			page 5


 122:.\Generated_Source\PSoC5/IDAC8_1.c **** 
 123:.\Generated_Source\PSoC5/IDAC8_1.c ****             /* Clear the flag */
 124:.\Generated_Source\PSoC5/IDAC8_1.c ****             IDAC8_1_restoreReg = 0u;
 125:.\Generated_Source\PSoC5/IDAC8_1.c ****         }
 126:.\Generated_Source\PSoC5/IDAC8_1.c ****     #endif /* CY_PSOC5A */
 127:.\Generated_Source\PSoC5/IDAC8_1.c **** }
 108              		.loc 1 127 0
 109 0024 BD46     		mov	sp, r7
 110              		.cfi_def_cfa_register 13
 111              		@ sp needed
 112 0026 5DF8047B 		ldr	r7, [sp], #4
 113              		.cfi_restore 7
 114              		.cfi_def_cfa_offset 0
 115 002a 7047     		bx	lr
 116              	.L6:
 117              		.align	2
 118              	.L5:
 119 002c A8430040 		.word	1073759144
 120 0030 B8430040 		.word	1073759160
 121              		.cfi_endproc
 122              	.LFE1:
 123              		.size	IDAC8_1_Enable, .-IDAC8_1_Enable
 124              		.section	.text.IDAC8_1_Start,"ax",%progbits
 125              		.align	2
 126              		.global	IDAC8_1_Start
 127              		.thumb
 128              		.thumb_func
 129              		.type	IDAC8_1_Start, %function
 130              	IDAC8_1_Start:
 131              	.LFB2:
 128:.\Generated_Source\PSoC5/IDAC8_1.c **** 
 129:.\Generated_Source\PSoC5/IDAC8_1.c **** 
 130:.\Generated_Source\PSoC5/IDAC8_1.c **** /*******************************************************************************
 131:.\Generated_Source\PSoC5/IDAC8_1.c **** * Function Name: IDAC8_1_Start
 132:.\Generated_Source\PSoC5/IDAC8_1.c **** ********************************************************************************
 133:.\Generated_Source\PSoC5/IDAC8_1.c **** * Summary:
 134:.\Generated_Source\PSoC5/IDAC8_1.c **** *  Set power level then turn on IDAC8.
 135:.\Generated_Source\PSoC5/IDAC8_1.c **** *
 136:.\Generated_Source\PSoC5/IDAC8_1.c **** * Parameters:  
 137:.\Generated_Source\PSoC5/IDAC8_1.c **** *  power: Sets power level between off (0) and (3) high power
 138:.\Generated_Source\PSoC5/IDAC8_1.c **** *
 139:.\Generated_Source\PSoC5/IDAC8_1.c **** * Return:
 140:.\Generated_Source\PSoC5/IDAC8_1.c **** *  (void)
 141:.\Generated_Source\PSoC5/IDAC8_1.c **** *
 142:.\Generated_Source\PSoC5/IDAC8_1.c **** * Global variables:
 143:.\Generated_Source\PSoC5/IDAC8_1.c **** *  IDAC8_1_initVar: Is modified when this function is called for 
 144:.\Generated_Source\PSoC5/IDAC8_1.c **** *   the first time. Is used to ensure that initialization happens only once.
 145:.\Generated_Source\PSoC5/IDAC8_1.c **** *
 146:.\Generated_Source\PSoC5/IDAC8_1.c **** *******************************************************************************/
 147:.\Generated_Source\PSoC5/IDAC8_1.c **** void IDAC8_1_Start(void) 
 148:.\Generated_Source\PSoC5/IDAC8_1.c **** {
 132              		.loc 1 148 0
 133              		.cfi_startproc
 134              		@ args = 0, pretend = 0, frame = 0
 135              		@ frame_needed = 1, uses_anonymous_args = 0
 136 0000 80B5     		push	{r7, lr}
 137              		.cfi_def_cfa_offset 8
ARM GAS  C:\Users\Robert\AppData\Local\Temp\cce3ERzE.s 			page 6


 138              		.cfi_offset 7, -8
 139              		.cfi_offset 14, -4
 140 0002 00AF     		add	r7, sp, #0
 141              		.cfi_def_cfa_register 7
 149:.\Generated_Source\PSoC5/IDAC8_1.c ****     /* Hardware initiazation only needs to occur the first time */
 150:.\Generated_Source\PSoC5/IDAC8_1.c ****     if ( IDAC8_1_initVar == 0u)  
 142              		.loc 1 150 0
 143 0004 074B     		ldr	r3, .L9
 144 0006 1B78     		ldrb	r3, [r3]	@ zero_extendqisi2
 145 0008 002B     		cmp	r3, #0
 146 000a 04D1     		bne	.L8
 151:.\Generated_Source\PSoC5/IDAC8_1.c ****     {
 152:.\Generated_Source\PSoC5/IDAC8_1.c ****         IDAC8_1_Init();
 147              		.loc 1 152 0
 148 000c FFF7FEFF 		bl	IDAC8_1_Init
 153:.\Generated_Source\PSoC5/IDAC8_1.c ****         
 154:.\Generated_Source\PSoC5/IDAC8_1.c ****         IDAC8_1_initVar = 1u;
 149              		.loc 1 154 0
 150 0010 044B     		ldr	r3, .L9
 151 0012 0122     		movs	r2, #1
 152 0014 1A70     		strb	r2, [r3]
 153              	.L8:
 155:.\Generated_Source\PSoC5/IDAC8_1.c ****     }
 156:.\Generated_Source\PSoC5/IDAC8_1.c ****    
 157:.\Generated_Source\PSoC5/IDAC8_1.c ****     /* Enable power to DAC */
 158:.\Generated_Source\PSoC5/IDAC8_1.c ****     IDAC8_1_Enable();
 154              		.loc 1 158 0
 155 0016 FFF7FEFF 		bl	IDAC8_1_Enable
 159:.\Generated_Source\PSoC5/IDAC8_1.c **** 
 160:.\Generated_Source\PSoC5/IDAC8_1.c ****     /* Set default value */
 161:.\Generated_Source\PSoC5/IDAC8_1.c ****     IDAC8_1_SetValue(IDAC8_1_DEFAULT_DATA);
 156              		.loc 1 161 0
 157 001a 7820     		movs	r0, #120
 158 001c FFF7FEFF 		bl	IDAC8_1_SetValue
 162:.\Generated_Source\PSoC5/IDAC8_1.c **** 
 163:.\Generated_Source\PSoC5/IDAC8_1.c **** }
 159              		.loc 1 163 0
 160 0020 80BD     		pop	{r7, pc}
 161              	.L10:
 162 0022 00BF     		.align	2
 163              	.L9:
 164 0024 00000000 		.word	IDAC8_1_initVar
 165              		.cfi_endproc
 166              	.LFE2:
 167              		.size	IDAC8_1_Start, .-IDAC8_1_Start
 168              		.section	.text.IDAC8_1_Stop,"ax",%progbits
 169              		.align	2
 170              		.global	IDAC8_1_Stop
 171              		.thumb
 172              		.thumb_func
 173              		.type	IDAC8_1_Stop, %function
 174              	IDAC8_1_Stop:
 175              	.LFB3:
 164:.\Generated_Source\PSoC5/IDAC8_1.c **** 
 165:.\Generated_Source\PSoC5/IDAC8_1.c **** 
 166:.\Generated_Source\PSoC5/IDAC8_1.c **** /*******************************************************************************
 167:.\Generated_Source\PSoC5/IDAC8_1.c **** * Function Name: IDAC8_1_Stop
ARM GAS  C:\Users\Robert\AppData\Local\Temp\cce3ERzE.s 			page 7


 168:.\Generated_Source\PSoC5/IDAC8_1.c **** ********************************************************************************
 169:.\Generated_Source\PSoC5/IDAC8_1.c **** * Summary:
 170:.\Generated_Source\PSoC5/IDAC8_1.c **** *  Powers down IDAC8 to lowest power state.
 171:.\Generated_Source\PSoC5/IDAC8_1.c **** *
 172:.\Generated_Source\PSoC5/IDAC8_1.c **** * Parameters:
 173:.\Generated_Source\PSoC5/IDAC8_1.c **** *  (void)
 174:.\Generated_Source\PSoC5/IDAC8_1.c **** *
 175:.\Generated_Source\PSoC5/IDAC8_1.c **** * Return:
 176:.\Generated_Source\PSoC5/IDAC8_1.c **** *  (void)
 177:.\Generated_Source\PSoC5/IDAC8_1.c **** *
 178:.\Generated_Source\PSoC5/IDAC8_1.c **** * Theory:
 179:.\Generated_Source\PSoC5/IDAC8_1.c **** *
 180:.\Generated_Source\PSoC5/IDAC8_1.c **** * Side Effects:
 181:.\Generated_Source\PSoC5/IDAC8_1.c **** *
 182:.\Generated_Source\PSoC5/IDAC8_1.c **** *******************************************************************************/
 183:.\Generated_Source\PSoC5/IDAC8_1.c **** void IDAC8_1_Stop(void) 
 184:.\Generated_Source\PSoC5/IDAC8_1.c **** {
 176              		.loc 1 184 0
 177              		.cfi_startproc
 178              		@ args = 0, pretend = 0, frame = 0
 179              		@ frame_needed = 1, uses_anonymous_args = 0
 180              		@ link register save eliminated.
 181 0000 80B4     		push	{r7}
 182              		.cfi_def_cfa_offset 4
 183              		.cfi_offset 7, -4
 184 0002 00AF     		add	r7, sp, #0
 185              		.cfi_def_cfa_register 7
 185:.\Generated_Source\PSoC5/IDAC8_1.c ****     /* Disble power to DAC */
 186:.\Generated_Source\PSoC5/IDAC8_1.c ****     IDAC8_1_PWRMGR &= (uint8)(~IDAC8_1_ACT_PWR_EN);
 186              		.loc 1 186 0
 187 0004 094A     		ldr	r2, .L12
 188 0006 094B     		ldr	r3, .L12
 189 0008 1B78     		ldrb	r3, [r3]
 190 000a DBB2     		uxtb	r3, r3
 191 000c 23F00403 		bic	r3, r3, #4
 192 0010 DBB2     		uxtb	r3, r3
 193 0012 1370     		strb	r3, [r2]
 187:.\Generated_Source\PSoC5/IDAC8_1.c ****     IDAC8_1_STBY_PWRMGR &= (uint8)(~IDAC8_1_STBY_PWR_EN);
 194              		.loc 1 187 0
 195 0014 064A     		ldr	r2, .L12+4
 196 0016 064B     		ldr	r3, .L12+4
 197 0018 1B78     		ldrb	r3, [r3]
 198 001a DBB2     		uxtb	r3, r3
 199 001c 23F00403 		bic	r3, r3, #4
 200 0020 DBB2     		uxtb	r3, r3
 201 0022 1370     		strb	r3, [r2]
 188:.\Generated_Source\PSoC5/IDAC8_1.c ****     
 189:.\Generated_Source\PSoC5/IDAC8_1.c ****     #if (CY_PSOC5A)
 190:.\Generated_Source\PSoC5/IDAC8_1.c ****     
 191:.\Generated_Source\PSoC5/IDAC8_1.c ****         /* Set the global variable  */
 192:.\Generated_Source\PSoC5/IDAC8_1.c ****         IDAC8_1_restoreReg = 1u;
 193:.\Generated_Source\PSoC5/IDAC8_1.c **** 
 194:.\Generated_Source\PSoC5/IDAC8_1.c ****         /* Save the control register and then Clear it. */
 195:.\Generated_Source\PSoC5/IDAC8_1.c ****         IDAC8_1_lowPowerBackup.DACCR0Reg = IDAC8_1_CR0;
 196:.\Generated_Source\PSoC5/IDAC8_1.c ****         IDAC8_1_CR0 = (IDAC8_1_MODE_I | IDAC8_1_RANGE_3 | IDAC8_1_HS_HIGHSPEED);
 197:.\Generated_Source\PSoC5/IDAC8_1.c ****     #endif /* CY_PSOC5A */
 198:.\Generated_Source\PSoC5/IDAC8_1.c **** }
ARM GAS  C:\Users\Robert\AppData\Local\Temp\cce3ERzE.s 			page 8


 202              		.loc 1 198 0
 203 0024 BD46     		mov	sp, r7
 204              		.cfi_def_cfa_register 13
 205              		@ sp needed
 206 0026 5DF8047B 		ldr	r7, [sp], #4
 207              		.cfi_restore 7
 208              		.cfi_def_cfa_offset 0
 209 002a 7047     		bx	lr
 210              	.L13:
 211              		.align	2
 212              	.L12:
 213 002c A8430040 		.word	1073759144
 214 0030 B8430040 		.word	1073759160
 215              		.cfi_endproc
 216              	.LFE3:
 217              		.size	IDAC8_1_Stop, .-IDAC8_1_Stop
 218              		.section	.text.IDAC8_1_SetSpeed,"ax",%progbits
 219              		.align	2
 220              		.global	IDAC8_1_SetSpeed
 221              		.thumb
 222              		.thumb_func
 223              		.type	IDAC8_1_SetSpeed, %function
 224              	IDAC8_1_SetSpeed:
 225              	.LFB4:
 199:.\Generated_Source\PSoC5/IDAC8_1.c **** 
 200:.\Generated_Source\PSoC5/IDAC8_1.c **** 
 201:.\Generated_Source\PSoC5/IDAC8_1.c **** /*******************************************************************************
 202:.\Generated_Source\PSoC5/IDAC8_1.c **** * Function Name: IDAC8_1_SetSpeed
 203:.\Generated_Source\PSoC5/IDAC8_1.c **** ********************************************************************************
 204:.\Generated_Source\PSoC5/IDAC8_1.c **** * Summary:
 205:.\Generated_Source\PSoC5/IDAC8_1.c **** *  Set DAC speed
 206:.\Generated_Source\PSoC5/IDAC8_1.c **** *
 207:.\Generated_Source\PSoC5/IDAC8_1.c **** * Parameters:
 208:.\Generated_Source\PSoC5/IDAC8_1.c **** *  power: Sets speed value
 209:.\Generated_Source\PSoC5/IDAC8_1.c **** *
 210:.\Generated_Source\PSoC5/IDAC8_1.c **** * Return:
 211:.\Generated_Source\PSoC5/IDAC8_1.c **** *  (void)
 212:.\Generated_Source\PSoC5/IDAC8_1.c **** *
 213:.\Generated_Source\PSoC5/IDAC8_1.c **** * Theory:
 214:.\Generated_Source\PSoC5/IDAC8_1.c **** *
 215:.\Generated_Source\PSoC5/IDAC8_1.c **** * Side Effects:
 216:.\Generated_Source\PSoC5/IDAC8_1.c **** *
 217:.\Generated_Source\PSoC5/IDAC8_1.c **** *******************************************************************************/
 218:.\Generated_Source\PSoC5/IDAC8_1.c **** void IDAC8_1_SetSpeed(uint8 speed) 
 219:.\Generated_Source\PSoC5/IDAC8_1.c **** {
 226              		.loc 1 219 0
 227              		.cfi_startproc
 228              		@ args = 0, pretend = 0, frame = 8
 229              		@ frame_needed = 1, uses_anonymous_args = 0
 230              		@ link register save eliminated.
 231 0000 80B4     		push	{r7}
 232              		.cfi_def_cfa_offset 4
 233              		.cfi_offset 7, -4
 234 0002 83B0     		sub	sp, sp, #12
 235              		.cfi_def_cfa_offset 16
 236 0004 00AF     		add	r7, sp, #0
 237              		.cfi_def_cfa_register 7
ARM GAS  C:\Users\Robert\AppData\Local\Temp\cce3ERzE.s 			page 9


 238 0006 0346     		mov	r3, r0
 239 0008 FB71     		strb	r3, [r7, #7]
 220:.\Generated_Source\PSoC5/IDAC8_1.c ****     /* Clear power mask then write in new value */
 221:.\Generated_Source\PSoC5/IDAC8_1.c ****     IDAC8_1_CR0 &= (uint8)(~IDAC8_1_HS_MASK);
 240              		.loc 1 221 0
 241 000a 0C4A     		ldr	r2, .L15
 242 000c 0B4B     		ldr	r3, .L15
 243 000e 1B78     		ldrb	r3, [r3]
 244 0010 DBB2     		uxtb	r3, r3
 245 0012 23F00203 		bic	r3, r3, #2
 246 0016 DBB2     		uxtb	r3, r3
 247 0018 1370     		strb	r3, [r2]
 222:.\Generated_Source\PSoC5/IDAC8_1.c ****     IDAC8_1_CR0 |=  ( speed & IDAC8_1_HS_MASK);
 248              		.loc 1 222 0
 249 001a 0849     		ldr	r1, .L15
 250 001c 074B     		ldr	r3, .L15
 251 001e 1B78     		ldrb	r3, [r3]
 252 0020 DAB2     		uxtb	r2, r3
 253 0022 FB79     		ldrb	r3, [r7, #7]
 254 0024 03F00203 		and	r3, r3, #2
 255 0028 DBB2     		uxtb	r3, r3
 256 002a 1343     		orrs	r3, r3, r2
 257 002c DBB2     		uxtb	r3, r3
 258 002e 0B70     		strb	r3, [r1]
 223:.\Generated_Source\PSoC5/IDAC8_1.c **** }
 259              		.loc 1 223 0
 260 0030 0C37     		adds	r7, r7, #12
 261              		.cfi_def_cfa_offset 4
 262 0032 BD46     		mov	sp, r7
 263              		.cfi_def_cfa_register 13
 264              		@ sp needed
 265 0034 5DF8047B 		ldr	r7, [sp], #4
 266              		.cfi_restore 7
 267              		.cfi_def_cfa_offset 0
 268 0038 7047     		bx	lr
 269              	.L16:
 270 003a 00BF     		.align	2
 271              	.L15:
 272 003c 28580040 		.word	1073764392
 273              		.cfi_endproc
 274              	.LFE4:
 275              		.size	IDAC8_1_SetSpeed, .-IDAC8_1_SetSpeed
 276              		.section	.text.IDAC8_1_SetPolarity,"ax",%progbits
 277              		.align	2
 278              		.global	IDAC8_1_SetPolarity
 279              		.thumb
 280              		.thumb_func
 281              		.type	IDAC8_1_SetPolarity, %function
 282              	IDAC8_1_SetPolarity:
 283              	.LFB5:
 224:.\Generated_Source\PSoC5/IDAC8_1.c **** 
 225:.\Generated_Source\PSoC5/IDAC8_1.c **** 
 226:.\Generated_Source\PSoC5/IDAC8_1.c **** /*******************************************************************************
 227:.\Generated_Source\PSoC5/IDAC8_1.c **** * Function Name: IDAC8_1_SetPolarity
 228:.\Generated_Source\PSoC5/IDAC8_1.c **** ********************************************************************************
 229:.\Generated_Source\PSoC5/IDAC8_1.c **** * Summary:
 230:.\Generated_Source\PSoC5/IDAC8_1.c **** *  Sets IDAC to Sink or Source current.
ARM GAS  C:\Users\Robert\AppData\Local\Temp\cce3ERzE.s 			page 10


 231:.\Generated_Source\PSoC5/IDAC8_1.c **** *  
 232:.\Generated_Source\PSoC5/IDAC8_1.c **** * Parameters:
 233:.\Generated_Source\PSoC5/IDAC8_1.c **** *  Polarity: Sets the IDAC to Sink or Source 
 234:.\Generated_Source\PSoC5/IDAC8_1.c **** *  0x00 - Source
 235:.\Generated_Source\PSoC5/IDAC8_1.c **** *  0x04 - Sink
 236:.\Generated_Source\PSoC5/IDAC8_1.c **** *
 237:.\Generated_Source\PSoC5/IDAC8_1.c **** * Return:
 238:.\Generated_Source\PSoC5/IDAC8_1.c **** *  (void)
 239:.\Generated_Source\PSoC5/IDAC8_1.c **** *
 240:.\Generated_Source\PSoC5/IDAC8_1.c **** * Theory:
 241:.\Generated_Source\PSoC5/IDAC8_1.c **** *
 242:.\Generated_Source\PSoC5/IDAC8_1.c **** * Side Effects:
 243:.\Generated_Source\PSoC5/IDAC8_1.c **** *
 244:.\Generated_Source\PSoC5/IDAC8_1.c **** *******************************************************************************/
 245:.\Generated_Source\PSoC5/IDAC8_1.c **** #if(IDAC8_1_DEFAULT_POLARITY != IDAC8_1_HARDWARE_CONTROLLED)
 246:.\Generated_Source\PSoC5/IDAC8_1.c ****     void IDAC8_1_SetPolarity(uint8 polarity) 
 247:.\Generated_Source\PSoC5/IDAC8_1.c ****     {
 284              		.loc 1 247 0
 285              		.cfi_startproc
 286              		@ args = 0, pretend = 0, frame = 8
 287              		@ frame_needed = 1, uses_anonymous_args = 0
 288 0000 80B5     		push	{r7, lr}
 289              		.cfi_def_cfa_offset 8
 290              		.cfi_offset 7, -8
 291              		.cfi_offset 14, -4
 292 0002 82B0     		sub	sp, sp, #8
 293              		.cfi_def_cfa_offset 16
 294 0004 00AF     		add	r7, sp, #0
 295              		.cfi_def_cfa_register 7
 296 0006 0346     		mov	r3, r0
 297 0008 FB71     		strb	r3, [r7, #7]
 248:.\Generated_Source\PSoC5/IDAC8_1.c ****         IDAC8_1_CR1 &= (uint8)(~IDAC8_1_IDIR_MASK);                /* clear polarity bit */
 298              		.loc 1 248 0
 299 000a 0C4A     		ldr	r2, .L18
 300 000c 0B4B     		ldr	r3, .L18
 301 000e 1B78     		ldrb	r3, [r3]
 302 0010 DBB2     		uxtb	r3, r3
 303 0012 23F00403 		bic	r3, r3, #4
 304 0016 DBB2     		uxtb	r3, r3
 305 0018 1370     		strb	r3, [r2]
 249:.\Generated_Source\PSoC5/IDAC8_1.c ****         IDAC8_1_CR1 |= (polarity & IDAC8_1_IDIR_MASK);             /* set new value */
 306              		.loc 1 249 0
 307 001a 0849     		ldr	r1, .L18
 308 001c 074B     		ldr	r3, .L18
 309 001e 1B78     		ldrb	r3, [r3]
 310 0020 DAB2     		uxtb	r2, r3
 311 0022 FB79     		ldrb	r3, [r7, #7]
 312 0024 03F00403 		and	r3, r3, #4
 313 0028 DBB2     		uxtb	r3, r3
 314 002a 1343     		orrs	r3, r3, r2
 315 002c DBB2     		uxtb	r3, r3
 316 002e 0B70     		strb	r3, [r1]
 250:.\Generated_Source\PSoC5/IDAC8_1.c ****     
 251:.\Generated_Source\PSoC5/IDAC8_1.c ****         IDAC8_1_DacTrim();
 317              		.loc 1 251 0
 318 0030 FFF7FEFF 		bl	IDAC8_1_DacTrim
 252:.\Generated_Source\PSoC5/IDAC8_1.c ****     }
ARM GAS  C:\Users\Robert\AppData\Local\Temp\cce3ERzE.s 			page 11


 319              		.loc 1 252 0
 320 0034 0837     		adds	r7, r7, #8
 321              		.cfi_def_cfa_offset 8
 322 0036 BD46     		mov	sp, r7
 323              		.cfi_def_cfa_register 13
 324              		@ sp needed
 325 0038 80BD     		pop	{r7, pc}
 326              	.L19:
 327 003a 00BF     		.align	2
 328              	.L18:
 329 003c 29580040 		.word	1073764393
 330              		.cfi_endproc
 331              	.LFE5:
 332              		.size	IDAC8_1_SetPolarity, .-IDAC8_1_SetPolarity
 333              		.section	.text.IDAC8_1_SetRange,"ax",%progbits
 334              		.align	2
 335              		.global	IDAC8_1_SetRange
 336              		.thumb
 337              		.thumb_func
 338              		.type	IDAC8_1_SetRange, %function
 339              	IDAC8_1_SetRange:
 340              	.LFB6:
 253:.\Generated_Source\PSoC5/IDAC8_1.c **** #endif/*(IDAC8_1_DEFAULT_POLARITY != IDAC8_1_HARDWARE_CONTROLLED)*/
 254:.\Generated_Source\PSoC5/IDAC8_1.c **** 
 255:.\Generated_Source\PSoC5/IDAC8_1.c **** 
 256:.\Generated_Source\PSoC5/IDAC8_1.c **** /*******************************************************************************
 257:.\Generated_Source\PSoC5/IDAC8_1.c **** * Function Name: IDAC8_1_SetRange
 258:.\Generated_Source\PSoC5/IDAC8_1.c **** ********************************************************************************
 259:.\Generated_Source\PSoC5/IDAC8_1.c **** * Summary:
 260:.\Generated_Source\PSoC5/IDAC8_1.c **** *  Set current range
 261:.\Generated_Source\PSoC5/IDAC8_1.c **** *
 262:.\Generated_Source\PSoC5/IDAC8_1.c **** * Parameters:
 263:.\Generated_Source\PSoC5/IDAC8_1.c **** *  Range: Sets on of four valid ranges.
 264:.\Generated_Source\PSoC5/IDAC8_1.c **** *
 265:.\Generated_Source\PSoC5/IDAC8_1.c **** * Return:
 266:.\Generated_Source\PSoC5/IDAC8_1.c **** *  (void)
 267:.\Generated_Source\PSoC5/IDAC8_1.c **** *
 268:.\Generated_Source\PSoC5/IDAC8_1.c **** * Theory:
 269:.\Generated_Source\PSoC5/IDAC8_1.c **** *
 270:.\Generated_Source\PSoC5/IDAC8_1.c **** * Side Effects:
 271:.\Generated_Source\PSoC5/IDAC8_1.c **** *
 272:.\Generated_Source\PSoC5/IDAC8_1.c **** *******************************************************************************/
 273:.\Generated_Source\PSoC5/IDAC8_1.c **** void IDAC8_1_SetRange(uint8 range) 
 274:.\Generated_Source\PSoC5/IDAC8_1.c **** {
 341              		.loc 1 274 0
 342              		.cfi_startproc
 343              		@ args = 0, pretend = 0, frame = 8
 344              		@ frame_needed = 1, uses_anonymous_args = 0
 345 0000 80B5     		push	{r7, lr}
 346              		.cfi_def_cfa_offset 8
 347              		.cfi_offset 7, -8
 348              		.cfi_offset 14, -4
 349 0002 82B0     		sub	sp, sp, #8
 350              		.cfi_def_cfa_offset 16
 351 0004 00AF     		add	r7, sp, #0
 352              		.cfi_def_cfa_register 7
 353 0006 0346     		mov	r3, r0
ARM GAS  C:\Users\Robert\AppData\Local\Temp\cce3ERzE.s 			page 12


 354 0008 FB71     		strb	r3, [r7, #7]
 275:.\Generated_Source\PSoC5/IDAC8_1.c ****     IDAC8_1_CR0 &= (uint8)(~IDAC8_1_RANGE_MASK);       /* Clear existing mode */
 355              		.loc 1 275 0
 356 000a 0C4A     		ldr	r2, .L21
 357 000c 0B4B     		ldr	r3, .L21
 358 000e 1B78     		ldrb	r3, [r3]
 359 0010 DBB2     		uxtb	r3, r3
 360 0012 23F00C03 		bic	r3, r3, #12
 361 0016 DBB2     		uxtb	r3, r3
 362 0018 1370     		strb	r3, [r2]
 276:.\Generated_Source\PSoC5/IDAC8_1.c ****     IDAC8_1_CR0 |= ( range & IDAC8_1_RANGE_MASK );     /*  Set Range  */
 363              		.loc 1 276 0
 364 001a 0849     		ldr	r1, .L21
 365 001c 074B     		ldr	r3, .L21
 366 001e 1B78     		ldrb	r3, [r3]
 367 0020 DAB2     		uxtb	r2, r3
 368 0022 FB79     		ldrb	r3, [r7, #7]
 369 0024 03F00C03 		and	r3, r3, #12
 370 0028 DBB2     		uxtb	r3, r3
 371 002a 1343     		orrs	r3, r3, r2
 372 002c DBB2     		uxtb	r3, r3
 373 002e 0B70     		strb	r3, [r1]
 277:.\Generated_Source\PSoC5/IDAC8_1.c ****     IDAC8_1_DacTrim();
 374              		.loc 1 277 0
 375 0030 FFF7FEFF 		bl	IDAC8_1_DacTrim
 278:.\Generated_Source\PSoC5/IDAC8_1.c **** }
 376              		.loc 1 278 0
 377 0034 0837     		adds	r7, r7, #8
 378              		.cfi_def_cfa_offset 8
 379 0036 BD46     		mov	sp, r7
 380              		.cfi_def_cfa_register 13
 381              		@ sp needed
 382 0038 80BD     		pop	{r7, pc}
 383              	.L22:
 384 003a 00BF     		.align	2
 385              	.L21:
 386 003c 28580040 		.word	1073764392
 387              		.cfi_endproc
 388              	.LFE6:
 389              		.size	IDAC8_1_SetRange, .-IDAC8_1_SetRange
 390              		.section	.text.IDAC8_1_SetValue,"ax",%progbits
 391              		.align	2
 392              		.global	IDAC8_1_SetValue
 393              		.thumb
 394              		.thumb_func
 395              		.type	IDAC8_1_SetValue, %function
 396              	IDAC8_1_SetValue:
 397              	.LFB7:
 279:.\Generated_Source\PSoC5/IDAC8_1.c **** 
 280:.\Generated_Source\PSoC5/IDAC8_1.c **** 
 281:.\Generated_Source\PSoC5/IDAC8_1.c **** /*******************************************************************************
 282:.\Generated_Source\PSoC5/IDAC8_1.c **** * Function Name: IDAC8_1_SetValue
 283:.\Generated_Source\PSoC5/IDAC8_1.c **** ********************************************************************************
 284:.\Generated_Source\PSoC5/IDAC8_1.c **** * Summary:
 285:.\Generated_Source\PSoC5/IDAC8_1.c **** *  Set DAC value
 286:.\Generated_Source\PSoC5/IDAC8_1.c **** *
 287:.\Generated_Source\PSoC5/IDAC8_1.c **** * Parameters:
ARM GAS  C:\Users\Robert\AppData\Local\Temp\cce3ERzE.s 			page 13


 288:.\Generated_Source\PSoC5/IDAC8_1.c **** *  value: Sets DAC value between 0 and 255.
 289:.\Generated_Source\PSoC5/IDAC8_1.c **** *
 290:.\Generated_Source\PSoC5/IDAC8_1.c **** * Return:
 291:.\Generated_Source\PSoC5/IDAC8_1.c **** *  (void)
 292:.\Generated_Source\PSoC5/IDAC8_1.c **** *
 293:.\Generated_Source\PSoC5/IDAC8_1.c **** * Theory:
 294:.\Generated_Source\PSoC5/IDAC8_1.c **** *
 295:.\Generated_Source\PSoC5/IDAC8_1.c **** * Side Effects:
 296:.\Generated_Source\PSoC5/IDAC8_1.c **** *
 297:.\Generated_Source\PSoC5/IDAC8_1.c **** *******************************************************************************/
 298:.\Generated_Source\PSoC5/IDAC8_1.c **** void IDAC8_1_SetValue(uint8 value) 
 299:.\Generated_Source\PSoC5/IDAC8_1.c **** {
 398              		.loc 1 299 0
 399              		.cfi_startproc
 400              		@ args = 0, pretend = 0, frame = 8
 401              		@ frame_needed = 1, uses_anonymous_args = 0
 402              		@ link register save eliminated.
 403 0000 80B4     		push	{r7}
 404              		.cfi_def_cfa_offset 4
 405              		.cfi_offset 7, -4
 406 0002 83B0     		sub	sp, sp, #12
 407              		.cfi_def_cfa_offset 16
 408 0004 00AF     		add	r7, sp, #0
 409              		.cfi_def_cfa_register 7
 410 0006 0346     		mov	r3, r0
 411 0008 FB71     		strb	r3, [r7, #7]
 300:.\Generated_Source\PSoC5/IDAC8_1.c **** 
 301:.\Generated_Source\PSoC5/IDAC8_1.c ****     #if (CY_PSOC5A)
 302:.\Generated_Source\PSoC5/IDAC8_1.c ****         uint8 IDAC8_1_intrStatus = CyEnterCriticalSection();
 303:.\Generated_Source\PSoC5/IDAC8_1.c ****     #endif /* CY_PSOC5A */
 304:.\Generated_Source\PSoC5/IDAC8_1.c **** 
 305:.\Generated_Source\PSoC5/IDAC8_1.c ****     IDAC8_1_Data = value;         /*  Set Value  */
 412              		.loc 1 305 0
 413 000a 044A     		ldr	r2, .L24
 414 000c FB79     		ldrb	r3, [r7, #7]
 415 000e 1370     		strb	r3, [r2]
 306:.\Generated_Source\PSoC5/IDAC8_1.c ****     
 307:.\Generated_Source\PSoC5/IDAC8_1.c ****     /* PSOC5A silicons require a double write */
 308:.\Generated_Source\PSoC5/IDAC8_1.c ****     #if (CY_PSOC5A)
 309:.\Generated_Source\PSoC5/IDAC8_1.c ****         IDAC8_1_Data = value;
 310:.\Generated_Source\PSoC5/IDAC8_1.c ****         CyExitCriticalSection(IDAC8_1_intrStatus);
 311:.\Generated_Source\PSoC5/IDAC8_1.c ****     #endif /* CY_PSOC5A */
 312:.\Generated_Source\PSoC5/IDAC8_1.c **** }
 416              		.loc 1 312 0
 417 0010 0C37     		adds	r7, r7, #12
 418              		.cfi_def_cfa_offset 4
 419 0012 BD46     		mov	sp, r7
 420              		.cfi_def_cfa_register 13
 421              		@ sp needed
 422 0014 5DF8047B 		ldr	r7, [sp], #4
 423              		.cfi_restore 7
 424              		.cfi_def_cfa_offset 0
 425 0018 7047     		bx	lr
 426              	.L25:
 427 001a 00BF     		.align	2
 428              	.L24:
 429 001c 825B0040 		.word	1073765250
ARM GAS  C:\Users\Robert\AppData\Local\Temp\cce3ERzE.s 			page 14


 430              		.cfi_endproc
 431              	.LFE7:
 432              		.size	IDAC8_1_SetValue, .-IDAC8_1_SetValue
 433              		.section	.text.IDAC8_1_DacTrim,"ax",%progbits
 434              		.align	2
 435              		.global	IDAC8_1_DacTrim
 436              		.thumb
 437              		.thumb_func
 438              		.type	IDAC8_1_DacTrim, %function
 439              	IDAC8_1_DacTrim:
 440              	.LFB8:
 313:.\Generated_Source\PSoC5/IDAC8_1.c **** 
 314:.\Generated_Source\PSoC5/IDAC8_1.c **** 
 315:.\Generated_Source\PSoC5/IDAC8_1.c **** /*******************************************************************************
 316:.\Generated_Source\PSoC5/IDAC8_1.c **** * Function Name: IDAC8_1_DacTrim
 317:.\Generated_Source\PSoC5/IDAC8_1.c **** ********************************************************************************
 318:.\Generated_Source\PSoC5/IDAC8_1.c **** * Summary:
 319:.\Generated_Source\PSoC5/IDAC8_1.c **** *  Set the trim value for the given range.
 320:.\Generated_Source\PSoC5/IDAC8_1.c **** *
 321:.\Generated_Source\PSoC5/IDAC8_1.c **** * Parameters:
 322:.\Generated_Source\PSoC5/IDAC8_1.c **** *  None
 323:.\Generated_Source\PSoC5/IDAC8_1.c **** *
 324:.\Generated_Source\PSoC5/IDAC8_1.c **** * Return:
 325:.\Generated_Source\PSoC5/IDAC8_1.c **** *  (void) 
 326:.\Generated_Source\PSoC5/IDAC8_1.c **** *
 327:.\Generated_Source\PSoC5/IDAC8_1.c **** * Theory:
 328:.\Generated_Source\PSoC5/IDAC8_1.c **** *  Trim values for the IDAC blocks are stored in the "Customer Table" area in 
 329:.\Generated_Source\PSoC5/IDAC8_1.c **** *  Row 1 of the Hidden Flash.  There are 8 bytes of trim data for each 
 330:.\Generated_Source\PSoC5/IDAC8_1.c **** *  IDAC block.
 331:.\Generated_Source\PSoC5/IDAC8_1.c **** *  The values are:
 332:.\Generated_Source\PSoC5/IDAC8_1.c **** *       I Gain offset, min range, Sourcing
 333:.\Generated_Source\PSoC5/IDAC8_1.c **** *       I Gain offset, min range, Sinking
 334:.\Generated_Source\PSoC5/IDAC8_1.c **** *       I Gain offset, med range, Sourcing
 335:.\Generated_Source\PSoC5/IDAC8_1.c **** *       I Gain offset, med range, Sinking
 336:.\Generated_Source\PSoC5/IDAC8_1.c **** *       I Gain offset, max range, Sourcing
 337:.\Generated_Source\PSoC5/IDAC8_1.c **** *       I Gain offset, max range, Sinking
 338:.\Generated_Source\PSoC5/IDAC8_1.c **** *       V Gain offset, 1V range
 339:.\Generated_Source\PSoC5/IDAC8_1.c **** *       V Gain offset, 4V range
 340:.\Generated_Source\PSoC5/IDAC8_1.c **** *
 341:.\Generated_Source\PSoC5/IDAC8_1.c **** * Side Effects:
 342:.\Generated_Source\PSoC5/IDAC8_1.c **** *
 343:.\Generated_Source\PSoC5/IDAC8_1.c **** *******************************************************************************/
 344:.\Generated_Source\PSoC5/IDAC8_1.c **** void IDAC8_1_DacTrim(void) 
 345:.\Generated_Source\PSoC5/IDAC8_1.c **** {
 441              		.loc 1 345 0
 442              		.cfi_startproc
 443              		@ args = 0, pretend = 0, frame = 8
 444              		@ frame_needed = 1, uses_anonymous_args = 0
 445              		@ link register save eliminated.
 446 0000 80B4     		push	{r7}
 447              		.cfi_def_cfa_offset 4
 448              		.cfi_offset 7, -4
 449 0002 83B0     		sub	sp, sp, #12
 450              		.cfi_def_cfa_offset 16
 451 0004 00AF     		add	r7, sp, #0
 452              		.cfi_def_cfa_register 7
 346:.\Generated_Source\PSoC5/IDAC8_1.c ****     uint8 mode;
ARM GAS  C:\Users\Robert\AppData\Local\Temp\cce3ERzE.s 			page 15


 347:.\Generated_Source\PSoC5/IDAC8_1.c **** 
 348:.\Generated_Source\PSoC5/IDAC8_1.c ****     mode = ((IDAC8_1_CR0 & IDAC8_1_RANGE_MASK) >> 1u);
 453              		.loc 1 348 0
 454 0006 104B     		ldr	r3, .L28
 455 0008 1B78     		ldrb	r3, [r3]
 456 000a DBB2     		uxtb	r3, r3
 457 000c 03F00C03 		and	r3, r3, #12
 458 0010 5B08     		lsrs	r3, r3, #1
 459 0012 FB71     		strb	r3, [r7, #7]
 349:.\Generated_Source\PSoC5/IDAC8_1.c ****     
 350:.\Generated_Source\PSoC5/IDAC8_1.c ****     if((IDAC8_1_IDIR_MASK & IDAC8_1_CR1) == IDAC8_1_IDIR_SINK)
 460              		.loc 1 350 0
 461 0014 0D4B     		ldr	r3, .L28+4
 462 0016 1B78     		ldrb	r3, [r3]
 463 0018 DBB2     		uxtb	r3, r3
 464 001a 03F00403 		and	r3, r3, #4
 465 001e DBB2     		uxtb	r3, r3
 466 0020 002B     		cmp	r3, #0
 467 0022 02D0     		beq	.L27
 351:.\Generated_Source\PSoC5/IDAC8_1.c ****     {
 352:.\Generated_Source\PSoC5/IDAC8_1.c ****         mode++;
 468              		.loc 1 352 0
 469 0024 FB79     		ldrb	r3, [r7, #7]	@ zero_extendqisi2
 470 0026 0133     		adds	r3, r3, #1
 471 0028 FB71     		strb	r3, [r7, #7]
 472              	.L27:
 353:.\Generated_Source\PSoC5/IDAC8_1.c ****     }
 354:.\Generated_Source\PSoC5/IDAC8_1.c **** 
 355:.\Generated_Source\PSoC5/IDAC8_1.c ****     IDAC8_1_TR = CY_GET_XTND_REG8((uint8 *)(IDAC8_1_DAC_TRIM_BASE + mode));
 473              		.loc 1 355 0
 474 002a 094A     		ldr	r2, .L28+8
 475 002c FB79     		ldrb	r3, [r7, #7]	@ zero_extendqisi2
 476 002e 03F19243 		add	r3, r3, #1224736768
 477 0032 03F59473 		add	r3, r3, #296
 478 0036 1B78     		ldrb	r3, [r3]
 479 0038 DBB2     		uxtb	r3, r3
 480 003a 1370     		strb	r3, [r2]
 356:.\Generated_Source\PSoC5/IDAC8_1.c **** }
 481              		.loc 1 356 0
 482 003c 0C37     		adds	r7, r7, #12
 483              		.cfi_def_cfa_offset 4
 484 003e BD46     		mov	sp, r7
 485              		.cfi_def_cfa_register 13
 486              		@ sp needed
 487 0040 5DF8047B 		ldr	r7, [sp], #4
 488              		.cfi_restore 7
 489              		.cfi_def_cfa_offset 0
 490 0044 7047     		bx	lr
 491              	.L29:
 492 0046 00BF     		.align	2
 493              	.L28:
 494 0048 28580040 		.word	1073764392
 495 004c 29580040 		.word	1073764393
 496 0050 0A460040 		.word	1073759754
 497              		.cfi_endproc
 498              	.LFE8:
 499              		.size	IDAC8_1_DacTrim, .-IDAC8_1_DacTrim
ARM GAS  C:\Users\Robert\AppData\Local\Temp\cce3ERzE.s 			page 16


 500              		.text
 501              	.Letext0:
 502              		.file 2 ".\\Generated_Source\\PSoC5\\cytypes.h"
 503              		.section	.debug_info,"",%progbits
 504              	.Ldebug_info0:
 505 0000 A8010000 		.4byte	0x1a8
 506 0004 0400     		.2byte	0x4
 507 0006 00000000 		.4byte	.Ldebug_abbrev0
 508 000a 04       		.byte	0x4
 509 000b 01       		.uleb128 0x1
 510 000c 80000000 		.4byte	.LASF27
 511 0010 01       		.byte	0x1
 512 0011 0E010000 		.4byte	.LASF28
 513 0015 0A020000 		.4byte	.LASF29
 514 0019 00000000 		.4byte	.Ldebug_ranges0+0
 515 001d 00000000 		.4byte	0
 516 0021 00000000 		.4byte	.Ldebug_line0
 517 0025 02       		.uleb128 0x2
 518 0026 01       		.byte	0x1
 519 0027 06       		.byte	0x6
 520 0028 59010000 		.4byte	.LASF0
 521 002c 02       		.uleb128 0x2
 522 002d 01       		.byte	0x1
 523 002e 08       		.byte	0x8
 524 002f 31010000 		.4byte	.LASF1
 525 0033 02       		.uleb128 0x2
 526 0034 02       		.byte	0x2
 527 0035 05       		.byte	0x5
 528 0036 10000000 		.4byte	.LASF2
 529 003a 02       		.uleb128 0x2
 530 003b 02       		.byte	0x2
 531 003c 07       		.byte	0x7
 532 003d 9D010000 		.4byte	.LASF3
 533 0041 02       		.uleb128 0x2
 534 0042 04       		.byte	0x4
 535 0043 05       		.byte	0x5
 536 0044 B5010000 		.4byte	.LASF4
 537 0048 02       		.uleb128 0x2
 538 0049 04       		.byte	0x4
 539 004a 07       		.byte	0x7
 540 004b E1010000 		.4byte	.LASF5
 541 004f 02       		.uleb128 0x2
 542 0050 08       		.byte	0x8
 543 0051 05       		.byte	0x5
 544 0052 72000000 		.4byte	.LASF6
 545 0056 02       		.uleb128 0x2
 546 0057 08       		.byte	0x8
 547 0058 07       		.byte	0x7
 548 0059 65010000 		.4byte	.LASF7
 549 005d 03       		.uleb128 0x3
 550 005e 04       		.byte	0x4
 551 005f 05       		.byte	0x5
 552 0060 696E7400 		.ascii	"int\000"
 553 0064 02       		.uleb128 0x2
 554 0065 04       		.byte	0x4
 555 0066 07       		.byte	0x7
 556 0067 8A010000 		.4byte	.LASF8
ARM GAS  C:\Users\Robert\AppData\Local\Temp\cce3ERzE.s 			page 17


 557 006b 04       		.uleb128 0x4
 558 006c 57000000 		.4byte	.LASF12
 559 0070 02       		.byte	0x2
 560 0071 A1       		.byte	0xa1
 561 0072 2C000000 		.4byte	0x2c
 562 0076 02       		.uleb128 0x2
 563 0077 04       		.byte	0x4
 564 0078 04       		.byte	0x4
 565 0079 6C000000 		.4byte	.LASF9
 566 007d 02       		.uleb128 0x2
 567 007e 08       		.byte	0x8
 568 007f 04       		.byte	0x4
 569 0080 F3010000 		.4byte	.LASF10
 570 0084 02       		.uleb128 0x2
 571 0085 01       		.byte	0x1
 572 0086 08       		.byte	0x8
 573 0087 B0010000 		.4byte	.LASF11
 574 008b 05       		.uleb128 0x5
 575 008c DC010000 		.4byte	.LASF13
 576 0090 02       		.byte	0x2
 577 0091 4B01     		.2byte	0x14b
 578 0093 97000000 		.4byte	0x97
 579 0097 06       		.uleb128 0x6
 580 0098 6B000000 		.4byte	0x6b
 581 009c 07       		.uleb128 0x7
 582 009d BE010000 		.4byte	.LASF14
 583 00a1 01       		.byte	0x1
 584 00a2 3A       		.byte	0x3a
 585 00a3 00000000 		.4byte	.LFB0
 586 00a7 34000000 		.4byte	.LFE0-.LFB0
 587 00ab 01       		.uleb128 0x1
 588 00ac 9C       		.byte	0x9c
 589 00ad 08       		.uleb128 0x8
 590 00ae 5D000000 		.4byte	.LASF15
 591 00b2 01       		.byte	0x1
 592 00b3 6F       		.byte	0x6f
 593 00b4 00000000 		.4byte	.LFB1
 594 00b8 34000000 		.4byte	.LFE1-.LFB1
 595 00bc 01       		.uleb128 0x1
 596 00bd 9C       		.byte	0x9c
 597 00be 07       		.uleb128 0x7
 598 00bf 7C010000 		.4byte	.LASF16
 599 00c3 01       		.byte	0x1
 600 00c4 93       		.byte	0x93
 601 00c5 00000000 		.4byte	.LFB2
 602 00c9 28000000 		.4byte	.LFE2-.LFB2
 603 00cd 01       		.uleb128 0x1
 604 00ce 9C       		.byte	0x9c
 605 00cf 08       		.uleb128 0x8
 606 00d0 30000000 		.4byte	.LASF17
 607 00d4 01       		.byte	0x1
 608 00d5 B7       		.byte	0xb7
 609 00d6 00000000 		.4byte	.LFB3
 610 00da 34000000 		.4byte	.LFE3-.LFB3
 611 00de 01       		.uleb128 0x1
 612 00df 9C       		.byte	0x9c
 613 00e0 09       		.uleb128 0x9
ARM GAS  C:\Users\Robert\AppData\Local\Temp\cce3ERzE.s 			page 18


 614 00e1 1A000000 		.4byte	.LASF18
 615 00e5 01       		.byte	0x1
 616 00e6 DA       		.byte	0xda
 617 00e7 00000000 		.4byte	.LFB4
 618 00eb 40000000 		.4byte	.LFE4-.LFB4
 619 00ef 01       		.uleb128 0x1
 620 00f0 9C       		.byte	0x9c
 621 00f1 04010000 		.4byte	0x104
 622 00f5 0A       		.uleb128 0xa
 623 00f6 97010000 		.4byte	.LASF20
 624 00fa 01       		.byte	0x1
 625 00fb DA       		.byte	0xda
 626 00fc 6B000000 		.4byte	0x6b
 627 0100 02       		.uleb128 0x2
 628 0101 91       		.byte	0x91
 629 0102 77       		.sleb128 -9
 630 0103 00       		.byte	0
 631 0104 0B       		.uleb128 0xb
 632 0105 3D000000 		.4byte	.LASF19
 633 0109 01       		.byte	0x1
 634 010a F6       		.byte	0xf6
 635 010b 00000000 		.4byte	.LFB5
 636 010f 40000000 		.4byte	.LFE5-.LFB5
 637 0113 01       		.uleb128 0x1
 638 0114 9C       		.byte	0x9c
 639 0115 28010000 		.4byte	0x128
 640 0119 0A       		.uleb128 0xa
 641 011a 3F010000 		.4byte	.LASF21
 642 011e 01       		.byte	0x1
 643 011f F6       		.byte	0xf6
 644 0120 6B000000 		.4byte	0x6b
 645 0124 02       		.uleb128 0x2
 646 0125 91       		.byte	0x91
 647 0126 77       		.sleb128 -9
 648 0127 00       		.byte	0
 649 0128 0C       		.uleb128 0xc
 650 0129 48010000 		.4byte	.LASF22
 651 012d 01       		.byte	0x1
 652 012e 1101     		.2byte	0x111
 653 0130 00000000 		.4byte	.LFB6
 654 0134 40000000 		.4byte	.LFE6-.LFB6
 655 0138 01       		.uleb128 0x1
 656 0139 9C       		.byte	0x9c
 657 013a 4E010000 		.4byte	0x14e
 658 013e 0D       		.uleb128 0xd
 659 013f 41020000 		.4byte	.LASF23
 660 0143 01       		.byte	0x1
 661 0144 1101     		.2byte	0x111
 662 0146 6B000000 		.4byte	0x6b
 663 014a 02       		.uleb128 0x2
 664 014b 91       		.byte	0x91
 665 014c 77       		.sleb128 -9
 666 014d 00       		.byte	0
 667 014e 0E       		.uleb128 0xe
 668 014f CB010000 		.4byte	.LASF24
 669 0153 01       		.byte	0x1
 670 0154 2A01     		.2byte	0x12a
ARM GAS  C:\Users\Robert\AppData\Local\Temp\cce3ERzE.s 			page 19


 671 0156 00000000 		.4byte	.LFB7
 672 015a 20000000 		.4byte	.LFE7-.LFB7
 673 015e 01       		.uleb128 0x1
 674 015f 9C       		.byte	0x9c
 675 0160 74010000 		.4byte	0x174
 676 0164 0D       		.uleb128 0xd
 677 0165 51000000 		.4byte	.LASF25
 678 0169 01       		.byte	0x1
 679 016a 2A01     		.2byte	0x12a
 680 016c 6B000000 		.4byte	0x6b
 681 0170 02       		.uleb128 0x2
 682 0171 91       		.byte	0x91
 683 0172 77       		.sleb128 -9
 684 0173 00       		.byte	0
 685 0174 0E       		.uleb128 0xe
 686 0175 FA010000 		.4byte	.LASF26
 687 0179 01       		.byte	0x1
 688 017a 5801     		.2byte	0x158
 689 017c 00000000 		.4byte	.LFB8
 690 0180 54000000 		.4byte	.LFE8-.LFB8
 691 0184 01       		.uleb128 0x1
 692 0185 9C       		.byte	0x9c
 693 0186 9A010000 		.4byte	0x19a
 694 018a 0F       		.uleb128 0xf
 695 018b 2B000000 		.4byte	.LASF30
 696 018f 01       		.byte	0x1
 697 0190 5A01     		.2byte	0x15a
 698 0192 6B000000 		.4byte	0x6b
 699 0196 02       		.uleb128 0x2
 700 0197 91       		.byte	0x91
 701 0198 77       		.sleb128 -9
 702 0199 00       		.byte	0
 703 019a 10       		.uleb128 0x10
 704 019b 00000000 		.4byte	.LASF31
 705 019f 01       		.byte	0x1
 706 01a0 1B       		.byte	0x1b
 707 01a1 6B000000 		.4byte	0x6b
 708 01a5 05       		.uleb128 0x5
 709 01a6 03       		.byte	0x3
 710 01a7 00000000 		.4byte	IDAC8_1_initVar
 711 01ab 00       		.byte	0
 712              		.section	.debug_abbrev,"",%progbits
 713              	.Ldebug_abbrev0:
 714 0000 01       		.uleb128 0x1
 715 0001 11       		.uleb128 0x11
 716 0002 01       		.byte	0x1
 717 0003 25       		.uleb128 0x25
 718 0004 0E       		.uleb128 0xe
 719 0005 13       		.uleb128 0x13
 720 0006 0B       		.uleb128 0xb
 721 0007 03       		.uleb128 0x3
 722 0008 0E       		.uleb128 0xe
 723 0009 1B       		.uleb128 0x1b
 724 000a 0E       		.uleb128 0xe
 725 000b 55       		.uleb128 0x55
 726 000c 17       		.uleb128 0x17
 727 000d 11       		.uleb128 0x11
ARM GAS  C:\Users\Robert\AppData\Local\Temp\cce3ERzE.s 			page 20


 728 000e 01       		.uleb128 0x1
 729 000f 10       		.uleb128 0x10
 730 0010 17       		.uleb128 0x17
 731 0011 00       		.byte	0
 732 0012 00       		.byte	0
 733 0013 02       		.uleb128 0x2
 734 0014 24       		.uleb128 0x24
 735 0015 00       		.byte	0
 736 0016 0B       		.uleb128 0xb
 737 0017 0B       		.uleb128 0xb
 738 0018 3E       		.uleb128 0x3e
 739 0019 0B       		.uleb128 0xb
 740 001a 03       		.uleb128 0x3
 741 001b 0E       		.uleb128 0xe
 742 001c 00       		.byte	0
 743 001d 00       		.byte	0
 744 001e 03       		.uleb128 0x3
 745 001f 24       		.uleb128 0x24
 746 0020 00       		.byte	0
 747 0021 0B       		.uleb128 0xb
 748 0022 0B       		.uleb128 0xb
 749 0023 3E       		.uleb128 0x3e
 750 0024 0B       		.uleb128 0xb
 751 0025 03       		.uleb128 0x3
 752 0026 08       		.uleb128 0x8
 753 0027 00       		.byte	0
 754 0028 00       		.byte	0
 755 0029 04       		.uleb128 0x4
 756 002a 16       		.uleb128 0x16
 757 002b 00       		.byte	0
 758 002c 03       		.uleb128 0x3
 759 002d 0E       		.uleb128 0xe
 760 002e 3A       		.uleb128 0x3a
 761 002f 0B       		.uleb128 0xb
 762 0030 3B       		.uleb128 0x3b
 763 0031 0B       		.uleb128 0xb
 764 0032 49       		.uleb128 0x49
 765 0033 13       		.uleb128 0x13
 766 0034 00       		.byte	0
 767 0035 00       		.byte	0
 768 0036 05       		.uleb128 0x5
 769 0037 16       		.uleb128 0x16
 770 0038 00       		.byte	0
 771 0039 03       		.uleb128 0x3
 772 003a 0E       		.uleb128 0xe
 773 003b 3A       		.uleb128 0x3a
 774 003c 0B       		.uleb128 0xb
 775 003d 3B       		.uleb128 0x3b
 776 003e 05       		.uleb128 0x5
 777 003f 49       		.uleb128 0x49
 778 0040 13       		.uleb128 0x13
 779 0041 00       		.byte	0
 780 0042 00       		.byte	0
 781 0043 06       		.uleb128 0x6
 782 0044 35       		.uleb128 0x35
 783 0045 00       		.byte	0
 784 0046 49       		.uleb128 0x49
ARM GAS  C:\Users\Robert\AppData\Local\Temp\cce3ERzE.s 			page 21


 785 0047 13       		.uleb128 0x13
 786 0048 00       		.byte	0
 787 0049 00       		.byte	0
 788 004a 07       		.uleb128 0x7
 789 004b 2E       		.uleb128 0x2e
 790 004c 00       		.byte	0
 791 004d 3F       		.uleb128 0x3f
 792 004e 19       		.uleb128 0x19
 793 004f 03       		.uleb128 0x3
 794 0050 0E       		.uleb128 0xe
 795 0051 3A       		.uleb128 0x3a
 796 0052 0B       		.uleb128 0xb
 797 0053 3B       		.uleb128 0x3b
 798 0054 0B       		.uleb128 0xb
 799 0055 27       		.uleb128 0x27
 800 0056 19       		.uleb128 0x19
 801 0057 11       		.uleb128 0x11
 802 0058 01       		.uleb128 0x1
 803 0059 12       		.uleb128 0x12
 804 005a 06       		.uleb128 0x6
 805 005b 40       		.uleb128 0x40
 806 005c 18       		.uleb128 0x18
 807 005d 9642     		.uleb128 0x2116
 808 005f 19       		.uleb128 0x19
 809 0060 00       		.byte	0
 810 0061 00       		.byte	0
 811 0062 08       		.uleb128 0x8
 812 0063 2E       		.uleb128 0x2e
 813 0064 00       		.byte	0
 814 0065 3F       		.uleb128 0x3f
 815 0066 19       		.uleb128 0x19
 816 0067 03       		.uleb128 0x3
 817 0068 0E       		.uleb128 0xe
 818 0069 3A       		.uleb128 0x3a
 819 006a 0B       		.uleb128 0xb
 820 006b 3B       		.uleb128 0x3b
 821 006c 0B       		.uleb128 0xb
 822 006d 27       		.uleb128 0x27
 823 006e 19       		.uleb128 0x19
 824 006f 11       		.uleb128 0x11
 825 0070 01       		.uleb128 0x1
 826 0071 12       		.uleb128 0x12
 827 0072 06       		.uleb128 0x6
 828 0073 40       		.uleb128 0x40
 829 0074 18       		.uleb128 0x18
 830 0075 9742     		.uleb128 0x2117
 831 0077 19       		.uleb128 0x19
 832 0078 00       		.byte	0
 833 0079 00       		.byte	0
 834 007a 09       		.uleb128 0x9
 835 007b 2E       		.uleb128 0x2e
 836 007c 01       		.byte	0x1
 837 007d 3F       		.uleb128 0x3f
 838 007e 19       		.uleb128 0x19
 839 007f 03       		.uleb128 0x3
 840 0080 0E       		.uleb128 0xe
 841 0081 3A       		.uleb128 0x3a
ARM GAS  C:\Users\Robert\AppData\Local\Temp\cce3ERzE.s 			page 22


 842 0082 0B       		.uleb128 0xb
 843 0083 3B       		.uleb128 0x3b
 844 0084 0B       		.uleb128 0xb
 845 0085 27       		.uleb128 0x27
 846 0086 19       		.uleb128 0x19
 847 0087 11       		.uleb128 0x11
 848 0088 01       		.uleb128 0x1
 849 0089 12       		.uleb128 0x12
 850 008a 06       		.uleb128 0x6
 851 008b 40       		.uleb128 0x40
 852 008c 18       		.uleb128 0x18
 853 008d 9742     		.uleb128 0x2117
 854 008f 19       		.uleb128 0x19
 855 0090 01       		.uleb128 0x1
 856 0091 13       		.uleb128 0x13
 857 0092 00       		.byte	0
 858 0093 00       		.byte	0
 859 0094 0A       		.uleb128 0xa
 860 0095 05       		.uleb128 0x5
 861 0096 00       		.byte	0
 862 0097 03       		.uleb128 0x3
 863 0098 0E       		.uleb128 0xe
 864 0099 3A       		.uleb128 0x3a
 865 009a 0B       		.uleb128 0xb
 866 009b 3B       		.uleb128 0x3b
 867 009c 0B       		.uleb128 0xb
 868 009d 49       		.uleb128 0x49
 869 009e 13       		.uleb128 0x13
 870 009f 02       		.uleb128 0x2
 871 00a0 18       		.uleb128 0x18
 872 00a1 00       		.byte	0
 873 00a2 00       		.byte	0
 874 00a3 0B       		.uleb128 0xb
 875 00a4 2E       		.uleb128 0x2e
 876 00a5 01       		.byte	0x1
 877 00a6 3F       		.uleb128 0x3f
 878 00a7 19       		.uleb128 0x19
 879 00a8 03       		.uleb128 0x3
 880 00a9 0E       		.uleb128 0xe
 881 00aa 3A       		.uleb128 0x3a
 882 00ab 0B       		.uleb128 0xb
 883 00ac 3B       		.uleb128 0x3b
 884 00ad 0B       		.uleb128 0xb
 885 00ae 27       		.uleb128 0x27
 886 00af 19       		.uleb128 0x19
 887 00b0 11       		.uleb128 0x11
 888 00b1 01       		.uleb128 0x1
 889 00b2 12       		.uleb128 0x12
 890 00b3 06       		.uleb128 0x6
 891 00b4 40       		.uleb128 0x40
 892 00b5 18       		.uleb128 0x18
 893 00b6 9642     		.uleb128 0x2116
 894 00b8 19       		.uleb128 0x19
 895 00b9 01       		.uleb128 0x1
 896 00ba 13       		.uleb128 0x13
 897 00bb 00       		.byte	0
 898 00bc 00       		.byte	0
ARM GAS  C:\Users\Robert\AppData\Local\Temp\cce3ERzE.s 			page 23


 899 00bd 0C       		.uleb128 0xc
 900 00be 2E       		.uleb128 0x2e
 901 00bf 01       		.byte	0x1
 902 00c0 3F       		.uleb128 0x3f
 903 00c1 19       		.uleb128 0x19
 904 00c2 03       		.uleb128 0x3
 905 00c3 0E       		.uleb128 0xe
 906 00c4 3A       		.uleb128 0x3a
 907 00c5 0B       		.uleb128 0xb
 908 00c6 3B       		.uleb128 0x3b
 909 00c7 05       		.uleb128 0x5
 910 00c8 27       		.uleb128 0x27
 911 00c9 19       		.uleb128 0x19
 912 00ca 11       		.uleb128 0x11
 913 00cb 01       		.uleb128 0x1
 914 00cc 12       		.uleb128 0x12
 915 00cd 06       		.uleb128 0x6
 916 00ce 40       		.uleb128 0x40
 917 00cf 18       		.uleb128 0x18
 918 00d0 9642     		.uleb128 0x2116
 919 00d2 19       		.uleb128 0x19
 920 00d3 01       		.uleb128 0x1
 921 00d4 13       		.uleb128 0x13
 922 00d5 00       		.byte	0
 923 00d6 00       		.byte	0
 924 00d7 0D       		.uleb128 0xd
 925 00d8 05       		.uleb128 0x5
 926 00d9 00       		.byte	0
 927 00da 03       		.uleb128 0x3
 928 00db 0E       		.uleb128 0xe
 929 00dc 3A       		.uleb128 0x3a
 930 00dd 0B       		.uleb128 0xb
 931 00de 3B       		.uleb128 0x3b
 932 00df 05       		.uleb128 0x5
 933 00e0 49       		.uleb128 0x49
 934 00e1 13       		.uleb128 0x13
 935 00e2 02       		.uleb128 0x2
 936 00e3 18       		.uleb128 0x18
 937 00e4 00       		.byte	0
 938 00e5 00       		.byte	0
 939 00e6 0E       		.uleb128 0xe
 940 00e7 2E       		.uleb128 0x2e
 941 00e8 01       		.byte	0x1
 942 00e9 3F       		.uleb128 0x3f
 943 00ea 19       		.uleb128 0x19
 944 00eb 03       		.uleb128 0x3
 945 00ec 0E       		.uleb128 0xe
 946 00ed 3A       		.uleb128 0x3a
 947 00ee 0B       		.uleb128 0xb
 948 00ef 3B       		.uleb128 0x3b
 949 00f0 05       		.uleb128 0x5
 950 00f1 27       		.uleb128 0x27
 951 00f2 19       		.uleb128 0x19
 952 00f3 11       		.uleb128 0x11
 953 00f4 01       		.uleb128 0x1
 954 00f5 12       		.uleb128 0x12
 955 00f6 06       		.uleb128 0x6
ARM GAS  C:\Users\Robert\AppData\Local\Temp\cce3ERzE.s 			page 24


 956 00f7 40       		.uleb128 0x40
 957 00f8 18       		.uleb128 0x18
 958 00f9 9742     		.uleb128 0x2117
 959 00fb 19       		.uleb128 0x19
 960 00fc 01       		.uleb128 0x1
 961 00fd 13       		.uleb128 0x13
 962 00fe 00       		.byte	0
 963 00ff 00       		.byte	0
 964 0100 0F       		.uleb128 0xf
 965 0101 34       		.uleb128 0x34
 966 0102 00       		.byte	0
 967 0103 03       		.uleb128 0x3
 968 0104 0E       		.uleb128 0xe
 969 0105 3A       		.uleb128 0x3a
 970 0106 0B       		.uleb128 0xb
 971 0107 3B       		.uleb128 0x3b
 972 0108 05       		.uleb128 0x5
 973 0109 49       		.uleb128 0x49
 974 010a 13       		.uleb128 0x13
 975 010b 02       		.uleb128 0x2
 976 010c 18       		.uleb128 0x18
 977 010d 00       		.byte	0
 978 010e 00       		.byte	0
 979 010f 10       		.uleb128 0x10
 980 0110 34       		.uleb128 0x34
 981 0111 00       		.byte	0
 982 0112 03       		.uleb128 0x3
 983 0113 0E       		.uleb128 0xe
 984 0114 3A       		.uleb128 0x3a
 985 0115 0B       		.uleb128 0xb
 986 0116 3B       		.uleb128 0x3b
 987 0117 0B       		.uleb128 0xb
 988 0118 49       		.uleb128 0x49
 989 0119 13       		.uleb128 0x13
 990 011a 3F       		.uleb128 0x3f
 991 011b 19       		.uleb128 0x19
 992 011c 02       		.uleb128 0x2
 993 011d 18       		.uleb128 0x18
 994 011e 00       		.byte	0
 995 011f 00       		.byte	0
 996 0120 00       		.byte	0
 997              		.section	.debug_aranges,"",%progbits
 998 0000 5C000000 		.4byte	0x5c
 999 0004 0200     		.2byte	0x2
 1000 0006 00000000 		.4byte	.Ldebug_info0
 1001 000a 04       		.byte	0x4
 1002 000b 00       		.byte	0
 1003 000c 0000     		.2byte	0
 1004 000e 0000     		.2byte	0
 1005 0010 00000000 		.4byte	.LFB0
 1006 0014 34000000 		.4byte	.LFE0-.LFB0
 1007 0018 00000000 		.4byte	.LFB1
 1008 001c 34000000 		.4byte	.LFE1-.LFB1
 1009 0020 00000000 		.4byte	.LFB2
 1010 0024 28000000 		.4byte	.LFE2-.LFB2
 1011 0028 00000000 		.4byte	.LFB3
 1012 002c 34000000 		.4byte	.LFE3-.LFB3
ARM GAS  C:\Users\Robert\AppData\Local\Temp\cce3ERzE.s 			page 25


 1013 0030 00000000 		.4byte	.LFB4
 1014 0034 40000000 		.4byte	.LFE4-.LFB4
 1015 0038 00000000 		.4byte	.LFB5
 1016 003c 40000000 		.4byte	.LFE5-.LFB5
 1017 0040 00000000 		.4byte	.LFB6
 1018 0044 40000000 		.4byte	.LFE6-.LFB6
 1019 0048 00000000 		.4byte	.LFB7
 1020 004c 20000000 		.4byte	.LFE7-.LFB7
 1021 0050 00000000 		.4byte	.LFB8
 1022 0054 54000000 		.4byte	.LFE8-.LFB8
 1023 0058 00000000 		.4byte	0
 1024 005c 00000000 		.4byte	0
 1025              		.section	.debug_ranges,"",%progbits
 1026              	.Ldebug_ranges0:
 1027 0000 00000000 		.4byte	.LFB0
 1028 0004 34000000 		.4byte	.LFE0
 1029 0008 00000000 		.4byte	.LFB1
 1030 000c 34000000 		.4byte	.LFE1
 1031 0010 00000000 		.4byte	.LFB2
 1032 0014 28000000 		.4byte	.LFE2
 1033 0018 00000000 		.4byte	.LFB3
 1034 001c 34000000 		.4byte	.LFE3
 1035 0020 00000000 		.4byte	.LFB4
 1036 0024 40000000 		.4byte	.LFE4
 1037 0028 00000000 		.4byte	.LFB5
 1038 002c 40000000 		.4byte	.LFE5
 1039 0030 00000000 		.4byte	.LFB6
 1040 0034 40000000 		.4byte	.LFE6
 1041 0038 00000000 		.4byte	.LFB7
 1042 003c 20000000 		.4byte	.LFE7
 1043 0040 00000000 		.4byte	.LFB8
 1044 0044 54000000 		.4byte	.LFE8
 1045 0048 00000000 		.4byte	0
 1046 004c 00000000 		.4byte	0
 1047              		.section	.debug_line,"",%progbits
 1048              	.Ldebug_line0:
 1049 0000 05010000 		.section	.debug_str,"MS",%progbits,1
 1049      02004600 
 1049      00000201 
 1049      FB0E0D00 
 1049      01010101 
 1050              	.LASF31:
 1051 0000 49444143 		.ascii	"IDAC8_1_initVar\000"
 1051      385F315F 
 1051      696E6974 
 1051      56617200 
 1052              	.LASF2:
 1053 0010 73686F72 		.ascii	"short int\000"
 1053      7420696E 
 1053      7400
 1054              	.LASF18:
 1055 001a 49444143 		.ascii	"IDAC8_1_SetSpeed\000"
 1055      385F315F 
 1055      53657453 
 1055      70656564 
 1055      00
 1056              	.LASF30:
ARM GAS  C:\Users\Robert\AppData\Local\Temp\cce3ERzE.s 			page 26


 1057 002b 6D6F6465 		.ascii	"mode\000"
 1057      00
 1058              	.LASF17:
 1059 0030 49444143 		.ascii	"IDAC8_1_Stop\000"
 1059      385F315F 
 1059      53746F70 
 1059      00
 1060              	.LASF19:
 1061 003d 49444143 		.ascii	"IDAC8_1_SetPolarity\000"
 1061      385F315F 
 1061      53657450 
 1061      6F6C6172 
 1061      69747900 
 1062              	.LASF25:
 1063 0051 76616C75 		.ascii	"value\000"
 1063      6500
 1064              	.LASF12:
 1065 0057 75696E74 		.ascii	"uint8\000"
 1065      3800
 1066              	.LASF15:
 1067 005d 49444143 		.ascii	"IDAC8_1_Enable\000"
 1067      385F315F 
 1067      456E6162 
 1067      6C6500
 1068              	.LASF9:
 1069 006c 666C6F61 		.ascii	"float\000"
 1069      7400
 1070              	.LASF6:
 1071 0072 6C6F6E67 		.ascii	"long long int\000"
 1071      206C6F6E 
 1071      6720696E 
 1071      7400
 1072              	.LASF27:
 1073 0080 474E5520 		.ascii	"GNU C 4.9.3 20150303 (release) [ARM/embedded-4_9-br"
 1073      4320342E 
 1073      392E3320 
 1073      32303135 
 1073      30333033 
 1074 00b3 616E6368 		.ascii	"anch revision 221220] -mcpu=cortex-m3 -mthumb -g -O"
 1074      20726576 
 1074      6973696F 
 1074      6E203232 
 1074      31323230 
 1075 00e6 30202D66 		.ascii	"0 -ffunction-sections -ffat-lto-objects\000"
 1075      66756E63 
 1075      74696F6E 
 1075      2D736563 
 1075      74696F6E 
 1076              	.LASF28:
 1077 010e 2E5C4765 		.ascii	".\\Generated_Source\\PSoC5\\IDAC8_1.c\000"
 1077      6E657261 
 1077      7465645F 
 1077      536F7572 
 1077      63655C50 
 1078              	.LASF1:
 1079 0131 756E7369 		.ascii	"unsigned char\000"
 1079      676E6564 
ARM GAS  C:\Users\Robert\AppData\Local\Temp\cce3ERzE.s 			page 27


 1079      20636861 
 1079      7200
 1080              	.LASF21:
 1081 013f 706F6C61 		.ascii	"polarity\000"
 1081      72697479 
 1081      00
 1082              	.LASF22:
 1083 0148 49444143 		.ascii	"IDAC8_1_SetRange\000"
 1083      385F315F 
 1083      53657452 
 1083      616E6765 
 1083      00
 1084              	.LASF0:
 1085 0159 7369676E 		.ascii	"signed char\000"
 1085      65642063 
 1085      68617200 
 1086              	.LASF7:
 1087 0165 6C6F6E67 		.ascii	"long long unsigned int\000"
 1087      206C6F6E 
 1087      6720756E 
 1087      7369676E 
 1087      65642069 
 1088              	.LASF16:
 1089 017c 49444143 		.ascii	"IDAC8_1_Start\000"
 1089      385F315F 
 1089      53746172 
 1089      7400
 1090              	.LASF8:
 1091 018a 756E7369 		.ascii	"unsigned int\000"
 1091      676E6564 
 1091      20696E74 
 1091      00
 1092              	.LASF20:
 1093 0197 73706565 		.ascii	"speed\000"
 1093      6400
 1094              	.LASF3:
 1095 019d 73686F72 		.ascii	"short unsigned int\000"
 1095      7420756E 
 1095      7369676E 
 1095      65642069 
 1095      6E7400
 1096              	.LASF11:
 1097 01b0 63686172 		.ascii	"char\000"
 1097      00
 1098              	.LASF4:
 1099 01b5 6C6F6E67 		.ascii	"long int\000"
 1099      20696E74 
 1099      00
 1100              	.LASF14:
 1101 01be 49444143 		.ascii	"IDAC8_1_Init\000"
 1101      385F315F 
 1101      496E6974 
 1101      00
 1102              	.LASF24:
 1103 01cb 49444143 		.ascii	"IDAC8_1_SetValue\000"
 1103      385F315F 
 1103      53657456 
ARM GAS  C:\Users\Robert\AppData\Local\Temp\cce3ERzE.s 			page 28


 1103      616C7565 
 1103      00
 1104              	.LASF13:
 1105 01dc 72656738 		.ascii	"reg8\000"
 1105      00
 1106              	.LASF5:
 1107 01e1 6C6F6E67 		.ascii	"long unsigned int\000"
 1107      20756E73 
 1107      69676E65 
 1107      6420696E 
 1107      7400
 1108              	.LASF10:
 1109 01f3 646F7562 		.ascii	"double\000"
 1109      6C6500
 1110              	.LASF26:
 1111 01fa 49444143 		.ascii	"IDAC8_1_DacTrim\000"
 1111      385F315F 
 1111      44616354 
 1111      72696D00 
 1112              	.LASF29:
 1113 020a 433A5C55 		.ascii	"C:\\Users\\Robert\\workspace\\embedit\\linx\\PSoC_2"
 1113      73657273 
 1113      5C526F62 
 1113      6572745C 
 1113      776F726B 
 1114 0237 5F50692E 		.ascii	"_Pi.cydsn\000"
 1114      63796473 
 1114      6E00
 1115              	.LASF23:
 1116 0241 72616E67 		.ascii	"range\000"
 1116      6500
 1117              		.ident	"GCC: (GNU Tools for ARM Embedded Processors) 4.9.3 20150303 (release) [ARM/embedded-4_9-br
