ARM GAS  C:\Users\Robert\AppData\Local\Temp\cc8CsQ00.s 			page 1


   1              		.syntax unified
   2              		.cpu cortex-m3
   3              		.fpu softvfp
   4              		.eabi_attribute 20, 1
   5              		.eabi_attribute 21, 1
   6              		.eabi_attribute 23, 3
   7              		.eabi_attribute 24, 1
   8              		.eabi_attribute 25, 1
   9              		.eabi_attribute 26, 1
  10              		.eabi_attribute 30, 6
  11              		.eabi_attribute 34, 1
  12              		.eabi_attribute 18, 4
  13              		.thumb
  14              		.file	"StripLights_fonts.c"
  15              		.text
  16              	.Ltext0:
  17              		.cfi_sections	.debug_frame
  18              		.comm	StripLights_fontPtr,4,4
  19              		.comm	StripLights_fontX,4,4
  20              		.comm	StripLights_fontY,4,4
  21              		.comm	StripLights_fontOffset,4,4
  22              		.global	StripLights_Font5x7
  23              		.section	.rodata
  24              		.align	2
  25              		.type	StripLights_Font5x7, %object
  26              		.size	StripLights_Font5x7, 480
  27              	StripLights_Font5x7:
  28 0000 00       		.byte	0
  29 0001 00       		.byte	0
  30 0002 00       		.byte	0
  31 0003 00       		.byte	0
  32 0004 00       		.byte	0
  33 0005 00       		.byte	0
  34 0006 00       		.byte	0
  35 0007 5F       		.byte	95
  36 0008 00       		.byte	0
  37 0009 00       		.byte	0
  38 000a 00       		.byte	0
  39 000b 07       		.byte	7
  40 000c 00       		.byte	0
  41 000d 07       		.byte	7
  42 000e 00       		.byte	0
  43 000f 14       		.byte	20
  44 0010 7F       		.byte	127
  45 0011 14       		.byte	20
  46 0012 7F       		.byte	127
  47 0013 14       		.byte	20
  48 0014 24       		.byte	36
  49 0015 2A       		.byte	42
  50 0016 7F       		.byte	127
  51 0017 2A       		.byte	42
  52 0018 12       		.byte	18
  53 0019 23       		.byte	35
  54 001a 13       		.byte	19
  55 001b 08       		.byte	8
  56 001c 64       		.byte	100
  57 001d 62       		.byte	98
ARM GAS  C:\Users\Robert\AppData\Local\Temp\cc8CsQ00.s 			page 2


  58 001e 36       		.byte	54
  59 001f 49       		.byte	73
  60 0020 55       		.byte	85
  61 0021 22       		.byte	34
  62 0022 50       		.byte	80
  63 0023 00       		.byte	0
  64 0024 05       		.byte	5
  65 0025 03       		.byte	3
  66 0026 00       		.byte	0
  67 0027 00       		.byte	0
  68 0028 00       		.byte	0
  69 0029 1C       		.byte	28
  70 002a 22       		.byte	34
  71 002b 41       		.byte	65
  72 002c 00       		.byte	0
  73 002d 00       		.byte	0
  74 002e 41       		.byte	65
  75 002f 22       		.byte	34
  76 0030 1C       		.byte	28
  77 0031 00       		.byte	0
  78 0032 08       		.byte	8
  79 0033 2A       		.byte	42
  80 0034 1C       		.byte	28
  81 0035 2A       		.byte	42
  82 0036 08       		.byte	8
  83 0037 08       		.byte	8
  84 0038 08       		.byte	8
  85 0039 3E       		.byte	62
  86 003a 08       		.byte	8
  87 003b 08       		.byte	8
  88 003c 00       		.byte	0
  89 003d 50       		.byte	80
  90 003e 30       		.byte	48
  91 003f 00       		.byte	0
  92 0040 00       		.byte	0
  93 0041 08       		.byte	8
  94 0042 08       		.byte	8
  95 0043 08       		.byte	8
  96 0044 08       		.byte	8
  97 0045 08       		.byte	8
  98 0046 00       		.byte	0
  99 0047 60       		.byte	96
 100 0048 60       		.byte	96
 101 0049 00       		.byte	0
 102 004a 00       		.byte	0
 103 004b 20       		.byte	32
 104 004c 10       		.byte	16
 105 004d 08       		.byte	8
 106 004e 04       		.byte	4
 107 004f 02       		.byte	2
 108 0050 3E       		.byte	62
 109 0051 51       		.byte	81
 110 0052 49       		.byte	73
 111 0053 45       		.byte	69
 112 0054 3E       		.byte	62
 113 0055 00       		.byte	0
 114 0056 42       		.byte	66
ARM GAS  C:\Users\Robert\AppData\Local\Temp\cc8CsQ00.s 			page 3


 115 0057 7F       		.byte	127
 116 0058 40       		.byte	64
 117 0059 00       		.byte	0
 118 005a 42       		.byte	66
 119 005b 61       		.byte	97
 120 005c 51       		.byte	81
 121 005d 49       		.byte	73
 122 005e 46       		.byte	70
 123 005f 21       		.byte	33
 124 0060 41       		.byte	65
 125 0061 45       		.byte	69
 126 0062 4B       		.byte	75
 127 0063 31       		.byte	49
 128 0064 18       		.byte	24
 129 0065 14       		.byte	20
 130 0066 12       		.byte	18
 131 0067 7F       		.byte	127
 132 0068 10       		.byte	16
 133 0069 27       		.byte	39
 134 006a 45       		.byte	69
 135 006b 45       		.byte	69
 136 006c 45       		.byte	69
 137 006d 39       		.byte	57
 138 006e 3C       		.byte	60
 139 006f 4A       		.byte	74
 140 0070 49       		.byte	73
 141 0071 49       		.byte	73
 142 0072 30       		.byte	48
 143 0073 01       		.byte	1
 144 0074 71       		.byte	113
 145 0075 09       		.byte	9
 146 0076 05       		.byte	5
 147 0077 03       		.byte	3
 148 0078 36       		.byte	54
 149 0079 49       		.byte	73
 150 007a 49       		.byte	73
 151 007b 49       		.byte	73
 152 007c 36       		.byte	54
 153 007d 06       		.byte	6
 154 007e 49       		.byte	73
 155 007f 49       		.byte	73
 156 0080 29       		.byte	41
 157 0081 1E       		.byte	30
 158 0082 00       		.byte	0
 159 0083 36       		.byte	54
 160 0084 36       		.byte	54
 161 0085 00       		.byte	0
 162 0086 00       		.byte	0
 163 0087 00       		.byte	0
 164 0088 56       		.byte	86
 165 0089 36       		.byte	54
 166 008a 00       		.byte	0
 167 008b 00       		.byte	0
 168 008c 00       		.byte	0
 169 008d 08       		.byte	8
 170 008e 14       		.byte	20
 171 008f 22       		.byte	34
ARM GAS  C:\Users\Robert\AppData\Local\Temp\cc8CsQ00.s 			page 4


 172 0090 41       		.byte	65
 173 0091 14       		.byte	20
 174 0092 14       		.byte	20
 175 0093 14       		.byte	20
 176 0094 14       		.byte	20
 177 0095 14       		.byte	20
 178 0096 41       		.byte	65
 179 0097 22       		.byte	34
 180 0098 14       		.byte	20
 181 0099 08       		.byte	8
 182 009a 00       		.byte	0
 183 009b 02       		.byte	2
 184 009c 01       		.byte	1
 185 009d 51       		.byte	81
 186 009e 09       		.byte	9
 187 009f 06       		.byte	6
 188 00a0 32       		.byte	50
 189 00a1 49       		.byte	73
 190 00a2 79       		.byte	121
 191 00a3 41       		.byte	65
 192 00a4 3E       		.byte	62
 193 00a5 7E       		.byte	126
 194 00a6 11       		.byte	17
 195 00a7 11       		.byte	17
 196 00a8 11       		.byte	17
 197 00a9 7E       		.byte	126
 198 00aa 7F       		.byte	127
 199 00ab 49       		.byte	73
 200 00ac 49       		.byte	73
 201 00ad 49       		.byte	73
 202 00ae 36       		.byte	54
 203 00af 3E       		.byte	62
 204 00b0 41       		.byte	65
 205 00b1 41       		.byte	65
 206 00b2 41       		.byte	65
 207 00b3 22       		.byte	34
 208 00b4 7F       		.byte	127
 209 00b5 41       		.byte	65
 210 00b6 41       		.byte	65
 211 00b7 22       		.byte	34
 212 00b8 1C       		.byte	28
 213 00b9 7F       		.byte	127
 214 00ba 49       		.byte	73
 215 00bb 49       		.byte	73
 216 00bc 49       		.byte	73
 217 00bd 41       		.byte	65
 218 00be 7F       		.byte	127
 219 00bf 09       		.byte	9
 220 00c0 09       		.byte	9
 221 00c1 01       		.byte	1
 222 00c2 01       		.byte	1
 223 00c3 3E       		.byte	62
 224 00c4 41       		.byte	65
 225 00c5 41       		.byte	65
 226 00c6 51       		.byte	81
 227 00c7 32       		.byte	50
 228 00c8 7F       		.byte	127
ARM GAS  C:\Users\Robert\AppData\Local\Temp\cc8CsQ00.s 			page 5


 229 00c9 08       		.byte	8
 230 00ca 08       		.byte	8
 231 00cb 08       		.byte	8
 232 00cc 7F       		.byte	127
 233 00cd 00       		.byte	0
 234 00ce 41       		.byte	65
 235 00cf 7F       		.byte	127
 236 00d0 41       		.byte	65
 237 00d1 00       		.byte	0
 238 00d2 20       		.byte	32
 239 00d3 40       		.byte	64
 240 00d4 41       		.byte	65
 241 00d5 3F       		.byte	63
 242 00d6 01       		.byte	1
 243 00d7 7F       		.byte	127
 244 00d8 08       		.byte	8
 245 00d9 14       		.byte	20
 246 00da 22       		.byte	34
 247 00db 41       		.byte	65
 248 00dc 7F       		.byte	127
 249 00dd 40       		.byte	64
 250 00de 40       		.byte	64
 251 00df 40       		.byte	64
 252 00e0 40       		.byte	64
 253 00e1 7F       		.byte	127
 254 00e2 02       		.byte	2
 255 00e3 04       		.byte	4
 256 00e4 02       		.byte	2
 257 00e5 7F       		.byte	127
 258 00e6 7F       		.byte	127
 259 00e7 04       		.byte	4
 260 00e8 08       		.byte	8
 261 00e9 10       		.byte	16
 262 00ea 7F       		.byte	127
 263 00eb 3E       		.byte	62
 264 00ec 41       		.byte	65
 265 00ed 41       		.byte	65
 266 00ee 41       		.byte	65
 267 00ef 3E       		.byte	62
 268 00f0 7F       		.byte	127
 269 00f1 09       		.byte	9
 270 00f2 09       		.byte	9
 271 00f3 09       		.byte	9
 272 00f4 06       		.byte	6
 273 00f5 3E       		.byte	62
 274 00f6 41       		.byte	65
 275 00f7 51       		.byte	81
 276 00f8 21       		.byte	33
 277 00f9 5E       		.byte	94
 278 00fa 7F       		.byte	127
 279 00fb 09       		.byte	9
 280 00fc 19       		.byte	25
 281 00fd 29       		.byte	41
 282 00fe 46       		.byte	70
 283 00ff 46       		.byte	70
 284 0100 49       		.byte	73
 285 0101 49       		.byte	73
ARM GAS  C:\Users\Robert\AppData\Local\Temp\cc8CsQ00.s 			page 6


 286 0102 49       		.byte	73
 287 0103 31       		.byte	49
 288 0104 01       		.byte	1
 289 0105 01       		.byte	1
 290 0106 7F       		.byte	127
 291 0107 01       		.byte	1
 292 0108 01       		.byte	1
 293 0109 3F       		.byte	63
 294 010a 40       		.byte	64
 295 010b 40       		.byte	64
 296 010c 40       		.byte	64
 297 010d 3F       		.byte	63
 298 010e 1F       		.byte	31
 299 010f 20       		.byte	32
 300 0110 40       		.byte	64
 301 0111 20       		.byte	32
 302 0112 1F       		.byte	31
 303 0113 7F       		.byte	127
 304 0114 20       		.byte	32
 305 0115 18       		.byte	24
 306 0116 20       		.byte	32
 307 0117 7F       		.byte	127
 308 0118 63       		.byte	99
 309 0119 14       		.byte	20
 310 011a 08       		.byte	8
 311 011b 14       		.byte	20
 312 011c 63       		.byte	99
 313 011d 03       		.byte	3
 314 011e 04       		.byte	4
 315 011f 78       		.byte	120
 316 0120 04       		.byte	4
 317 0121 03       		.byte	3
 318 0122 61       		.byte	97
 319 0123 51       		.byte	81
 320 0124 49       		.byte	73
 321 0125 45       		.byte	69
 322 0126 43       		.byte	67
 323 0127 00       		.byte	0
 324 0128 00       		.byte	0
 325 0129 7F       		.byte	127
 326 012a 41       		.byte	65
 327 012b 41       		.byte	65
 328 012c 02       		.byte	2
 329 012d 04       		.byte	4
 330 012e 08       		.byte	8
 331 012f 10       		.byte	16
 332 0130 20       		.byte	32
 333 0131 41       		.byte	65
 334 0132 41       		.byte	65
 335 0133 7F       		.byte	127
 336 0134 00       		.byte	0
 337 0135 00       		.byte	0
 338 0136 04       		.byte	4
 339 0137 02       		.byte	2
 340 0138 01       		.byte	1
 341 0139 02       		.byte	2
 342 013a 04       		.byte	4
ARM GAS  C:\Users\Robert\AppData\Local\Temp\cc8CsQ00.s 			page 7


 343 013b 40       		.byte	64
 344 013c 40       		.byte	64
 345 013d 40       		.byte	64
 346 013e 40       		.byte	64
 347 013f 40       		.byte	64
 348 0140 00       		.byte	0
 349 0141 01       		.byte	1
 350 0142 02       		.byte	2
 351 0143 04       		.byte	4
 352 0144 00       		.byte	0
 353 0145 20       		.byte	32
 354 0146 54       		.byte	84
 355 0147 54       		.byte	84
 356 0148 54       		.byte	84
 357 0149 78       		.byte	120
 358 014a 7F       		.byte	127
 359 014b 48       		.byte	72
 360 014c 44       		.byte	68
 361 014d 44       		.byte	68
 362 014e 38       		.byte	56
 363 014f 38       		.byte	56
 364 0150 44       		.byte	68
 365 0151 44       		.byte	68
 366 0152 44       		.byte	68
 367 0153 20       		.byte	32
 368 0154 38       		.byte	56
 369 0155 44       		.byte	68
 370 0156 44       		.byte	68
 371 0157 48       		.byte	72
 372 0158 7F       		.byte	127
 373 0159 38       		.byte	56
 374 015a 54       		.byte	84
 375 015b 54       		.byte	84
 376 015c 54       		.byte	84
 377 015d 18       		.byte	24
 378 015e 08       		.byte	8
 379 015f 7E       		.byte	126
 380 0160 09       		.byte	9
 381 0161 01       		.byte	1
 382 0162 02       		.byte	2
 383 0163 08       		.byte	8
 384 0164 14       		.byte	20
 385 0165 54       		.byte	84
 386 0166 54       		.byte	84
 387 0167 3C       		.byte	60
 388 0168 7F       		.byte	127
 389 0169 08       		.byte	8
 390 016a 04       		.byte	4
 391 016b 04       		.byte	4
 392 016c 78       		.byte	120
 393 016d 00       		.byte	0
 394 016e 44       		.byte	68
 395 016f 7D       		.byte	125
 396 0170 40       		.byte	64
 397 0171 00       		.byte	0
 398 0172 20       		.byte	32
 399 0173 40       		.byte	64
ARM GAS  C:\Users\Robert\AppData\Local\Temp\cc8CsQ00.s 			page 8


 400 0174 44       		.byte	68
 401 0175 3D       		.byte	61
 402 0176 00       		.byte	0
 403 0177 00       		.byte	0
 404 0178 7F       		.byte	127
 405 0179 10       		.byte	16
 406 017a 28       		.byte	40
 407 017b 44       		.byte	68
 408 017c 00       		.byte	0
 409 017d 41       		.byte	65
 410 017e 7F       		.byte	127
 411 017f 40       		.byte	64
 412 0180 00       		.byte	0
 413 0181 7C       		.byte	124
 414 0182 04       		.byte	4
 415 0183 18       		.byte	24
 416 0184 04       		.byte	4
 417 0185 78       		.byte	120
 418 0186 7C       		.byte	124
 419 0187 08       		.byte	8
 420 0188 04       		.byte	4
 421 0189 04       		.byte	4
 422 018a 78       		.byte	120
 423 018b 38       		.byte	56
 424 018c 44       		.byte	68
 425 018d 44       		.byte	68
 426 018e 44       		.byte	68
 427 018f 38       		.byte	56
 428 0190 7C       		.byte	124
 429 0191 14       		.byte	20
 430 0192 14       		.byte	20
 431 0193 14       		.byte	20
 432 0194 08       		.byte	8
 433 0195 08       		.byte	8
 434 0196 14       		.byte	20
 435 0197 14       		.byte	20
 436 0198 18       		.byte	24
 437 0199 7C       		.byte	124
 438 019a 7C       		.byte	124
 439 019b 08       		.byte	8
 440 019c 04       		.byte	4
 441 019d 04       		.byte	4
 442 019e 08       		.byte	8
 443 019f 48       		.byte	72
 444 01a0 54       		.byte	84
 445 01a1 54       		.byte	84
 446 01a2 54       		.byte	84
 447 01a3 20       		.byte	32
 448 01a4 04       		.byte	4
 449 01a5 3F       		.byte	63
 450 01a6 44       		.byte	68
 451 01a7 40       		.byte	64
 452 01a8 20       		.byte	32
 453 01a9 3C       		.byte	60
 454 01aa 40       		.byte	64
 455 01ab 40       		.byte	64
 456 01ac 20       		.byte	32
ARM GAS  C:\Users\Robert\AppData\Local\Temp\cc8CsQ00.s 			page 9


 457 01ad 7C       		.byte	124
 458 01ae 1C       		.byte	28
 459 01af 20       		.byte	32
 460 01b0 40       		.byte	64
 461 01b1 20       		.byte	32
 462 01b2 1C       		.byte	28
 463 01b3 3C       		.byte	60
 464 01b4 40       		.byte	64
 465 01b5 30       		.byte	48
 466 01b6 40       		.byte	64
 467 01b7 3C       		.byte	60
 468 01b8 44       		.byte	68
 469 01b9 28       		.byte	40
 470 01ba 10       		.byte	16
 471 01bb 28       		.byte	40
 472 01bc 44       		.byte	68
 473 01bd 0C       		.byte	12
 474 01be 50       		.byte	80
 475 01bf 50       		.byte	80
 476 01c0 50       		.byte	80
 477 01c1 3C       		.byte	60
 478 01c2 44       		.byte	68
 479 01c3 64       		.byte	100
 480 01c4 54       		.byte	84
 481 01c5 4C       		.byte	76
 482 01c6 44       		.byte	68
 483 01c7 00       		.byte	0
 484 01c8 08       		.byte	8
 485 01c9 36       		.byte	54
 486 01ca 41       		.byte	65
 487 01cb 00       		.byte	0
 488 01cc 00       		.byte	0
 489 01cd 00       		.byte	0
 490 01ce 7F       		.byte	127
 491 01cf 00       		.byte	0
 492 01d0 00       		.byte	0
 493 01d1 00       		.byte	0
 494 01d2 41       		.byte	65
 495 01d3 36       		.byte	54
 496 01d4 08       		.byte	8
 497 01d5 00       		.byte	0
 498 01d6 08       		.byte	8
 499 01d7 08       		.byte	8
 500 01d8 2A       		.byte	42
 501 01d9 1C       		.byte	28
 502 01da 08       		.byte	8
 503 01db 08       		.byte	8
 504 01dc 1C       		.byte	28
 505 01dd 2A       		.byte	42
 506 01de 08       		.byte	8
 507 01df 08       		.byte	8
 508              		.section	.text.StripLights_SetFont,"ax",%progbits
 509              		.align	2
 510              		.global	StripLights_SetFont
 511              		.thumb
 512              		.thumb_func
 513              		.type	StripLights_SetFont, %function
ARM GAS  C:\Users\Robert\AppData\Local\Temp\cc8CsQ00.s 			page 10


 514              	StripLights_SetFont:
 515              	.LFB0:
 516              		.file 1 ".\\Generated_Source\\PSoC5\\StripLights_fonts.c"
   1:.\Generated_Source\PSoC5/StripLights_fonts.c **** /* ========================================
   2:.\Generated_Source\PSoC5/StripLights_fonts.c ****  *
   3:.\Generated_Source\PSoC5/StripLights_fonts.c ****  * Copyright YOUR COMPANY, THE YEAR
   4:.\Generated_Source\PSoC5/StripLights_fonts.c ****  * All Rights Reserved
   5:.\Generated_Source\PSoC5/StripLights_fonts.c ****  * UNPUBLISHED, LICENSED SOFTWARE.
   6:.\Generated_Source\PSoC5/StripLights_fonts.c ****  *
   7:.\Generated_Source\PSoC5/StripLights_fonts.c ****  * CONFIDENTIAL AND PROPRIETARY INFORMATION
   8:.\Generated_Source\PSoC5/StripLights_fonts.c ****  * WHICH IS THE PROPERTY OF your company.
   9:.\Generated_Source\PSoC5/StripLights_fonts.c ****  *
  10:.\Generated_Source\PSoC5/StripLights_fonts.c ****  * ========================================
  11:.\Generated_Source\PSoC5/StripLights_fonts.c **** */
  12:.\Generated_Source\PSoC5/StripLights_fonts.c **** //#include <device.h>
  13:.\Generated_Source\PSoC5/StripLights_fonts.c **** #include "cytypes.h"
  14:.\Generated_Source\PSoC5/StripLights_fonts.c **** #include "stdlib.h"
  15:.\Generated_Source\PSoC5/StripLights_fonts.c **** #include "cyfitter.h"
  16:.\Generated_Source\PSoC5/StripLights_fonts.c **** #include "StripLights.h"
  17:.\Generated_Source\PSoC5/StripLights_fonts.c **** #include "StripLights_fonts.h"
  18:.\Generated_Source\PSoC5/StripLights_fonts.c **** 
  19:.\Generated_Source\PSoC5/StripLights_fonts.c **** uint8 const * StripLights_fontPtr;
  20:.\Generated_Source\PSoC5/StripLights_fonts.c **** int32 StripLights_fontX;
  21:.\Generated_Source\PSoC5/StripLights_fonts.c **** int32 StripLights_fontY;
  22:.\Generated_Source\PSoC5/StripLights_fonts.c **** int32 StripLights_fontOffset;
  23:.\Generated_Source\PSoC5/StripLights_fonts.c **** 
  24:.\Generated_Source\PSoC5/StripLights_fonts.c **** 
  25:.\Generated_Source\PSoC5/StripLights_fonts.c **** // standard ascii 5x7 font
  26:.\Generated_Source\PSoC5/StripLights_fonts.c **** // defines ascii characters 0x20-0x7F (32-127)
  27:.\Generated_Source\PSoC5/StripLights_fonts.c **** const uint8 StripLights_Font5x7[] = {
  28:.\Generated_Source\PSoC5/StripLights_fonts.c **** 	0x00, 0x00, 0x00, 0x00, 0x00,// (space)
  29:.\Generated_Source\PSoC5/StripLights_fonts.c **** 	0x00, 0x00, 0x5F, 0x00, 0x00,// !
  30:.\Generated_Source\PSoC5/StripLights_fonts.c **** 	0x00, 0x07, 0x00, 0x07, 0x00,// "
  31:.\Generated_Source\PSoC5/StripLights_fonts.c **** 	0x14, 0x7F, 0x14, 0x7F, 0x14,// #
  32:.\Generated_Source\PSoC5/StripLights_fonts.c **** 	0x24, 0x2A, 0x7F, 0x2A, 0x12,// $
  33:.\Generated_Source\PSoC5/StripLights_fonts.c **** 	0x23, 0x13, 0x08, 0x64, 0x62,// %
  34:.\Generated_Source\PSoC5/StripLights_fonts.c **** 	0x36, 0x49, 0x55, 0x22, 0x50,// &
  35:.\Generated_Source\PSoC5/StripLights_fonts.c **** 	0x00, 0x05, 0x03, 0x00, 0x00,// '
  36:.\Generated_Source\PSoC5/StripLights_fonts.c **** 	0x00, 0x1C, 0x22, 0x41, 0x00,// (
  37:.\Generated_Source\PSoC5/StripLights_fonts.c **** 	0x00, 0x41, 0x22, 0x1C, 0x00,// )
  38:.\Generated_Source\PSoC5/StripLights_fonts.c **** 	0x08, 0x2A, 0x1C, 0x2A, 0x08,// *
  39:.\Generated_Source\PSoC5/StripLights_fonts.c **** 	0x08, 0x08, 0x3E, 0x08, 0x08,// +
  40:.\Generated_Source\PSoC5/StripLights_fonts.c **** 	0x00, 0x50, 0x30, 0x00, 0x00,// ,
  41:.\Generated_Source\PSoC5/StripLights_fonts.c **** 	0x08, 0x08, 0x08, 0x08, 0x08,// -
  42:.\Generated_Source\PSoC5/StripLights_fonts.c **** 	0x00, 0x60, 0x60, 0x00, 0x00,// .
  43:.\Generated_Source\PSoC5/StripLights_fonts.c **** 	0x20, 0x10, 0x08, 0x04, 0x02,// /
  44:.\Generated_Source\PSoC5/StripLights_fonts.c **** 	0x3E, 0x51, 0x49, 0x45, 0x3E,// 0
  45:.\Generated_Source\PSoC5/StripLights_fonts.c **** 	0x00, 0x42, 0x7F, 0x40, 0x00,// 1
  46:.\Generated_Source\PSoC5/StripLights_fonts.c **** 	0x42, 0x61, 0x51, 0x49, 0x46,// 2
  47:.\Generated_Source\PSoC5/StripLights_fonts.c **** 	0x21, 0x41, 0x45, 0x4B, 0x31,// 3
  48:.\Generated_Source\PSoC5/StripLights_fonts.c **** 	0x18, 0x14, 0x12, 0x7F, 0x10,// 4
  49:.\Generated_Source\PSoC5/StripLights_fonts.c **** 	0x27, 0x45, 0x45, 0x45, 0x39,// 5
  50:.\Generated_Source\PSoC5/StripLights_fonts.c **** 	0x3C, 0x4A, 0x49, 0x49, 0x30,// 6
  51:.\Generated_Source\PSoC5/StripLights_fonts.c **** 	0x01, 0x71, 0x09, 0x05, 0x03,// 7
  52:.\Generated_Source\PSoC5/StripLights_fonts.c **** 	0x36, 0x49, 0x49, 0x49, 0x36,// 8
  53:.\Generated_Source\PSoC5/StripLights_fonts.c **** 	0x06, 0x49, 0x49, 0x29, 0x1E,// 9
  54:.\Generated_Source\PSoC5/StripLights_fonts.c **** 	0x00, 0x36, 0x36, 0x00, 0x00,// :
ARM GAS  C:\Users\Robert\AppData\Local\Temp\cc8CsQ00.s 			page 11


  55:.\Generated_Source\PSoC5/StripLights_fonts.c **** 	0x00, 0x56, 0x36, 0x00, 0x00,// ;
  56:.\Generated_Source\PSoC5/StripLights_fonts.c **** 	0x00, 0x08, 0x14, 0x22, 0x41,// <
  57:.\Generated_Source\PSoC5/StripLights_fonts.c **** 	0x14, 0x14, 0x14, 0x14, 0x14,// =
  58:.\Generated_Source\PSoC5/StripLights_fonts.c **** 	0x41, 0x22, 0x14, 0x08, 0x00,// >
  59:.\Generated_Source\PSoC5/StripLights_fonts.c **** 	0x02, 0x01, 0x51, 0x09, 0x06,// ?
  60:.\Generated_Source\PSoC5/StripLights_fonts.c **** 	0x32, 0x49, 0x79, 0x41, 0x3E,// @
  61:.\Generated_Source\PSoC5/StripLights_fonts.c **** 	0x7E, 0x11, 0x11, 0x11, 0x7E,// A
  62:.\Generated_Source\PSoC5/StripLights_fonts.c **** 	0x7F, 0x49, 0x49, 0x49, 0x36,// B
  63:.\Generated_Source\PSoC5/StripLights_fonts.c **** 	0x3E, 0x41, 0x41, 0x41, 0x22,// C
  64:.\Generated_Source\PSoC5/StripLights_fonts.c **** 	0x7F, 0x41, 0x41, 0x22, 0x1C,// D
  65:.\Generated_Source\PSoC5/StripLights_fonts.c **** 	0x7F, 0x49, 0x49, 0x49, 0x41,// E
  66:.\Generated_Source\PSoC5/StripLights_fonts.c **** 	0x7F, 0x09, 0x09, 0x01, 0x01,// F
  67:.\Generated_Source\PSoC5/StripLights_fonts.c **** 	0x3E, 0x41, 0x41, 0x51, 0x32,// G
  68:.\Generated_Source\PSoC5/StripLights_fonts.c **** 	0x7F, 0x08, 0x08, 0x08, 0x7F,// H
  69:.\Generated_Source\PSoC5/StripLights_fonts.c **** 	0x00, 0x41, 0x7F, 0x41, 0x00,// I
  70:.\Generated_Source\PSoC5/StripLights_fonts.c **** 	0x20, 0x40, 0x41, 0x3F, 0x01,// J
  71:.\Generated_Source\PSoC5/StripLights_fonts.c **** 	0x7F, 0x08, 0x14, 0x22, 0x41,// K
  72:.\Generated_Source\PSoC5/StripLights_fonts.c **** 	0x7F, 0x40, 0x40, 0x40, 0x40,// L
  73:.\Generated_Source\PSoC5/StripLights_fonts.c **** 	0x7F, 0x02, 0x04, 0x02, 0x7F,// M
  74:.\Generated_Source\PSoC5/StripLights_fonts.c **** 	0x7F, 0x04, 0x08, 0x10, 0x7F,// N
  75:.\Generated_Source\PSoC5/StripLights_fonts.c **** 	0x3E, 0x41, 0x41, 0x41, 0x3E,// O
  76:.\Generated_Source\PSoC5/StripLights_fonts.c **** 	0x7F, 0x09, 0x09, 0x09, 0x06,// P
  77:.\Generated_Source\PSoC5/StripLights_fonts.c **** 	0x3E, 0x41, 0x51, 0x21, 0x5E,// Q
  78:.\Generated_Source\PSoC5/StripLights_fonts.c **** 	0x7F, 0x09, 0x19, 0x29, 0x46,// R
  79:.\Generated_Source\PSoC5/StripLights_fonts.c **** 	0x46, 0x49, 0x49, 0x49, 0x31,// S
  80:.\Generated_Source\PSoC5/StripLights_fonts.c **** 	0x01, 0x01, 0x7F, 0x01, 0x01,// T
  81:.\Generated_Source\PSoC5/StripLights_fonts.c **** 	0x3F, 0x40, 0x40, 0x40, 0x3F,// U
  82:.\Generated_Source\PSoC5/StripLights_fonts.c **** 	0x1F, 0x20, 0x40, 0x20, 0x1F,// V
  83:.\Generated_Source\PSoC5/StripLights_fonts.c **** 	0x7F, 0x20, 0x18, 0x20, 0x7F,// W
  84:.\Generated_Source\PSoC5/StripLights_fonts.c **** 	0x63, 0x14, 0x08, 0x14, 0x63,// X
  85:.\Generated_Source\PSoC5/StripLights_fonts.c **** 	0x03, 0x04, 0x78, 0x04, 0x03,// Y
  86:.\Generated_Source\PSoC5/StripLights_fonts.c **** 	0x61, 0x51, 0x49, 0x45, 0x43,// Z
  87:.\Generated_Source\PSoC5/StripLights_fonts.c **** 	0x00, 0x00, 0x7F, 0x41, 0x41,// [
  88:.\Generated_Source\PSoC5/StripLights_fonts.c **** 	0x02, 0x04, 0x08, 0x10, 0x20,// "\"
  89:.\Generated_Source\PSoC5/StripLights_fonts.c **** 	0x41, 0x41, 0x7F, 0x00, 0x00,// ]
  90:.\Generated_Source\PSoC5/StripLights_fonts.c **** 	0x04, 0x02, 0x01, 0x02, 0x04,// ^
  91:.\Generated_Source\PSoC5/StripLights_fonts.c **** 	0x40, 0x40, 0x40, 0x40, 0x40,// _
  92:.\Generated_Source\PSoC5/StripLights_fonts.c **** 	0x00, 0x01, 0x02, 0x04, 0x00,// `
  93:.\Generated_Source\PSoC5/StripLights_fonts.c **** 	0x20, 0x54, 0x54, 0x54, 0x78,// a
  94:.\Generated_Source\PSoC5/StripLights_fonts.c **** 	0x7F, 0x48, 0x44, 0x44, 0x38,// b
  95:.\Generated_Source\PSoC5/StripLights_fonts.c **** 	0x38, 0x44, 0x44, 0x44, 0x20,// c
  96:.\Generated_Source\PSoC5/StripLights_fonts.c **** 	0x38, 0x44, 0x44, 0x48, 0x7F,// d
  97:.\Generated_Source\PSoC5/StripLights_fonts.c **** 	0x38, 0x54, 0x54, 0x54, 0x18,// e
  98:.\Generated_Source\PSoC5/StripLights_fonts.c **** 	0x08, 0x7E, 0x09, 0x01, 0x02,// f
  99:.\Generated_Source\PSoC5/StripLights_fonts.c **** 	0x08, 0x14, 0x54, 0x54, 0x3C,// g
 100:.\Generated_Source\PSoC5/StripLights_fonts.c **** 	0x7F, 0x08, 0x04, 0x04, 0x78,// h
 101:.\Generated_Source\PSoC5/StripLights_fonts.c **** 	0x00, 0x44, 0x7D, 0x40, 0x00,// i
 102:.\Generated_Source\PSoC5/StripLights_fonts.c **** 	0x20, 0x40, 0x44, 0x3D, 0x00,// j
 103:.\Generated_Source\PSoC5/StripLights_fonts.c **** 	0x00, 0x7F, 0x10, 0x28, 0x44,// k
 104:.\Generated_Source\PSoC5/StripLights_fonts.c **** 	0x00, 0x41, 0x7F, 0x40, 0x00,// l
 105:.\Generated_Source\PSoC5/StripLights_fonts.c **** 	0x7C, 0x04, 0x18, 0x04, 0x78,// m
 106:.\Generated_Source\PSoC5/StripLights_fonts.c **** 	0x7C, 0x08, 0x04, 0x04, 0x78,// n
 107:.\Generated_Source\PSoC5/StripLights_fonts.c **** 	0x38, 0x44, 0x44, 0x44, 0x38,// o
 108:.\Generated_Source\PSoC5/StripLights_fonts.c **** 	0x7C, 0x14, 0x14, 0x14, 0x08,// p
 109:.\Generated_Source\PSoC5/StripLights_fonts.c **** 	0x08, 0x14, 0x14, 0x18, 0x7C,// q
 110:.\Generated_Source\PSoC5/StripLights_fonts.c **** 	0x7C, 0x08, 0x04, 0x04, 0x08,// r
 111:.\Generated_Source\PSoC5/StripLights_fonts.c **** 	0x48, 0x54, 0x54, 0x54, 0x20,// s
ARM GAS  C:\Users\Robert\AppData\Local\Temp\cc8CsQ00.s 			page 12


 112:.\Generated_Source\PSoC5/StripLights_fonts.c **** 	0x04, 0x3F, 0x44, 0x40, 0x20,// t
 113:.\Generated_Source\PSoC5/StripLights_fonts.c **** 	0x3C, 0x40, 0x40, 0x20, 0x7C,// u
 114:.\Generated_Source\PSoC5/StripLights_fonts.c **** 	0x1C, 0x20, 0x40, 0x20, 0x1C,// v
 115:.\Generated_Source\PSoC5/StripLights_fonts.c **** 	0x3C, 0x40, 0x30, 0x40, 0x3C,// w
 116:.\Generated_Source\PSoC5/StripLights_fonts.c **** 	0x44, 0x28, 0x10, 0x28, 0x44,// x
 117:.\Generated_Source\PSoC5/StripLights_fonts.c **** 	0x0C, 0x50, 0x50, 0x50, 0x3C,// y
 118:.\Generated_Source\PSoC5/StripLights_fonts.c **** 	0x44, 0x64, 0x54, 0x4C, 0x44,// z
 119:.\Generated_Source\PSoC5/StripLights_fonts.c **** 	0x00, 0x08, 0x36, 0x41, 0x00,// {
 120:.\Generated_Source\PSoC5/StripLights_fonts.c **** 	0x00, 0x00, 0x7F, 0x00, 0x00,// |
 121:.\Generated_Source\PSoC5/StripLights_fonts.c **** 	0x00, 0x41, 0x36, 0x08, 0x00,// }
 122:.\Generated_Source\PSoC5/StripLights_fonts.c **** 	0x08, 0x08, 0x2A, 0x1C, 0x08,// ->
 123:.\Generated_Source\PSoC5/StripLights_fonts.c **** 	0x08, 0x1C, 0x2A, 0x08, 0x08 // <-
 124:.\Generated_Source\PSoC5/StripLights_fonts.c **** };
 125:.\Generated_Source\PSoC5/StripLights_fonts.c **** 
 126:.\Generated_Source\PSoC5/StripLights_fonts.c **** 
 127:.\Generated_Source\PSoC5/StripLights_fonts.c **** /*******************************************************************************
 128:.\Generated_Source\PSoC5/StripLights_fonts.c **** * Function Name: StripLights_SetFont
 129:.\Generated_Source\PSoC5/StripLights_fonts.c **** ********************************************************************************
 130:.\Generated_Source\PSoC5/StripLights_fonts.c **** * Summary:
 131:.\Generated_Source\PSoC5/StripLights_fonts.c **** *   Set the specific font.  (Only one font supported at this time.)
 132:.\Generated_Source\PSoC5/StripLights_fonts.c **** *
 133:.\Generated_Source\PSoC5/StripLights_fonts.c **** * Parameters:  
 134:.\Generated_Source\PSoC5/StripLights_fonts.c **** *  uint32 font: Font to be selected 
 135:.\Generated_Source\PSoC5/StripLights_fonts.c **** *
 136:.\Generated_Source\PSoC5/StripLights_fonts.c **** * Return: 
 137:.\Generated_Source\PSoC5/StripLights_fonts.c **** *  void
 138:.\Generated_Source\PSoC5/StripLights_fonts.c **** *
 139:.\Generated_Source\PSoC5/StripLights_fonts.c **** *******************************************************************************/
 140:.\Generated_Source\PSoC5/StripLights_fonts.c **** void StripLights_SetFont( uint32 font)
 141:.\Generated_Source\PSoC5/StripLights_fonts.c **** {
 517              		.loc 1 141 0
 518              		.cfi_startproc
 519              		@ args = 0, pretend = 0, frame = 8
 520              		@ frame_needed = 1, uses_anonymous_args = 0
 521              		@ link register save eliminated.
 522 0000 80B4     		push	{r7}
 523              		.cfi_def_cfa_offset 4
 524              		.cfi_offset 7, -4
 525 0002 83B0     		sub	sp, sp, #12
 526              		.cfi_def_cfa_offset 16
 527 0004 00AF     		add	r7, sp, #0
 528              		.cfi_def_cfa_register 7
 529 0006 7860     		str	r0, [r7, #4]
 142:.\Generated_Source\PSoC5/StripLights_fonts.c ****     switch(font)
 530              		.loc 1 142 0
 531 0008 7B68     		ldr	r3, [r7, #4]
 532 000a 002B     		cmp	r3, #0
 533 000c 0CD1     		bne	.L5
 143:.\Generated_Source\PSoC5/StripLights_fonts.c ****     {
 144:.\Generated_Source\PSoC5/StripLights_fonts.c ****        case StripLights_FONT_5X7:
 145:.\Generated_Source\PSoC5/StripLights_fonts.c ****            StripLights_fontPtr = StripLights_Font5x7;
 534              		.loc 1 145 0
 535 000e 0F4B     		ldr	r3, .L6
 536 0010 0F4A     		ldr	r2, .L6+4
 537 0012 1A60     		str	r2, [r3]
 146:.\Generated_Source\PSoC5/StripLights_fonts.c ****            StripLights_fontX = StripLights_Font5x7_XSIZE;
 538              		.loc 1 146 0
ARM GAS  C:\Users\Robert\AppData\Local\Temp\cc8CsQ00.s 			page 13


 539 0014 0F4B     		ldr	r3, .L6+8
 540 0016 0522     		movs	r2, #5
 541 0018 1A60     		str	r2, [r3]
 147:.\Generated_Source\PSoC5/StripLights_fonts.c ****            StripLights_fontY = StripLights_Font5x7_YSIZE;
 542              		.loc 1 147 0
 543 001a 0F4B     		ldr	r3, .L6+12
 544 001c 0722     		movs	r2, #7
 545 001e 1A60     		str	r2, [r3]
 148:.\Generated_Source\PSoC5/StripLights_fonts.c ****            StripLights_fontOffset = StripLights_Font5x7_OFFSET;
 546              		.loc 1 148 0
 547 0020 0E4B     		ldr	r3, .L6+16
 548 0022 2022     		movs	r2, #32
 549 0024 1A60     		str	r2, [r3]
 149:.\Generated_Source\PSoC5/StripLights_fonts.c ****            break;
 550              		.loc 1 149 0
 551 0026 0CE0     		b	.L1
 552              	.L5:
 150:.\Generated_Source\PSoC5/StripLights_fonts.c ****            
 151:.\Generated_Source\PSoC5/StripLights_fonts.c ****        default:
 152:.\Generated_Source\PSoC5/StripLights_fonts.c ****            StripLights_fontPtr = StripLights_Font5x7;
 553              		.loc 1 152 0
 554 0028 084B     		ldr	r3, .L6
 555 002a 094A     		ldr	r2, .L6+4
 556 002c 1A60     		str	r2, [r3]
 153:.\Generated_Source\PSoC5/StripLights_fonts.c ****            StripLights_fontX = StripLights_Font5x7_XSIZE;
 557              		.loc 1 153 0
 558 002e 094B     		ldr	r3, .L6+8
 559 0030 0522     		movs	r2, #5
 560 0032 1A60     		str	r2, [r3]
 154:.\Generated_Source\PSoC5/StripLights_fonts.c ****            StripLights_fontY = StripLights_Font5x7_YSIZE;
 561              		.loc 1 154 0
 562 0034 084B     		ldr	r3, .L6+12
 563 0036 0722     		movs	r2, #7
 564 0038 1A60     		str	r2, [r3]
 155:.\Generated_Source\PSoC5/StripLights_fonts.c ****            StripLights_fontOffset = StripLights_Font5x7_OFFSET;
 565              		.loc 1 155 0
 566 003a 084B     		ldr	r3, .L6+16
 567 003c 2022     		movs	r2, #32
 568 003e 1A60     		str	r2, [r3]
 156:.\Generated_Source\PSoC5/StripLights_fonts.c ****            break;
 569              		.loc 1 156 0
 570 0040 00BF     		nop
 571              	.L1:
 157:.\Generated_Source\PSoC5/StripLights_fonts.c ****     }
 158:.\Generated_Source\PSoC5/StripLights_fonts.c **** }
 572              		.loc 1 158 0
 573 0042 0C37     		adds	r7, r7, #12
 574              		.cfi_def_cfa_offset 4
 575 0044 BD46     		mov	sp, r7
 576              		.cfi_def_cfa_register 13
 577              		@ sp needed
 578 0046 5DF8047B 		ldr	r7, [sp], #4
 579              		.cfi_restore 7
 580              		.cfi_def_cfa_offset 0
 581 004a 7047     		bx	lr
 582              	.L7:
 583              		.align	2
ARM GAS  C:\Users\Robert\AppData\Local\Temp\cc8CsQ00.s 			page 14


 584              	.L6:
 585 004c 00000000 		.word	StripLights_fontPtr
 586 0050 00000000 		.word	StripLights_Font5x7
 587 0054 00000000 		.word	StripLights_fontX
 588 0058 00000000 		.word	StripLights_fontY
 589 005c 00000000 		.word	StripLights_fontOffset
 590              		.cfi_endproc
 591              	.LFE0:
 592              		.size	StripLights_SetFont, .-StripLights_SetFont
 593              		.section	.text.StripLights_PrintString,"ax",%progbits
 594              		.align	2
 595              		.global	StripLights_PrintString
 596              		.thumb
 597              		.thumb_func
 598              		.type	StripLights_PrintString, %function
 599              	StripLights_PrintString:
 600              	.LFB1:
 159:.\Generated_Source\PSoC5/StripLights_fonts.c **** 
 160:.\Generated_Source\PSoC5/StripLights_fonts.c **** 
 161:.\Generated_Source\PSoC5/StripLights_fonts.c **** /*******************************************************************************
 162:.\Generated_Source\PSoC5/StripLights_fonts.c **** * Function Name: StripLights_PrintString
 163:.\Generated_Source\PSoC5/StripLights_fonts.c **** ********************************************************************************
 164:.\Generated_Source\PSoC5/StripLights_fonts.c **** * Summary:
 165:.\Generated_Source\PSoC5/StripLights_fonts.c **** *   Print string at the given location.
 166:.\Generated_Source\PSoC5/StripLights_fonts.c **** *
 167:.\Generated_Source\PSoC5/StripLights_fonts.c **** * Parameters:  
 168:.\Generated_Source\PSoC5/StripLights_fonts.c **** *  uint32 xpos: X location at which to start string.
 169:.\Generated_Source\PSoC5/StripLights_fonts.c **** *  uint32 ypos: Upper Y location to place string.
 170:.\Generated_Source\PSoC5/StripLights_fonts.c **** *  char * theString:  The string to print.
 171:.\Generated_Source\PSoC5/StripLights_fonts.c **** *  uint32 fg: The forground fount color.
 172:.\Generated_Source\PSoC5/StripLights_fonts.c **** *  uint32 bg: Background color
 173:.\Generated_Source\PSoC5/StripLights_fonts.c **** *
 174:.\Generated_Source\PSoC5/StripLights_fonts.c **** * Return: 
 175:.\Generated_Source\PSoC5/StripLights_fonts.c **** *  void
 176:.\Generated_Source\PSoC5/StripLights_fonts.c **** *
 177:.\Generated_Source\PSoC5/StripLights_fonts.c **** *******************************************************************************/
 178:.\Generated_Source\PSoC5/StripLights_fonts.c **** void StripLights_PrintString(int32 xpos, int32 ypos, char * theString, uint32 fg, uint32 bg)
 179:.\Generated_Source\PSoC5/StripLights_fonts.c **** {
 601              		.loc 1 179 0
 602              		.cfi_startproc
 603              		@ args = 4, pretend = 0, frame = 32
 604              		@ frame_needed = 1, uses_anonymous_args = 0
 605 0000 B0B5     		push	{r4, r5, r7, lr}
 606              		.cfi_def_cfa_offset 16
 607              		.cfi_offset 4, -16
 608              		.cfi_offset 5, -12
 609              		.cfi_offset 7, -8
 610              		.cfi_offset 14, -4
 611 0002 8AB0     		sub	sp, sp, #40
 612              		.cfi_def_cfa_offset 56
 613 0004 02AF     		add	r7, sp, #8
 614              		.cfi_def_cfa 7, 48
 615 0006 F860     		str	r0, [r7, #12]
 616 0008 B960     		str	r1, [r7, #8]
 617 000a 7A60     		str	r2, [r7, #4]
 618 000c 3B60     		str	r3, [r7]
 180:.\Generated_Source\PSoC5/StripLights_fonts.c ****     uint32 strPos = 0;
ARM GAS  C:\Users\Robert\AppData\Local\Temp\cc8CsQ00.s 			page 15


 619              		.loc 1 180 0
 620 000e 0023     		movs	r3, #0
 621 0010 FB61     		str	r3, [r7, #28]
 181:.\Generated_Source\PSoC5/StripLights_fonts.c ****     uint32 y, yStop;
 182:.\Generated_Source\PSoC5/StripLights_fonts.c ****     #if(StripLights_MEMORY_TYPE == StripLights_MEMORY_RGB)
 183:.\Generated_Source\PSoC5/StripLights_fonts.c ****        extern uint32  StripLights_ledArray[StripLights_ROWS][StripLights_COLUMNS];
 184:.\Generated_Source\PSoC5/StripLights_fonts.c ****     #else  /* Else use lookup table */
 185:.\Generated_Source\PSoC5/StripLights_fonts.c ****        extern uint8  StripLights_ledArray[StripLights_ROWS][StripLights_COLUMNS];
 186:.\Generated_Source\PSoC5/StripLights_fonts.c ****     #endif
 187:.\Generated_Source\PSoC5/StripLights_fonts.c ****     
 188:.\Generated_Source\PSoC5/StripLights_fonts.c ****     yStop = ypos + StripLights_fontY;
 622              		.loc 1 188 0
 623 0012 394B     		ldr	r3, .L18
 624 0014 1A68     		ldr	r2, [r3]
 625 0016 BB68     		ldr	r3, [r7, #8]
 626 0018 1344     		add	r3, r3, r2
 627 001a 7B61     		str	r3, [r7, #20]
 189:.\Generated_Source\PSoC5/StripLights_fonts.c ****     if(yStop > StripLights_ROWS) yStop = StripLights_ROWS;
 628              		.loc 1 189 0
 629 001c 7B69     		ldr	r3, [r7, #20]
 630 001e 012B     		cmp	r3, #1
 631 0020 01D9     		bls	.L9
 632              		.loc 1 189 0 is_stmt 0 discriminator 1
 633 0022 0123     		movs	r3, #1
 634 0024 7B61     		str	r3, [r7, #20]
 635              	.L9:
 190:.\Generated_Source\PSoC5/StripLights_fonts.c ****     
 191:.\Generated_Source\PSoC5/StripLights_fonts.c ****     while(theString[strPos] != 0)
 636              		.loc 1 191 0 is_stmt 1
 637 0026 4EE0     		b	.L10
 638              	.L17:
 192:.\Generated_Source\PSoC5/StripLights_fonts.c ****     {
 193:.\Generated_Source\PSoC5/StripLights_fonts.c ****         if(fg == StripLights_COLORWHEEL_FONT)
 639              		.loc 1 193 0
 640 0028 3B68     		ldr	r3, [r7]
 641 002a B3F1004F 		cmp	r3, #-2147483648
 642 002e 10D1     		bne	.L11
 194:.\Generated_Source\PSoC5/StripLights_fonts.c ****         {
 195:.\Generated_Source\PSoC5/StripLights_fonts.c ****             StripLights_PutChar(xpos, ypos, theString[strPos], StripLights_ColorInc(1), bg);
 643              		.loc 1 195 0
 644 0030 7A68     		ldr	r2, [r7, #4]
 645 0032 FB69     		ldr	r3, [r7, #28]
 646 0034 1344     		add	r3, r3, r2
 647 0036 1C78     		ldrb	r4, [r3]	@ zero_extendqisi2
 648 0038 0120     		movs	r0, #1
 649 003a FFF7FEFF 		bl	StripLights_ColorInc
 650 003e 0546     		mov	r5, r0
 651 0040 3B6B     		ldr	r3, [r7, #48]
 652 0042 0093     		str	r3, [sp]
 653 0044 F868     		ldr	r0, [r7, #12]
 654 0046 B968     		ldr	r1, [r7, #8]
 655 0048 2246     		mov	r2, r4
 656 004a 2B46     		mov	r3, r5
 657 004c FFF7FEFF 		bl	StripLights_PutChar
 658 0050 0AE0     		b	.L12
 659              	.L11:
 196:.\Generated_Source\PSoC5/StripLights_fonts.c ****         }
ARM GAS  C:\Users\Robert\AppData\Local\Temp\cc8CsQ00.s 			page 16


 197:.\Generated_Source\PSoC5/StripLights_fonts.c ****         else
 198:.\Generated_Source\PSoC5/StripLights_fonts.c ****         {
 199:.\Generated_Source\PSoC5/StripLights_fonts.c ****             StripLights_PutChar(xpos, ypos, theString[strPos], fg, bg);
 660              		.loc 1 199 0
 661 0052 7A68     		ldr	r2, [r7, #4]
 662 0054 FB69     		ldr	r3, [r7, #28]
 663 0056 1344     		add	r3, r3, r2
 664 0058 1A78     		ldrb	r2, [r3]	@ zero_extendqisi2
 665 005a 3B6B     		ldr	r3, [r7, #48]
 666 005c 0093     		str	r3, [sp]
 667 005e F868     		ldr	r0, [r7, #12]
 668 0060 B968     		ldr	r1, [r7, #8]
 669 0062 3B68     		ldr	r3, [r7]
 670 0064 FFF7FEFF 		bl	StripLights_PutChar
 671              	.L12:
 200:.\Generated_Source\PSoC5/StripLights_fonts.c ****         }
 201:.\Generated_Source\PSoC5/StripLights_fonts.c ****         strPos++;
 672              		.loc 1 201 0
 673 0068 FB69     		ldr	r3, [r7, #28]
 674 006a 0133     		adds	r3, r3, #1
 675 006c FB61     		str	r3, [r7, #28]
 202:.\Generated_Source\PSoC5/StripLights_fonts.c ****         xpos += StripLights_fontX;
 676              		.loc 1 202 0
 677 006e 234B     		ldr	r3, .L18+4
 678 0070 1B68     		ldr	r3, [r3]
 679 0072 FA68     		ldr	r2, [r7, #12]
 680 0074 1344     		add	r3, r3, r2
 681 0076 FB60     		str	r3, [r7, #12]
 203:.\Generated_Source\PSoC5/StripLights_fonts.c ****         if(theString[strPos] != 0)
 682              		.loc 1 203 0
 683 0078 7A68     		ldr	r2, [r7, #4]
 684 007a FB69     		ldr	r3, [r7, #28]
 685 007c 1344     		add	r3, r3, r2
 686 007e 1B78     		ldrb	r3, [r3]	@ zero_extendqisi2
 687 0080 002B     		cmp	r3, #0
 688 0082 1DD0     		beq	.L13
 204:.\Generated_Source\PSoC5/StripLights_fonts.c ****         {
 205:.\Generated_Source\PSoC5/StripLights_fonts.c ****             for(y = ypos; y < yStop; y++ )
 689              		.loc 1 205 0
 690 0084 BB68     		ldr	r3, [r7, #8]
 691 0086 BB61     		str	r3, [r7, #24]
 692 0088 16E0     		b	.L14
 693              	.L16:
 206:.\Generated_Source\PSoC5/StripLights_fonts.c ****             {
 207:.\Generated_Source\PSoC5/StripLights_fonts.c ****                 if((y >= 0) && (y < StripLights_ROWS)&& (xpos >= 0) && (xpos < StripLights_COLUMNS)
 694              		.loc 1 207 0
 695 008a BB69     		ldr	r3, [r7, #24]
 696 008c 002B     		cmp	r3, #0
 697 008e 10D1     		bne	.L15
 698              		.loc 1 207 0 is_stmt 0 discriminator 1
 699 0090 FB68     		ldr	r3, [r7, #12]
 700 0092 002B     		cmp	r3, #0
 701 0094 0DDB     		blt	.L15
 702              		.loc 1 207 0 discriminator 2
 703 0096 FB68     		ldr	r3, [r7, #12]
 704 0098 272B     		cmp	r3, #39
 705 009a 0ADC     		bgt	.L15
ARM GAS  C:\Users\Robert\AppData\Local\Temp\cc8CsQ00.s 			page 17


 208:.\Generated_Source\PSoC5/StripLights_fonts.c ****                    StripLights_ledArray[y][xpos] = bg;
 706              		.loc 1 208 0 is_stmt 1
 707 009c 1849     		ldr	r1, .L18+8
 708 009e BA69     		ldr	r2, [r7, #24]
 709 00a0 1346     		mov	r3, r2
 710 00a2 9B00     		lsls	r3, r3, #2
 711 00a4 1344     		add	r3, r3, r2
 712 00a6 DB00     		lsls	r3, r3, #3
 713 00a8 FA68     		ldr	r2, [r7, #12]
 714 00aa 1344     		add	r3, r3, r2
 715 00ac 3A6B     		ldr	r2, [r7, #48]
 716 00ae 41F82320 		str	r2, [r1, r3, lsl #2]
 717              	.L15:
 205:.\Generated_Source\PSoC5/StripLights_fonts.c ****             {
 718              		.loc 1 205 0 discriminator 2
 719 00b2 BB69     		ldr	r3, [r7, #24]
 720 00b4 0133     		adds	r3, r3, #1
 721 00b6 BB61     		str	r3, [r7, #24]
 722              	.L14:
 205:.\Generated_Source\PSoC5/StripLights_fonts.c ****             {
 723              		.loc 1 205 0 is_stmt 0 discriminator 1
 724 00b8 BA69     		ldr	r2, [r7, #24]
 725 00ba 7B69     		ldr	r3, [r7, #20]
 726 00bc 9A42     		cmp	r2, r3
 727 00be E4D3     		bcc	.L16
 728              	.L13:
 209:.\Generated_Source\PSoC5/StripLights_fonts.c ****             }
 210:.\Generated_Source\PSoC5/StripLights_fonts.c ****         }
 211:.\Generated_Source\PSoC5/StripLights_fonts.c ****         xpos++;
 729              		.loc 1 211 0 is_stmt 1
 730 00c0 FB68     		ldr	r3, [r7, #12]
 731 00c2 0133     		adds	r3, r3, #1
 732 00c4 FB60     		str	r3, [r7, #12]
 733              	.L10:
 191:.\Generated_Source\PSoC5/StripLights_fonts.c ****     {
 734              		.loc 1 191 0
 735 00c6 7A68     		ldr	r2, [r7, #4]
 736 00c8 FB69     		ldr	r3, [r7, #28]
 737 00ca 1344     		add	r3, r3, r2
 738 00cc 1B78     		ldrb	r3, [r3]	@ zero_extendqisi2
 739 00ce 002B     		cmp	r3, #0
 740 00d0 AAD1     		bne	.L17
 212:.\Generated_Source\PSoC5/StripLights_fonts.c ****     }
 213:.\Generated_Source\PSoC5/StripLights_fonts.c ****     StripLights_DrawLine(xpos-1, ypos, xpos-1, ypos+StripLights_fontY, bg);
 741              		.loc 1 213 0
 742 00d2 FB68     		ldr	r3, [r7, #12]
 743 00d4 591E     		subs	r1, r3, #1
 744 00d6 FB68     		ldr	r3, [r7, #12]
 745 00d8 5D1E     		subs	r5, r3, #1
 746 00da 074B     		ldr	r3, .L18
 747 00dc 1A68     		ldr	r2, [r3]
 748 00de BB68     		ldr	r3, [r7, #8]
 749 00e0 D418     		adds	r4, r2, r3
 750 00e2 3B6B     		ldr	r3, [r7, #48]
 751 00e4 0093     		str	r3, [sp]
 752 00e6 0846     		mov	r0, r1
 753 00e8 B968     		ldr	r1, [r7, #8]
ARM GAS  C:\Users\Robert\AppData\Local\Temp\cc8CsQ00.s 			page 18


 754 00ea 2A46     		mov	r2, r5
 755 00ec 2346     		mov	r3, r4
 756 00ee FFF7FEFF 		bl	StripLights_DrawLine
 214:.\Generated_Source\PSoC5/StripLights_fonts.c **** }
 757              		.loc 1 214 0
 758 00f2 2037     		adds	r7, r7, #32
 759              		.cfi_def_cfa_offset 16
 760 00f4 BD46     		mov	sp, r7
 761              		.cfi_def_cfa_register 13
 762              		@ sp needed
 763 00f6 B0BD     		pop	{r4, r5, r7, pc}
 764              	.L19:
 765              		.align	2
 766              	.L18:
 767 00f8 00000000 		.word	StripLights_fontY
 768 00fc 00000000 		.word	StripLights_fontX
 769 0100 00000000 		.word	StripLights_ledArray
 770              		.cfi_endproc
 771              	.LFE1:
 772              		.size	StripLights_PrintString, .-StripLights_PrintString
 773              		.section	.text.StripLights_PutChar,"ax",%progbits
 774              		.align	2
 775              		.global	StripLights_PutChar
 776              		.thumb
 777              		.thumb_func
 778              		.type	StripLights_PutChar, %function
 779              	StripLights_PutChar:
 780              	.LFB2:
 215:.\Generated_Source\PSoC5/StripLights_fonts.c **** 
 216:.\Generated_Source\PSoC5/StripLights_fonts.c **** /*******************************************************************************
 217:.\Generated_Source\PSoC5/StripLights_fonts.c **** * Function Name: StripLights_PutChar
 218:.\Generated_Source\PSoC5/StripLights_fonts.c **** ********************************************************************************
 219:.\Generated_Source\PSoC5/StripLights_fonts.c **** * Summary:
 220:.\Generated_Source\PSoC5/StripLights_fonts.c **** *   Print character at the given location.
 221:.\Generated_Source\PSoC5/StripLights_fonts.c **** *
 222:.\Generated_Source\PSoC5/StripLights_fonts.c **** * Parameters:  
 223:.\Generated_Source\PSoC5/StripLights_fonts.c **** *  uint32 xpos: X location at which to start string.
 224:.\Generated_Source\PSoC5/StripLights_fonts.c **** *  uint32 ypos: Upper Y location to place string.
 225:.\Generated_Source\PSoC5/StripLights_fonts.c **** *  char theChar:  The character to print.
 226:.\Generated_Source\PSoC5/StripLights_fonts.c **** *  uint32 fg: The forground fount color.
 227:.\Generated_Source\PSoC5/StripLights_fonts.c **** *  uint32 bg: Background color
 228:.\Generated_Source\PSoC5/StripLights_fonts.c **** *
 229:.\Generated_Source\PSoC5/StripLights_fonts.c **** * Return: 
 230:.\Generated_Source\PSoC5/StripLights_fonts.c **** *  void
 231:.\Generated_Source\PSoC5/StripLights_fonts.c **** *
 232:.\Generated_Source\PSoC5/StripLights_fonts.c **** *******************************************************************************/
 233:.\Generated_Source\PSoC5/StripLights_fonts.c **** void StripLights_PutChar(int32 xpos, int32 ypos, uint8 theChar, uint32 fg, uint32 bg)
 234:.\Generated_Source\PSoC5/StripLights_fonts.c **** {
 781              		.loc 1 234 0
 782              		.cfi_startproc
 783              		@ args = 4, pretend = 0, frame = 40
 784              		@ frame_needed = 1, uses_anonymous_args = 0
 785              		@ link register save eliminated.
 786 0000 80B4     		push	{r7}
 787              		.cfi_def_cfa_offset 4
 788              		.cfi_offset 7, -4
 789 0002 8BB0     		sub	sp, sp, #44
ARM GAS  C:\Users\Robert\AppData\Local\Temp\cc8CsQ00.s 			page 19


 790              		.cfi_def_cfa_offset 48
 791 0004 00AF     		add	r7, sp, #0
 792              		.cfi_def_cfa_register 7
 793 0006 F860     		str	r0, [r7, #12]
 794 0008 B960     		str	r1, [r7, #8]
 795 000a 3B60     		str	r3, [r7]
 796 000c 1346     		mov	r3, r2
 797 000e FB71     		strb	r3, [r7, #7]
 235:.\Generated_Source\PSoC5/StripLights_fonts.c ****    int32 x,y, fp;
 236:.\Generated_Source\PSoC5/StripLights_fonts.c ****    uint8 mask;
 237:.\Generated_Source\PSoC5/StripLights_fonts.c ****    int32 yStop, xStop;
 238:.\Generated_Source\PSoC5/StripLights_fonts.c ****     #if(StripLights_MEMORY_TYPE == StripLights_MEMORY_RGB)
 239:.\Generated_Source\PSoC5/StripLights_fonts.c ****        extern uint32  StripLights_ledArray[StripLights_ROWS][StripLights_COLUMNS];
 240:.\Generated_Source\PSoC5/StripLights_fonts.c ****     #else  /* Else use lookup table */
 241:.\Generated_Source\PSoC5/StripLights_fonts.c ****        extern uint8  StripLights_ledArray[StripLights_ROWS][StripLights_COLUMNS];;
 242:.\Generated_Source\PSoC5/StripLights_fonts.c ****     #endif
 243:.\Generated_Source\PSoC5/StripLights_fonts.c ****    
 244:.\Generated_Source\PSoC5/StripLights_fonts.c ****    fp = (theChar - StripLights_fontOffset) * StripLights_fontX;
 798              		.loc 1 244 0
 799 0010 FA79     		ldrb	r2, [r7, #7]	@ zero_extendqisi2
 800 0012 324B     		ldr	r3, .L29
 801 0014 1B68     		ldr	r3, [r3]
 802 0016 D31A     		subs	r3, r2, r3
 803 0018 314A     		ldr	r2, .L29+4
 804 001a 1268     		ldr	r2, [r2]
 805 001c 02FB03F3 		mul	r3, r2, r3
 806 0020 FB61     		str	r3, [r7, #28]
 245:.\Generated_Source\PSoC5/StripLights_fonts.c ****    
 246:.\Generated_Source\PSoC5/StripLights_fonts.c ****    xStop = xpos + StripLights_fontX;
 807              		.loc 1 246 0
 808 0022 2F4B     		ldr	r3, .L29+4
 809 0024 1B68     		ldr	r3, [r3]
 810 0026 FA68     		ldr	r2, [r7, #12]
 811 0028 1344     		add	r3, r3, r2
 812 002a 3B61     		str	r3, [r7, #16]
 247:.\Generated_Source\PSoC5/StripLights_fonts.c ****    if(xStop > StripLights_COLUMNS) xStop = StripLights_COLUMNS;
 813              		.loc 1 247 0
 814 002c 3B69     		ldr	r3, [r7, #16]
 815 002e 282B     		cmp	r3, #40
 816 0030 01DD     		ble	.L21
 817              		.loc 1 247 0 is_stmt 0 discriminator 1
 818 0032 2823     		movs	r3, #40
 819 0034 3B61     		str	r3, [r7, #16]
 820              	.L21:
 248:.\Generated_Source\PSoC5/StripLights_fonts.c ****    
 249:.\Generated_Source\PSoC5/StripLights_fonts.c ****    yStop = ypos + StripLights_fontY;
 821              		.loc 1 249 0 is_stmt 1
 822 0036 2B4B     		ldr	r3, .L29+8
 823 0038 1B68     		ldr	r3, [r3]
 824 003a BA68     		ldr	r2, [r7, #8]
 825 003c 1344     		add	r3, r3, r2
 826 003e 7B61     		str	r3, [r7, #20]
 250:.\Generated_Source\PSoC5/StripLights_fonts.c ****    if(yStop > StripLights_ROWS) yStop = StripLights_ROWS;
 827              		.loc 1 250 0
 828 0040 7B69     		ldr	r3, [r7, #20]
 829 0042 012B     		cmp	r3, #1
 830 0044 01DD     		ble	.L22
ARM GAS  C:\Users\Robert\AppData\Local\Temp\cc8CsQ00.s 			page 20


 831              		.loc 1 250 0 is_stmt 0 discriminator 1
 832 0046 0123     		movs	r3, #1
 833 0048 7B61     		str	r3, [r7, #20]
 834              	.L22:
 251:.\Generated_Source\PSoC5/StripLights_fonts.c ****    
 252:.\Generated_Source\PSoC5/StripLights_fonts.c ****    for( x = xpos; x < xStop; x++)
 835              		.loc 1 252 0 is_stmt 1
 836 004a FB68     		ldr	r3, [r7, #12]
 837 004c 7B62     		str	r3, [r7, #36]
 838 004e 3BE0     		b	.L23
 839              	.L28:
 253:.\Generated_Source\PSoC5/StripLights_fonts.c ****    {
 254:.\Generated_Source\PSoC5/StripLights_fonts.c ****        mask = 0x01;
 840              		.loc 1 254 0
 841 0050 0123     		movs	r3, #1
 842 0052 FB76     		strb	r3, [r7, #27]
 255:.\Generated_Source\PSoC5/StripLights_fonts.c ****        for(y = ypos; y < yStop; y++)
 843              		.loc 1 255 0
 844 0054 BB68     		ldr	r3, [r7, #8]
 845 0056 3B62     		str	r3, [r7, #32]
 846 0058 2CE0     		b	.L24
 847              	.L27:
 256:.\Generated_Source\PSoC5/StripLights_fonts.c ****        {
 257:.\Generated_Source\PSoC5/StripLights_fonts.c ****           if((y >= 0) && (x >= 0))
 848              		.loc 1 257 0
 849 005a 3B6A     		ldr	r3, [r7, #32]
 850 005c 002B     		cmp	r3, #0
 851 005e 23DB     		blt	.L25
 852              		.loc 1 257 0 is_stmt 0 discriminator 1
 853 0060 7B6A     		ldr	r3, [r7, #36]
 854 0062 002B     		cmp	r3, #0
 855 0064 20DB     		blt	.L25
 258:.\Generated_Source\PSoC5/StripLights_fonts.c ****           {
 259:.\Generated_Source\PSoC5/StripLights_fonts.c ****               if(mask & StripLights_fontPtr[fp])
 856              		.loc 1 259 0 is_stmt 1
 857 0066 204B     		ldr	r3, .L29+12
 858 0068 1A68     		ldr	r2, [r3]
 859 006a FB69     		ldr	r3, [r7, #28]
 860 006c 1344     		add	r3, r3, r2
 861 006e 1A78     		ldrb	r2, [r3]	@ zero_extendqisi2
 862 0070 FB7E     		ldrb	r3, [r7, #27]
 863 0072 1340     		ands	r3, r3, r2
 864 0074 DBB2     		uxtb	r3, r3
 865 0076 002B     		cmp	r3, #0
 866 0078 0BD0     		beq	.L26
 260:.\Generated_Source\PSoC5/StripLights_fonts.c ****               {
 261:.\Generated_Source\PSoC5/StripLights_fonts.c ****                    StripLights_ledArray[y][x] = fg;   
 867              		.loc 1 261 0
 868 007a 1C49     		ldr	r1, .L29+16
 869 007c 3A6A     		ldr	r2, [r7, #32]
 870 007e 1346     		mov	r3, r2
 871 0080 9B00     		lsls	r3, r3, #2
 872 0082 1344     		add	r3, r3, r2
 873 0084 DB00     		lsls	r3, r3, #3
 874 0086 7A6A     		ldr	r2, [r7, #36]
 875 0088 1344     		add	r3, r3, r2
 876 008a 3A68     		ldr	r2, [r7]
ARM GAS  C:\Users\Robert\AppData\Local\Temp\cc8CsQ00.s 			page 21


 877 008c 41F82320 		str	r2, [r1, r3, lsl #2]
 878 0090 0AE0     		b	.L25
 879              	.L26:
 262:.\Generated_Source\PSoC5/StripLights_fonts.c ****               }
 263:.\Generated_Source\PSoC5/StripLights_fonts.c ****               else
 264:.\Generated_Source\PSoC5/StripLights_fonts.c ****               {
 265:.\Generated_Source\PSoC5/StripLights_fonts.c ****                   StripLights_ledArray[y][x] = bg;
 880              		.loc 1 265 0
 881 0092 1649     		ldr	r1, .L29+16
 882 0094 3A6A     		ldr	r2, [r7, #32]
 883 0096 1346     		mov	r3, r2
 884 0098 9B00     		lsls	r3, r3, #2
 885 009a 1344     		add	r3, r3, r2
 886 009c DB00     		lsls	r3, r3, #3
 887 009e 7A6A     		ldr	r2, [r7, #36]
 888 00a0 1344     		add	r3, r3, r2
 889 00a2 3A6B     		ldr	r2, [r7, #48]
 890 00a4 41F82320 		str	r2, [r1, r3, lsl #2]
 891              	.L25:
 266:.\Generated_Source\PSoC5/StripLights_fonts.c ****               }
 267:.\Generated_Source\PSoC5/StripLights_fonts.c ****           }
 268:.\Generated_Source\PSoC5/StripLights_fonts.c ****           mask = mask << 1;
 892              		.loc 1 268 0 discriminator 2
 893 00a8 FB7E     		ldrb	r3, [r7, #27]
 894 00aa 5B00     		lsls	r3, r3, #1
 895 00ac FB76     		strb	r3, [r7, #27]
 255:.\Generated_Source\PSoC5/StripLights_fonts.c ****        {
 896              		.loc 1 255 0 discriminator 2
 897 00ae 3B6A     		ldr	r3, [r7, #32]
 898 00b0 0133     		adds	r3, r3, #1
 899 00b2 3B62     		str	r3, [r7, #32]
 900              	.L24:
 255:.\Generated_Source\PSoC5/StripLights_fonts.c ****        {
 901              		.loc 1 255 0 is_stmt 0 discriminator 1
 902 00b4 3A6A     		ldr	r2, [r7, #32]
 903 00b6 7B69     		ldr	r3, [r7, #20]
 904 00b8 9A42     		cmp	r2, r3
 905 00ba CEDB     		blt	.L27
 269:.\Generated_Source\PSoC5/StripLights_fonts.c ****        }
 270:.\Generated_Source\PSoC5/StripLights_fonts.c ****        fp++;
 906              		.loc 1 270 0 is_stmt 1 discriminator 2
 907 00bc FB69     		ldr	r3, [r7, #28]
 908 00be 0133     		adds	r3, r3, #1
 909 00c0 FB61     		str	r3, [r7, #28]
 252:.\Generated_Source\PSoC5/StripLights_fonts.c ****    {
 910              		.loc 1 252 0 discriminator 2
 911 00c2 7B6A     		ldr	r3, [r7, #36]
 912 00c4 0133     		adds	r3, r3, #1
 913 00c6 7B62     		str	r3, [r7, #36]
 914              	.L23:
 252:.\Generated_Source\PSoC5/StripLights_fonts.c ****    {
 915              		.loc 1 252 0 is_stmt 0 discriminator 1
 916 00c8 7A6A     		ldr	r2, [r7, #36]
 917 00ca 3B69     		ldr	r3, [r7, #16]
 918 00cc 9A42     		cmp	r2, r3
 919 00ce BFDB     		blt	.L28
 271:.\Generated_Source\PSoC5/StripLights_fonts.c ****    }
ARM GAS  C:\Users\Robert\AppData\Local\Temp\cc8CsQ00.s 			page 22


 272:.\Generated_Source\PSoC5/StripLights_fonts.c **** }
 920              		.loc 1 272 0 is_stmt 1
 921 00d0 2C37     		adds	r7, r7, #44
 922              		.cfi_def_cfa_offset 4
 923 00d2 BD46     		mov	sp, r7
 924              		.cfi_def_cfa_register 13
 925              		@ sp needed
 926 00d4 5DF8047B 		ldr	r7, [sp], #4
 927              		.cfi_restore 7
 928              		.cfi_def_cfa_offset 0
 929 00d8 7047     		bx	lr
 930              	.L30:
 931 00da 00BF     		.align	2
 932              	.L29:
 933 00dc 00000000 		.word	StripLights_fontOffset
 934 00e0 00000000 		.word	StripLights_fontX
 935 00e4 00000000 		.word	StripLights_fontY
 936 00e8 00000000 		.word	StripLights_fontPtr
 937 00ec 00000000 		.word	StripLights_ledArray
 938              		.cfi_endproc
 939              	.LFE2:
 940              		.size	StripLights_PutChar, .-StripLights_PutChar
 941              		.text
 942              	.Letext0:
 943              		.file 2 ".\\Generated_Source\\PSoC5\\cytypes.h"
 944              		.section	.debug_info,"",%progbits
 945              	.Ldebug_info0:
 946 0000 A7020000 		.4byte	0x2a7
 947 0004 0400     		.2byte	0x4
 948 0006 00000000 		.4byte	.Ldebug_abbrev0
 949 000a 04       		.byte	0x4
 950 000b 01       		.uleb128 0x1
 951 000c BA000000 		.4byte	.LASF34
 952 0010 01       		.byte	0x1
 953 0011 1A020000 		.4byte	.LASF35
 954 0015 D4010000 		.4byte	.LASF36
 955 0019 00000000 		.4byte	.Ldebug_ranges0+0
 956 001d 00000000 		.4byte	0
 957 0021 00000000 		.4byte	.Ldebug_line0
 958 0025 02       		.uleb128 0x2
 959 0026 01       		.byte	0x1
 960 0027 06       		.byte	0x6
 961 0028 47020000 		.4byte	.LASF0
 962 002c 02       		.uleb128 0x2
 963 002d 01       		.byte	0x1
 964 002e 08       		.byte	0x8
 965 002f 77000000 		.4byte	.LASF1
 966 0033 02       		.uleb128 0x2
 967 0034 02       		.byte	0x2
 968 0035 05       		.byte	0x5
 969 0036 4F010000 		.4byte	.LASF2
 970 003a 02       		.uleb128 0x2
 971 003b 02       		.byte	0x2
 972 003c 07       		.byte	0x7
 973 003d 4A000000 		.4byte	.LASF3
 974 0041 02       		.uleb128 0x2
 975 0042 04       		.byte	0x4
ARM GAS  C:\Users\Robert\AppData\Local\Temp\cc8CsQ00.s 			page 23


 976 0043 05       		.byte	0x5
 977 0044 11020000 		.4byte	.LASF4
 978 0048 02       		.uleb128 0x2
 979 0049 04       		.byte	0x4
 980 004a 07       		.byte	0x7
 981 004b 8A000000 		.4byte	.LASF5
 982 004f 02       		.uleb128 0x2
 983 0050 08       		.byte	0x8
 984 0051 05       		.byte	0x5
 985 0052 AD010000 		.4byte	.LASF6
 986 0056 02       		.uleb128 0x2
 987 0057 08       		.byte	0x8
 988 0058 07       		.byte	0x7
 989 0059 87010000 		.4byte	.LASF7
 990 005d 03       		.uleb128 0x3
 991 005e 04       		.byte	0x4
 992 005f 05       		.byte	0x5
 993 0060 696E7400 		.ascii	"int\000"
 994 0064 02       		.uleb128 0x2
 995 0065 04       		.byte	0x4
 996 0066 07       		.byte	0x7
 997 0067 7A010000 		.4byte	.LASF8
 998 006b 04       		.uleb128 0x4
 999 006c 0B020000 		.4byte	.LASF9
 1000 0070 02       		.byte	0x2
 1001 0071 A1       		.byte	0xa1
 1002 0072 2C000000 		.4byte	0x2c
 1003 0076 04       		.uleb128 0x4
 1004 0077 6D010000 		.4byte	.LASF10
 1005 007b 02       		.byte	0x2
 1006 007c A3       		.byte	0xa3
 1007 007d 48000000 		.4byte	0x48
 1008 0081 04       		.uleb128 0x4
 1009 0082 9C000000 		.4byte	.LASF11
 1010 0086 02       		.byte	0x2
 1011 0087 A6       		.byte	0xa6
 1012 0088 41000000 		.4byte	0x41
 1013 008c 02       		.uleb128 0x2
 1014 008d 04       		.byte	0x4
 1015 008e 04       		.byte	0x4
 1016 008f 71000000 		.4byte	.LASF12
 1017 0093 02       		.uleb128 0x2
 1018 0094 08       		.byte	0x8
 1019 0095 04       		.byte	0x4
 1020 0096 48010000 		.4byte	.LASF13
 1021 009a 02       		.uleb128 0x2
 1022 009b 01       		.byte	0x1
 1023 009c 08       		.byte	0x8
 1024 009d 17000000 		.4byte	.LASF14
 1025 00a1 02       		.uleb128 0x2
 1026 00a2 04       		.byte	0x4
 1027 00a3 07       		.byte	0x7
 1028 00a4 A4010000 		.4byte	.LASF15
 1029 00a8 05       		.uleb128 0x5
 1030 00a9 04       		.byte	0x4
 1031 00aa 9A000000 		.4byte	0x9a
 1032 00ae 06       		.uleb128 0x6
ARM GAS  C:\Users\Robert\AppData\Local\Temp\cc8CsQ00.s 			page 24


 1033 00af 65020000 		.4byte	.LASF16
 1034 00b3 01       		.byte	0x1
 1035 00b4 8C       		.byte	0x8c
 1036 00b5 00000000 		.4byte	.LFB0
 1037 00b9 60000000 		.4byte	.LFE0-.LFB0
 1038 00bd 01       		.uleb128 0x1
 1039 00be 9C       		.byte	0x9c
 1040 00bf D2000000 		.4byte	0xd2
 1041 00c3 07       		.uleb128 0x7
 1042 00c4 85000000 		.4byte	.LASF18
 1043 00c8 01       		.byte	0x1
 1044 00c9 8C       		.byte	0x8c
 1045 00ca 76000000 		.4byte	0x76
 1046 00ce 02       		.uleb128 0x2
 1047 00cf 91       		.byte	0x91
 1048 00d0 74       		.sleb128 -12
 1049 00d1 00       		.byte	0
 1050 00d2 08       		.uleb128 0x8
 1051 00d3 A2000000 		.4byte	.LASF17
 1052 00d7 01       		.byte	0x1
 1053 00d8 B2       		.byte	0xb2
 1054 00d9 00000000 		.4byte	.LFB1
 1055 00dd 04010000 		.4byte	.LFE1-.LFB1
 1056 00e1 01       		.uleb128 0x1
 1057 00e2 9C       		.byte	0x9c
 1058 00e3 5F010000 		.4byte	0x15f
 1059 00e7 07       		.uleb128 0x7
 1060 00e8 45000000 		.4byte	.LASF19
 1061 00ec 01       		.byte	0x1
 1062 00ed B2       		.byte	0xb2
 1063 00ee 81000000 		.4byte	0x81
 1064 00f2 02       		.uleb128 0x2
 1065 00f3 91       		.byte	0x91
 1066 00f4 5C       		.sleb128 -36
 1067 00f5 07       		.uleb128 0x7
 1068 00f6 5D000000 		.4byte	.LASF20
 1069 00fa 01       		.byte	0x1
 1070 00fb B2       		.byte	0xb2
 1071 00fc 81000000 		.4byte	0x81
 1072 0100 02       		.uleb128 0x2
 1073 0101 91       		.byte	0x91
 1074 0102 58       		.sleb128 -40
 1075 0103 07       		.uleb128 0x7
 1076 0104 79020000 		.4byte	.LASF21
 1077 0108 01       		.byte	0x1
 1078 0109 B2       		.byte	0xb2
 1079 010a A8000000 		.4byte	0xa8
 1080 010e 02       		.uleb128 0x2
 1081 010f 91       		.byte	0x91
 1082 0110 54       		.sleb128 -44
 1083 0111 09       		.uleb128 0x9
 1084 0112 666700   		.ascii	"fg\000"
 1085 0115 01       		.byte	0x1
 1086 0116 B2       		.byte	0xb2
 1087 0117 76000000 		.4byte	0x76
 1088 011b 02       		.uleb128 0x2
 1089 011c 91       		.byte	0x91
ARM GAS  C:\Users\Robert\AppData\Local\Temp\cc8CsQ00.s 			page 25


 1090 011d 50       		.sleb128 -48
 1091 011e 09       		.uleb128 0x9
 1092 011f 626700   		.ascii	"bg\000"
 1093 0122 01       		.byte	0x1
 1094 0123 B2       		.byte	0xb2
 1095 0124 76000000 		.4byte	0x76
 1096 0128 02       		.uleb128 0x2
 1097 0129 91       		.byte	0x91
 1098 012a 00       		.sleb128 0
 1099 012b 0A       		.uleb128 0xa
 1100 012c 62000000 		.4byte	.LASF22
 1101 0130 01       		.byte	0x1
 1102 0131 B4       		.byte	0xb4
 1103 0132 76000000 		.4byte	0x76
 1104 0136 02       		.uleb128 0x2
 1105 0137 91       		.byte	0x91
 1106 0138 6C       		.sleb128 -20
 1107 0139 0B       		.uleb128 0xb
 1108 013a 7900     		.ascii	"y\000"
 1109 013c 01       		.byte	0x1
 1110 013d B5       		.byte	0xb5
 1111 013e 76000000 		.4byte	0x76
 1112 0142 02       		.uleb128 0x2
 1113 0143 91       		.byte	0x91
 1114 0144 68       		.sleb128 -24
 1115 0145 0A       		.uleb128 0xa
 1116 0146 74010000 		.4byte	.LASF23
 1117 014a 01       		.byte	0x1
 1118 014b B5       		.byte	0xb5
 1119 014c 76000000 		.4byte	0x76
 1120 0150 02       		.uleb128 0x2
 1121 0151 91       		.byte	0x91
 1122 0152 64       		.sleb128 -28
 1123 0153 0C       		.uleb128 0xc
 1124 0154 30000000 		.4byte	.LASF28
 1125 0158 01       		.byte	0x1
 1126 0159 B7       		.byte	0xb7
 1127 015a 5F010000 		.4byte	0x15f
 1128 015e 00       		.byte	0
 1129 015f 0D       		.uleb128 0xd
 1130 0160 76000000 		.4byte	0x76
 1131 0164 75010000 		.4byte	0x175
 1132 0168 0E       		.uleb128 0xe
 1133 0169 A1000000 		.4byte	0xa1
 1134 016d 00       		.byte	0
 1135 016e 0E       		.uleb128 0xe
 1136 016f A1000000 		.4byte	0xa1
 1137 0173 27       		.byte	0x27
 1138 0174 00       		.byte	0
 1139 0175 06       		.uleb128 0x6
 1140 0176 C0010000 		.4byte	.LASF24
 1141 017a 01       		.byte	0x1
 1142 017b E9       		.byte	0xe9
 1143 017c 00000000 		.4byte	.LFB2
 1144 0180 F0000000 		.4byte	.LFE2-.LFB2
 1145 0184 01       		.uleb128 0x1
 1146 0185 9C       		.byte	0x9c
ARM GAS  C:\Users\Robert\AppData\Local\Temp\cc8CsQ00.s 			page 26


 1147 0186 29020000 		.4byte	0x229
 1148 018a 07       		.uleb128 0x7
 1149 018b 45000000 		.4byte	.LASF19
 1150 018f 01       		.byte	0x1
 1151 0190 E9       		.byte	0xe9
 1152 0191 81000000 		.4byte	0x81
 1153 0195 02       		.uleb128 0x2
 1154 0196 91       		.byte	0x91
 1155 0197 5C       		.sleb128 -36
 1156 0198 07       		.uleb128 0x7
 1157 0199 5D000000 		.4byte	.LASF20
 1158 019d 01       		.byte	0x1
 1159 019e E9       		.byte	0xe9
 1160 019f 81000000 		.4byte	0x81
 1161 01a3 02       		.uleb128 0x2
 1162 01a4 91       		.byte	0x91
 1163 01a5 58       		.sleb128 -40
 1164 01a6 07       		.uleb128 0x7
 1165 01a7 69000000 		.4byte	.LASF25
 1166 01ab 01       		.byte	0x1
 1167 01ac E9       		.byte	0xe9
 1168 01ad 6B000000 		.4byte	0x6b
 1169 01b1 02       		.uleb128 0x2
 1170 01b2 91       		.byte	0x91
 1171 01b3 57       		.sleb128 -41
 1172 01b4 09       		.uleb128 0x9
 1173 01b5 666700   		.ascii	"fg\000"
 1174 01b8 01       		.byte	0x1
 1175 01b9 E9       		.byte	0xe9
 1176 01ba 76000000 		.4byte	0x76
 1177 01be 02       		.uleb128 0x2
 1178 01bf 91       		.byte	0x91
 1179 01c0 50       		.sleb128 -48
 1180 01c1 09       		.uleb128 0x9
 1181 01c2 626700   		.ascii	"bg\000"
 1182 01c5 01       		.byte	0x1
 1183 01c6 E9       		.byte	0xe9
 1184 01c7 76000000 		.4byte	0x76
 1185 01cb 02       		.uleb128 0x2
 1186 01cc 91       		.byte	0x91
 1187 01cd 00       		.sleb128 0
 1188 01ce 0B       		.uleb128 0xb
 1189 01cf 7800     		.ascii	"x\000"
 1190 01d1 01       		.byte	0x1
 1191 01d2 EB       		.byte	0xeb
 1192 01d3 81000000 		.4byte	0x81
 1193 01d7 02       		.uleb128 0x2
 1194 01d8 91       		.byte	0x91
 1195 01d9 74       		.sleb128 -12
 1196 01da 0B       		.uleb128 0xb
 1197 01db 7900     		.ascii	"y\000"
 1198 01dd 01       		.byte	0x1
 1199 01de EB       		.byte	0xeb
 1200 01df 81000000 		.4byte	0x81
 1201 01e3 02       		.uleb128 0x2
 1202 01e4 91       		.byte	0x91
 1203 01e5 70       		.sleb128 -16
ARM GAS  C:\Users\Robert\AppData\Local\Temp\cc8CsQ00.s 			page 27


 1204 01e6 0B       		.uleb128 0xb
 1205 01e7 667000   		.ascii	"fp\000"
 1206 01ea 01       		.byte	0x1
 1207 01eb EB       		.byte	0xeb
 1208 01ec 81000000 		.4byte	0x81
 1209 01f0 02       		.uleb128 0x2
 1210 01f1 91       		.byte	0x91
 1211 01f2 6C       		.sleb128 -20
 1212 01f3 0A       		.uleb128 0xa
 1213 01f4 BB010000 		.4byte	.LASF26
 1214 01f8 01       		.byte	0x1
 1215 01f9 EC       		.byte	0xec
 1216 01fa 6B000000 		.4byte	0x6b
 1217 01fe 02       		.uleb128 0x2
 1218 01ff 91       		.byte	0x91
 1219 0200 6B       		.sleb128 -21
 1220 0201 0A       		.uleb128 0xa
 1221 0202 74010000 		.4byte	.LASF23
 1222 0206 01       		.byte	0x1
 1223 0207 ED       		.byte	0xed
 1224 0208 81000000 		.4byte	0x81
 1225 020c 02       		.uleb128 0x2
 1226 020d 91       		.byte	0x91
 1227 020e 64       		.sleb128 -28
 1228 020f 0A       		.uleb128 0xa
 1229 0210 9E010000 		.4byte	.LASF27
 1230 0214 01       		.byte	0x1
 1231 0215 ED       		.byte	0xed
 1232 0216 81000000 		.4byte	0x81
 1233 021a 02       		.uleb128 0x2
 1234 021b 91       		.byte	0x91
 1235 021c 60       		.sleb128 -32
 1236 021d 0C       		.uleb128 0xc
 1237 021e 30000000 		.4byte	.LASF28
 1238 0222 01       		.byte	0x1
 1239 0223 EF       		.byte	0xef
 1240 0224 5F010000 		.4byte	0x15f
 1241 0228 00       		.byte	0
 1242 0229 0F       		.uleb128 0xf
 1243 022a 59010000 		.4byte	.LASF29
 1244 022e 01       		.byte	0x1
 1245 022f 13       		.byte	0x13
 1246 0230 3A020000 		.4byte	0x23a
 1247 0234 05       		.uleb128 0x5
 1248 0235 03       		.byte	0x3
 1249 0236 00000000 		.4byte	StripLights_fontPtr
 1250 023a 05       		.uleb128 0x5
 1251 023b 04       		.byte	0x4
 1252 023c 40020000 		.4byte	0x240
 1253 0240 10       		.uleb128 0x10
 1254 0241 6B000000 		.4byte	0x6b
 1255 0245 0F       		.uleb128 0xf
 1256 0246 53020000 		.4byte	.LASF30
 1257 024a 01       		.byte	0x1
 1258 024b 14       		.byte	0x14
 1259 024c 81000000 		.4byte	0x81
 1260 0250 05       		.uleb128 0x5
ARM GAS  C:\Users\Robert\AppData\Local\Temp\cc8CsQ00.s 			page 28


 1261 0251 03       		.byte	0x3
 1262 0252 00000000 		.4byte	StripLights_fontX
 1263 0256 0F       		.uleb128 0xf
 1264 0257 83020000 		.4byte	.LASF31
 1265 025b 01       		.byte	0x1
 1266 025c 15       		.byte	0x15
 1267 025d 81000000 		.4byte	0x81
 1268 0261 05       		.uleb128 0x5
 1269 0262 03       		.byte	0x3
 1270 0263 00000000 		.4byte	StripLights_fontY
 1271 0267 0F       		.uleb128 0xf
 1272 0268 00000000 		.4byte	.LASF32
 1273 026c 01       		.byte	0x1
 1274 026d 16       		.byte	0x16
 1275 026e 81000000 		.4byte	0x81
 1276 0272 05       		.uleb128 0x5
 1277 0273 03       		.byte	0x3
 1278 0274 00000000 		.4byte	StripLights_fontOffset
 1279 0278 0D       		.uleb128 0xd
 1280 0279 6B000000 		.4byte	0x6b
 1281 027d 89020000 		.4byte	0x289
 1282 0281 11       		.uleb128 0x11
 1283 0282 A1000000 		.4byte	0xa1
 1284 0286 DF01     		.2byte	0x1df
 1285 0288 00       		.byte	0
 1286 0289 0F       		.uleb128 0xf
 1287 028a 1C000000 		.4byte	.LASF33
 1288 028e 01       		.byte	0x1
 1289 028f 1B       		.byte	0x1b
 1290 0290 9A020000 		.4byte	0x29a
 1291 0294 05       		.uleb128 0x5
 1292 0295 03       		.byte	0x3
 1293 0296 00000000 		.4byte	StripLights_Font5x7
 1294 029a 10       		.uleb128 0x10
 1295 029b 78020000 		.4byte	0x278
 1296 029f 0C       		.uleb128 0xc
 1297 02a0 30000000 		.4byte	.LASF28
 1298 02a4 01       		.byte	0x1
 1299 02a5 EF       		.byte	0xef
 1300 02a6 5F010000 		.4byte	0x15f
 1301 02aa 00       		.byte	0
 1302              		.section	.debug_abbrev,"",%progbits
 1303              	.Ldebug_abbrev0:
 1304 0000 01       		.uleb128 0x1
 1305 0001 11       		.uleb128 0x11
 1306 0002 01       		.byte	0x1
 1307 0003 25       		.uleb128 0x25
 1308 0004 0E       		.uleb128 0xe
 1309 0005 13       		.uleb128 0x13
 1310 0006 0B       		.uleb128 0xb
 1311 0007 03       		.uleb128 0x3
 1312 0008 0E       		.uleb128 0xe
 1313 0009 1B       		.uleb128 0x1b
 1314 000a 0E       		.uleb128 0xe
 1315 000b 55       		.uleb128 0x55
 1316 000c 17       		.uleb128 0x17
 1317 000d 11       		.uleb128 0x11
ARM GAS  C:\Users\Robert\AppData\Local\Temp\cc8CsQ00.s 			page 29


 1318 000e 01       		.uleb128 0x1
 1319 000f 10       		.uleb128 0x10
 1320 0010 17       		.uleb128 0x17
 1321 0011 00       		.byte	0
 1322 0012 00       		.byte	0
 1323 0013 02       		.uleb128 0x2
 1324 0014 24       		.uleb128 0x24
 1325 0015 00       		.byte	0
 1326 0016 0B       		.uleb128 0xb
 1327 0017 0B       		.uleb128 0xb
 1328 0018 3E       		.uleb128 0x3e
 1329 0019 0B       		.uleb128 0xb
 1330 001a 03       		.uleb128 0x3
 1331 001b 0E       		.uleb128 0xe
 1332 001c 00       		.byte	0
 1333 001d 00       		.byte	0
 1334 001e 03       		.uleb128 0x3
 1335 001f 24       		.uleb128 0x24
 1336 0020 00       		.byte	0
 1337 0021 0B       		.uleb128 0xb
 1338 0022 0B       		.uleb128 0xb
 1339 0023 3E       		.uleb128 0x3e
 1340 0024 0B       		.uleb128 0xb
 1341 0025 03       		.uleb128 0x3
 1342 0026 08       		.uleb128 0x8
 1343 0027 00       		.byte	0
 1344 0028 00       		.byte	0
 1345 0029 04       		.uleb128 0x4
 1346 002a 16       		.uleb128 0x16
 1347 002b 00       		.byte	0
 1348 002c 03       		.uleb128 0x3
 1349 002d 0E       		.uleb128 0xe
 1350 002e 3A       		.uleb128 0x3a
 1351 002f 0B       		.uleb128 0xb
 1352 0030 3B       		.uleb128 0x3b
 1353 0031 0B       		.uleb128 0xb
 1354 0032 49       		.uleb128 0x49
 1355 0033 13       		.uleb128 0x13
 1356 0034 00       		.byte	0
 1357 0035 00       		.byte	0
 1358 0036 05       		.uleb128 0x5
 1359 0037 0F       		.uleb128 0xf
 1360 0038 00       		.byte	0
 1361 0039 0B       		.uleb128 0xb
 1362 003a 0B       		.uleb128 0xb
 1363 003b 49       		.uleb128 0x49
 1364 003c 13       		.uleb128 0x13
 1365 003d 00       		.byte	0
 1366 003e 00       		.byte	0
 1367 003f 06       		.uleb128 0x6
 1368 0040 2E       		.uleb128 0x2e
 1369 0041 01       		.byte	0x1
 1370 0042 3F       		.uleb128 0x3f
 1371 0043 19       		.uleb128 0x19
 1372 0044 03       		.uleb128 0x3
 1373 0045 0E       		.uleb128 0xe
 1374 0046 3A       		.uleb128 0x3a
ARM GAS  C:\Users\Robert\AppData\Local\Temp\cc8CsQ00.s 			page 30


 1375 0047 0B       		.uleb128 0xb
 1376 0048 3B       		.uleb128 0x3b
 1377 0049 0B       		.uleb128 0xb
 1378 004a 27       		.uleb128 0x27
 1379 004b 19       		.uleb128 0x19
 1380 004c 11       		.uleb128 0x11
 1381 004d 01       		.uleb128 0x1
 1382 004e 12       		.uleb128 0x12
 1383 004f 06       		.uleb128 0x6
 1384 0050 40       		.uleb128 0x40
 1385 0051 18       		.uleb128 0x18
 1386 0052 9742     		.uleb128 0x2117
 1387 0054 19       		.uleb128 0x19
 1388 0055 01       		.uleb128 0x1
 1389 0056 13       		.uleb128 0x13
 1390 0057 00       		.byte	0
 1391 0058 00       		.byte	0
 1392 0059 07       		.uleb128 0x7
 1393 005a 05       		.uleb128 0x5
 1394 005b 00       		.byte	0
 1395 005c 03       		.uleb128 0x3
 1396 005d 0E       		.uleb128 0xe
 1397 005e 3A       		.uleb128 0x3a
 1398 005f 0B       		.uleb128 0xb
 1399 0060 3B       		.uleb128 0x3b
 1400 0061 0B       		.uleb128 0xb
 1401 0062 49       		.uleb128 0x49
 1402 0063 13       		.uleb128 0x13
 1403 0064 02       		.uleb128 0x2
 1404 0065 18       		.uleb128 0x18
 1405 0066 00       		.byte	0
 1406 0067 00       		.byte	0
 1407 0068 08       		.uleb128 0x8
 1408 0069 2E       		.uleb128 0x2e
 1409 006a 01       		.byte	0x1
 1410 006b 3F       		.uleb128 0x3f
 1411 006c 19       		.uleb128 0x19
 1412 006d 03       		.uleb128 0x3
 1413 006e 0E       		.uleb128 0xe
 1414 006f 3A       		.uleb128 0x3a
 1415 0070 0B       		.uleb128 0xb
 1416 0071 3B       		.uleb128 0x3b
 1417 0072 0B       		.uleb128 0xb
 1418 0073 27       		.uleb128 0x27
 1419 0074 19       		.uleb128 0x19
 1420 0075 11       		.uleb128 0x11
 1421 0076 01       		.uleb128 0x1
 1422 0077 12       		.uleb128 0x12
 1423 0078 06       		.uleb128 0x6
 1424 0079 40       		.uleb128 0x40
 1425 007a 18       		.uleb128 0x18
 1426 007b 9642     		.uleb128 0x2116
 1427 007d 19       		.uleb128 0x19
 1428 007e 01       		.uleb128 0x1
 1429 007f 13       		.uleb128 0x13
 1430 0080 00       		.byte	0
 1431 0081 00       		.byte	0
ARM GAS  C:\Users\Robert\AppData\Local\Temp\cc8CsQ00.s 			page 31


 1432 0082 09       		.uleb128 0x9
 1433 0083 05       		.uleb128 0x5
 1434 0084 00       		.byte	0
 1435 0085 03       		.uleb128 0x3
 1436 0086 08       		.uleb128 0x8
 1437 0087 3A       		.uleb128 0x3a
 1438 0088 0B       		.uleb128 0xb
 1439 0089 3B       		.uleb128 0x3b
 1440 008a 0B       		.uleb128 0xb
 1441 008b 49       		.uleb128 0x49
 1442 008c 13       		.uleb128 0x13
 1443 008d 02       		.uleb128 0x2
 1444 008e 18       		.uleb128 0x18
 1445 008f 00       		.byte	0
 1446 0090 00       		.byte	0
 1447 0091 0A       		.uleb128 0xa
 1448 0092 34       		.uleb128 0x34
 1449 0093 00       		.byte	0
 1450 0094 03       		.uleb128 0x3
 1451 0095 0E       		.uleb128 0xe
 1452 0096 3A       		.uleb128 0x3a
 1453 0097 0B       		.uleb128 0xb
 1454 0098 3B       		.uleb128 0x3b
 1455 0099 0B       		.uleb128 0xb
 1456 009a 49       		.uleb128 0x49
 1457 009b 13       		.uleb128 0x13
 1458 009c 02       		.uleb128 0x2
 1459 009d 18       		.uleb128 0x18
 1460 009e 00       		.byte	0
 1461 009f 00       		.byte	0
 1462 00a0 0B       		.uleb128 0xb
 1463 00a1 34       		.uleb128 0x34
 1464 00a2 00       		.byte	0
 1465 00a3 03       		.uleb128 0x3
 1466 00a4 08       		.uleb128 0x8
 1467 00a5 3A       		.uleb128 0x3a
 1468 00a6 0B       		.uleb128 0xb
 1469 00a7 3B       		.uleb128 0x3b
 1470 00a8 0B       		.uleb128 0xb
 1471 00a9 49       		.uleb128 0x49
 1472 00aa 13       		.uleb128 0x13
 1473 00ab 02       		.uleb128 0x2
 1474 00ac 18       		.uleb128 0x18
 1475 00ad 00       		.byte	0
 1476 00ae 00       		.byte	0
 1477 00af 0C       		.uleb128 0xc
 1478 00b0 34       		.uleb128 0x34
 1479 00b1 00       		.byte	0
 1480 00b2 03       		.uleb128 0x3
 1481 00b3 0E       		.uleb128 0xe
 1482 00b4 3A       		.uleb128 0x3a
 1483 00b5 0B       		.uleb128 0xb
 1484 00b6 3B       		.uleb128 0x3b
 1485 00b7 0B       		.uleb128 0xb
 1486 00b8 49       		.uleb128 0x49
 1487 00b9 13       		.uleb128 0x13
 1488 00ba 3F       		.uleb128 0x3f
ARM GAS  C:\Users\Robert\AppData\Local\Temp\cc8CsQ00.s 			page 32


 1489 00bb 19       		.uleb128 0x19
 1490 00bc 3C       		.uleb128 0x3c
 1491 00bd 19       		.uleb128 0x19
 1492 00be 00       		.byte	0
 1493 00bf 00       		.byte	0
 1494 00c0 0D       		.uleb128 0xd
 1495 00c1 01       		.uleb128 0x1
 1496 00c2 01       		.byte	0x1
 1497 00c3 49       		.uleb128 0x49
 1498 00c4 13       		.uleb128 0x13
 1499 00c5 01       		.uleb128 0x1
 1500 00c6 13       		.uleb128 0x13
 1501 00c7 00       		.byte	0
 1502 00c8 00       		.byte	0
 1503 00c9 0E       		.uleb128 0xe
 1504 00ca 21       		.uleb128 0x21
 1505 00cb 00       		.byte	0
 1506 00cc 49       		.uleb128 0x49
 1507 00cd 13       		.uleb128 0x13
 1508 00ce 2F       		.uleb128 0x2f
 1509 00cf 0B       		.uleb128 0xb
 1510 00d0 00       		.byte	0
 1511 00d1 00       		.byte	0
 1512 00d2 0F       		.uleb128 0xf
 1513 00d3 34       		.uleb128 0x34
 1514 00d4 00       		.byte	0
 1515 00d5 03       		.uleb128 0x3
 1516 00d6 0E       		.uleb128 0xe
 1517 00d7 3A       		.uleb128 0x3a
 1518 00d8 0B       		.uleb128 0xb
 1519 00d9 3B       		.uleb128 0x3b
 1520 00da 0B       		.uleb128 0xb
 1521 00db 49       		.uleb128 0x49
 1522 00dc 13       		.uleb128 0x13
 1523 00dd 3F       		.uleb128 0x3f
 1524 00de 19       		.uleb128 0x19
 1525 00df 02       		.uleb128 0x2
 1526 00e0 18       		.uleb128 0x18
 1527 00e1 00       		.byte	0
 1528 00e2 00       		.byte	0
 1529 00e3 10       		.uleb128 0x10
 1530 00e4 26       		.uleb128 0x26
 1531 00e5 00       		.byte	0
 1532 00e6 49       		.uleb128 0x49
 1533 00e7 13       		.uleb128 0x13
 1534 00e8 00       		.byte	0
 1535 00e9 00       		.byte	0
 1536 00ea 11       		.uleb128 0x11
 1537 00eb 21       		.uleb128 0x21
 1538 00ec 00       		.byte	0
 1539 00ed 49       		.uleb128 0x49
 1540 00ee 13       		.uleb128 0x13
 1541 00ef 2F       		.uleb128 0x2f
 1542 00f0 05       		.uleb128 0x5
 1543 00f1 00       		.byte	0
 1544 00f2 00       		.byte	0
 1545 00f3 00       		.byte	0
ARM GAS  C:\Users\Robert\AppData\Local\Temp\cc8CsQ00.s 			page 33


 1546              		.section	.debug_aranges,"",%progbits
 1547 0000 2C000000 		.4byte	0x2c
 1548 0004 0200     		.2byte	0x2
 1549 0006 00000000 		.4byte	.Ldebug_info0
 1550 000a 04       		.byte	0x4
 1551 000b 00       		.byte	0
 1552 000c 0000     		.2byte	0
 1553 000e 0000     		.2byte	0
 1554 0010 00000000 		.4byte	.LFB0
 1555 0014 60000000 		.4byte	.LFE0-.LFB0
 1556 0018 00000000 		.4byte	.LFB1
 1557 001c 04010000 		.4byte	.LFE1-.LFB1
 1558 0020 00000000 		.4byte	.LFB2
 1559 0024 F0000000 		.4byte	.LFE2-.LFB2
 1560 0028 00000000 		.4byte	0
 1561 002c 00000000 		.4byte	0
 1562              		.section	.debug_ranges,"",%progbits
 1563              	.Ldebug_ranges0:
 1564 0000 00000000 		.4byte	.LFB0
 1565 0004 60000000 		.4byte	.LFE0
 1566 0008 00000000 		.4byte	.LFB1
 1567 000c 04010000 		.4byte	.LFE1
 1568 0010 00000000 		.4byte	.LFB2
 1569 0014 F0000000 		.4byte	.LFE2
 1570 0018 00000000 		.4byte	0
 1571 001c 00000000 		.4byte	0
 1572              		.section	.debug_line,"",%progbits
 1573              	.Ldebug_line0:
 1574 0000 15010000 		.section	.debug_str,"MS",%progbits,1
 1574      02005000 
 1574      00000201 
 1574      FB0E0D00 
 1574      01010101 
 1575              	.LASF32:
 1576 0000 53747269 		.ascii	"StripLights_fontOffset\000"
 1576      704C6967 
 1576      6874735F 
 1576      666F6E74 
 1576      4F666673 
 1577              	.LASF14:
 1578 0017 63686172 		.ascii	"char\000"
 1578      00
 1579              	.LASF33:
 1580 001c 53747269 		.ascii	"StripLights_Font5x7\000"
 1580      704C6967 
 1580      6874735F 
 1580      466F6E74 
 1580      35783700 
 1581              	.LASF28:
 1582 0030 53747269 		.ascii	"StripLights_ledArray\000"
 1582      704C6967 
 1582      6874735F 
 1582      6C656441 
 1582      72726179 
 1583              	.LASF19:
 1584 0045 78706F73 		.ascii	"xpos\000"
 1584      00
ARM GAS  C:\Users\Robert\AppData\Local\Temp\cc8CsQ00.s 			page 34


 1585              	.LASF3:
 1586 004a 73686F72 		.ascii	"short unsigned int\000"
 1586      7420756E 
 1586      7369676E 
 1586      65642069 
 1586      6E7400
 1587              	.LASF20:
 1588 005d 79706F73 		.ascii	"ypos\000"
 1588      00
 1589              	.LASF22:
 1590 0062 73747250 		.ascii	"strPos\000"
 1590      6F7300
 1591              	.LASF25:
 1592 0069 74686543 		.ascii	"theChar\000"
 1592      68617200 
 1593              	.LASF12:
 1594 0071 666C6F61 		.ascii	"float\000"
 1594      7400
 1595              	.LASF1:
 1596 0077 756E7369 		.ascii	"unsigned char\000"
 1596      676E6564 
 1596      20636861 
 1596      7200
 1597              	.LASF18:
 1598 0085 666F6E74 		.ascii	"font\000"
 1598      00
 1599              	.LASF5:
 1600 008a 6C6F6E67 		.ascii	"long unsigned int\000"
 1600      20756E73 
 1600      69676E65 
 1600      6420696E 
 1600      7400
 1601              	.LASF11:
 1602 009c 696E7433 		.ascii	"int32\000"
 1602      3200
 1603              	.LASF17:
 1604 00a2 53747269 		.ascii	"StripLights_PrintString\000"
 1604      704C6967 
 1604      6874735F 
 1604      5072696E 
 1604      74537472 
 1605              	.LASF34:
 1606 00ba 474E5520 		.ascii	"GNU C 4.9.3 20150303 (release) [ARM/embedded-4_9-br"
 1606      4320342E 
 1606      392E3320 
 1606      32303135 
 1606      30333033 
 1607 00ed 616E6368 		.ascii	"anch revision 221220] -mcpu=cortex-m3 -mthumb -g -O"
 1607      20726576 
 1607      6973696F 
 1607      6E203232 
 1607      31323230 
 1608 0120 30202D66 		.ascii	"0 -ffunction-sections -ffat-lto-objects\000"
 1608      66756E63 
 1608      74696F6E 
 1608      2D736563 
 1608      74696F6E 
ARM GAS  C:\Users\Robert\AppData\Local\Temp\cc8CsQ00.s 			page 35


 1609              	.LASF13:
 1610 0148 646F7562 		.ascii	"double\000"
 1610      6C6500
 1611              	.LASF2:
 1612 014f 73686F72 		.ascii	"short int\000"
 1612      7420696E 
 1612      7400
 1613              	.LASF29:
 1614 0159 53747269 		.ascii	"StripLights_fontPtr\000"
 1614      704C6967 
 1614      6874735F 
 1614      666F6E74 
 1614      50747200 
 1615              	.LASF10:
 1616 016d 75696E74 		.ascii	"uint32\000"
 1616      333200
 1617              	.LASF23:
 1618 0174 7953746F 		.ascii	"yStop\000"
 1618      7000
 1619              	.LASF8:
 1620 017a 756E7369 		.ascii	"unsigned int\000"
 1620      676E6564 
 1620      20696E74 
 1620      00
 1621              	.LASF7:
 1622 0187 6C6F6E67 		.ascii	"long long unsigned int\000"
 1622      206C6F6E 
 1622      6720756E 
 1622      7369676E 
 1622      65642069 
 1623              	.LASF27:
 1624 019e 7853746F 		.ascii	"xStop\000"
 1624      7000
 1625              	.LASF15:
 1626 01a4 73697A65 		.ascii	"sizetype\000"
 1626      74797065 
 1626      00
 1627              	.LASF6:
 1628 01ad 6C6F6E67 		.ascii	"long long int\000"
 1628      206C6F6E 
 1628      6720696E 
 1628      7400
 1629              	.LASF26:
 1630 01bb 6D61736B 		.ascii	"mask\000"
 1630      00
 1631              	.LASF24:
 1632 01c0 53747269 		.ascii	"StripLights_PutChar\000"
 1632      704C6967 
 1632      6874735F 
 1632      50757443 
 1632      68617200 
 1633              	.LASF36:
 1634 01d4 433A5C55 		.ascii	"C:\\Users\\Robert\\workspace\\embedit\\linx\\PSoC_2"
 1634      73657273 
 1634      5C526F62 
 1634      6572745C 
 1634      776F726B 
ARM GAS  C:\Users\Robert\AppData\Local\Temp\cc8CsQ00.s 			page 36


 1635 0201 5F50692E 		.ascii	"_Pi.cydsn\000"
 1635      63796473 
 1635      6E00
 1636              	.LASF9:
 1637 020b 75696E74 		.ascii	"uint8\000"
 1637      3800
 1638              	.LASF4:
 1639 0211 6C6F6E67 		.ascii	"long int\000"
 1639      20696E74 
 1639      00
 1640              	.LASF35:
 1641 021a 2E5C4765 		.ascii	".\\Generated_Source\\PSoC5\\StripLights_fonts.c\000"
 1641      6E657261 
 1641      7465645F 
 1641      536F7572 
 1641      63655C50 
 1642              	.LASF0:
 1643 0247 7369676E 		.ascii	"signed char\000"
 1643      65642063 
 1643      68617200 
 1644              	.LASF30:
 1645 0253 53747269 		.ascii	"StripLights_fontX\000"
 1645      704C6967 
 1645      6874735F 
 1645      666F6E74 
 1645      5800
 1646              	.LASF16:
 1647 0265 53747269 		.ascii	"StripLights_SetFont\000"
 1647      704C6967 
 1647      6874735F 
 1647      53657446 
 1647      6F6E7400 
 1648              	.LASF21:
 1649 0279 74686553 		.ascii	"theString\000"
 1649      7472696E 
 1649      6700
 1650              	.LASF31:
 1651 0283 53747269 		.ascii	"StripLights_fontY\000"
 1651      704C6967 
 1651      6874735F 
 1651      666F6E74 
 1651      5900
 1652              		.ident	"GCC: (GNU Tools for ARM Embedded Processors) 4.9.3 20150303 (release) [ARM/embedded-4_9-br
